00:39:31 **** Build of configuration GCC_parallel for project BilatTools_CPP ****
cbicc gcc jall 

--------------------------------------------------------
[Runtime] : gcc x86
--------------------------------------------------------


[cuda]        : /usr/local

[jni]         : /usr/lib/jvm/java-11-openjdk-amd64

[X11]         : /usr/include/X11

[MKL]         : /opt/intel/mkl

[boost]       : /opt/api/ext/boost

[opencv]      : /opt/api/ext/opencv

[cpptest]     : /opt/api/ext/cpptest

[gphoto2]     : /opt/api/ext/gphoto2

[urg]         : /opt/api/ext/urg

[wic]         : /opt/api/ext/wic 

[pleora]      : /opt/api/ext/pleora

[glm]      : /opt/api/ext/GLM

[dronecode]         : /opt/api/ext/dronecode

[Runtime] : BILAT_INFOGRAPHIE           /opt/api/cbi/infographie

     BILAT_TOOLS_JST_HOME             = /opt/api/cbi/infographie/tools
     BILAT_OPENGL_HOME                = /opt/api/cbi/infographie/opengl
     BILAT_FENETRAGE_HOME             = /opt/api/cbi/infographie/fenetrage
     BILAT_IMAGE_HOME                 = /opt/api/cbi/infographie/image
     BILAT_SCENE_3D_HOME              = /opt/api/cbi/infographie/scene3d

[Runtime] : BILAT_TOOLS                 /opt/api/cbi/tools

     BILAT_TOOLS_CPP_HOME             = /opt/api/cbi/tools/bilat_tools_cpp
     BILAT_TOOLS_OMP_HOME             = /opt/api/cbi/tools/bilat_tools_omp
     BILAT_TOOLS_CUDA_HOME            = /opt/api/cbi/tools/bilat_tools_cuda
     BILAT_TOOLS_MKL_HOME             = /opt/api/cbi/tools/bilat_tools_mkl
     BILAT_TOOLS_OPENCV_HOME          = /opt/api/cbi/tools/bilat_tools_opencv
     BILAT_TOOLS_V4L_HOME             = /opt/api/cbi/tools/bilat_tools_v4l
     BILAT_TOOLS_CUDA_IMAGE_HOME      = /opt/api/cbi/tools/bilat_tools_cuda_image
     BILAT_TOOLS_CUDA_IMAGE_CV_HOME   = /opt/api/cbi/tools/bilat_tools_cuda_image_cv
     BILAT_TOOLS_IMAGE_HOME           = /opt/api/cbi/tools/bilat_tools_image
     BILAT_TOOLS_IMAGE_CV_HOME        = /opt/api/cbi/tools/bilat_tools_image_cv
     BILAT_TOOLS_CUDA_3D_HOME         = /opt/api/cbi/tools/bilat_tools_cuda_3D
     BILAT_TOOLS_JNI_HOME             = /opt/api/cbi/tools/bilat_tools_jni

[Runtime] : BILAT_CAPTEUR               /opt/api/cbi/capteur

     BILAT_GPHOTO2_HOME                 = /opt/api/cbi/capteur/bilat_gphoto2
     BILAT_LASER_HOME                   = /opt/api/cbi/capteur/bilat_laser
     BILAT_LIDAR_HOME                   = /opt/api/cbi/capteur/bilat_lidar
     BILAT_TAU2_HOME                    = /opt/api/cbi/capteur/bilat_tau2
     BILAT_SPEECH_HOME                  = /opt/api/cbi/capteur/bilat_speech
     BILAT_GPS_HOME                     = /opt/api/cbi/capteur/bilat_gps

--------------------------------------------------------
[Runtime] : gcc x86 : Ready!
--------------------------------------------------------


g++ (Ubuntu 7.5.0-3ubuntu1~18.04) 7.5.0
Copyright (C) 2017 Free Software Foundation, Inc.
This is free software; see the source for copying conditions.  There is NO
warranty; not even for MERCHANTABILITY or FITNESS FOR A PARTICULAR PURPOSE.


[Make] : GCC : jall

==================================================================================
[CBI] -> Target Name  : BilatTools_CPP_305_012_gcc_x86_64
[CBI] ->
[CBI] -> Build     	  : /tmp/ramdrive/bilat/Targets/BilatTools_CPP_305_012/bin/libBilatTools_CPP_305_012_gcc_x86_64.so
[CBI] -> Deploy       : ../RELEASE/bin
[CBI] ->
[CBI] -> Type	 	  : SHARED_LIB
[CBI] -> Arch	 	  : x86_64
[CBI] -> OS	 		  : Linux
[CBI] -> User	 	  : bilat
[CBI] ->
[CBI] -> Task		  : Compiling-Linking
==================================================================================

[CBI] -> SRC AUX (Recursif) :
[CBI] ->

[CBI] -> CXXFLAGS (Partial) :
[CBI] ->
[CBI] ->              : -O3
[CBI] ->              : -fPIC
[CBI] ->              : -fomit-frame-pointer
[CBI] ->              : -fopenmp
[CBI] ->              : -frerun-loop-opt
[CBI] ->              : -march=native
[CBI] ->              : -std=c++17

[CBI] -> LDFLAGS (Partial) :
[CBI] ->
[CBI] ->              : -shared

[CBI] -> INC_PATH (auto detect):
[CBI] ->              : src/
[CBI] ->              : src/core/tools/02_fps/
[CBI] ->              : src/core/tools/02_fps/01_namespace_cpu/
[CBI] ->              : src/core/tools/03_array/
[CBI] ->              : src/core/tools/04_files/
[CBI] ->              : src/core/tools/05_chrono/
[CBI] ->              : src/core/tools/05_chrono/clock/
[CBI] ->              : src/core/tools/05_chrono/omp/
[CBI] ->              : src/core/tools/05_chrono/std/
[CBI] ->              : src/core/tools/06_context/
[CBI] ->              : src/core/tools/cpp/
[CBI] ->              : src/core/tools/header/

[CBI] -> LIB_PATH (auto detect):

[CBI] -> API_INC :

[CBI] -> API_BIN :

[CBI] -> API_LIBRARIES_STATIC :

[CBI] -> API_LIBRARIES :

[CBI] -> Create folder : /tmp/ramdrive/bilat/Targets/BilatTools_CPP_305_012/bin
[CBI] -> Create folder : /tmp/ramdrive/bilat/Targets/BilatTools_CPP_305_012/obj

[CBI] -> Compilation parallel (36 threads)

[BilatTools_CPP_305_012_gcc_x86_64] -> g++ compiling .cpp : src/RunnableFake.cpp
[BilatTools_CPP_305_012_gcc_x86_64] -> g++ compiling .cpp : src/main.cpp
[BilatTools_CPP_305_012_gcc_x86_64] -> g++ compiling .cpp : src/useChrono.cpp
[BilatTools_CPP_305_012_gcc_x86_64] -> g++ compiling .cpp : src/core/tools/05_chrono/Chrono.cpp
[BilatTools_CPP_305_012_gcc_x86_64] -> g++ compiling .cpp : src/core/tools/05_chrono/ChronoFactory.cpp
[BilatTools_CPP_305_012_gcc_x86_64] -> g++ compiling .cpp : src/core/tools/05_chrono/clock/ChronoClock.cpp
[BilatTools_CPP_305_012_gcc_x86_64] -> g++ compiling .cpp : src/core/tools/05_chrono/omp/ChronoOMP.cpp
[BilatTools_CPP_305_012_gcc_x86_64] -> g++ compiling .cpp : src/core/tools/05_chrono/std/ChronoSTD.cpp
[BilatTools_CPP_305_012_gcc_x86_64] -> g++ compiling .cpp : src/core/tools/cpp/Chrome.cpp
[BilatTools_CPP_305_012_gcc_x86_64] -> g++ compiling .cpp : src/core/tools/cpp/Strings.cpp
[BilatTools_CPP_305_012_gcc_x86_64] -> g++ compiling .cpp : src/core/tools/cpp/Limits.cpp
[BilatTools_CPP_305_012_gcc_x86_64] -> g++ compiling .cpp : src/core/tools/cpp/VideoShop.cpp
[BilatTools_CPP_305_012_gcc_x86_64] -> g++ compiling .cpp : src/core/tools/cpp/Maths.cpp
[BilatTools_CPP_305_012_gcc_x86_64] -> g++ compiling .cpp : src/core/tools/cpp/Progress.cpp
[BilatTools_CPP_305_012_gcc_x86_64] -> g++ compiling .cpp : src/core/tools/cpp/Iterator.cpp
[BilatTools_CPP_305_012_gcc_x86_64] -> g++ compiling .cpp : src/core/tools/cpp/Aleas.cpp
[BilatTools_CPP_305_012_gcc_x86_64] -> g++ compiling .cpp : src/core/tools/04_files/Folders.cpp
[BilatTools_CPP_305_012_gcc_x86_64] -> g++ compiling .cpp : src/core/tools/03_array/TabTools.cpp
[BilatTools_CPP_305_012_gcc_x86_64] -> g++ compiling .cpp : src/core/tools/02_fps/Fps.cpp
[BilatTools_CPP_305_012_gcc_x86_64] -> g++ compiling .cpp : src/core/tools/02_fps/FpsCalculator.cpp
[BilatTools_CPP_305_012_gcc_x86_64] -> g++ compiling .cpp : src/core/tools/02_fps/Bandwidth.cpp
[BilatTools_CPP_305_012_gcc_x86_64] -> g++ compiling .cpp : src/core/tools/02_fps/01_namespace_cpu/Colors_CPU.cpp
[BilatTools_CPP_305_012_gcc_x86_64] -> g++ compiling .cpp : src/core/tools/02_fps/01_namespace_cpu/Indices_CPU.cpp
[BilatTools_CPP_305_012_gcc_x86_64] -> g++ compiling .cpp : src/core/tools/02_fps/01_namespace_cpu/Animator_CPU.cpp
[BilatTools_CPP_305_012_gcc_x86_64] -> g++ compiling .cpp : src/core/tools/06_context/Args.cpp
src/core/tools/cpp/Chrome.cpp: In static member function ‘static void Chrome::showHTML(std::__cxx11::string, std::__cxx11::string)’:
src/core/tools/cpp/Chrome.cpp:33:11: warning: ignoring return value of ‘int system(const char*)’, declared with attribute warn_unused_result [-Wunused-result]
     system(script.c_str());    // execute code OS
     ~~~~~~^~~~~~~~~~~~~~~~
src/core/tools/04_files/Folders.cpp: In static member function ‘static void Folders::mkdirP_linux(std::__cxx11::string)’:
src/core/tools/04_files/Folders.cpp:51:8: warning: ignoring return value of ‘int system(const char*)’, declared with attribute warn_unused_result [-Wunused-result]
  system(cmd.c_str());
  ~~~~~~^~~~~~~~~~~~~

[BilatTools_CPP_305_012_gcc_x86_64] -> Linking to   : /tmp/ramdrive/bilat/Targets/BilatTools_CPP_305_012/bin/libBilatTools_CPP_305_012_gcc_x86_64.so

[BilatTools_CPP_305_012_gcc_x86_64] -> Library Link :

[CBI] ->              : -lgomp


==================================================================================
[CBI] -> Target Name  : BilatTools_CPP_305_012_gcc_x86_64
[CBI] -> Location     : /tmp/ramdrive/bilat/Targets/BilatTools_CPP_305_012/bin/libBilatTools_CPP_305_012_gcc_x86_64.so
[CBI] -> Deploy 	  : ../RELEASE/bin
[CBI] ->
[CBI] -> Type	 	  : SHARED_LIB
[CBI] -> Arch	 	  : x86_64
[CBI] -> OS	 		  : Linux
[CBI] -> User	 	  : bilat
[CBI] ->
[CBI] -> Compilateur  : g++
[CBI] -> Task	      : End Compiling-Linking !
[CBI] -> Time		  : 1 (s)
==================================================================================


[CBI] -> Deploying    : ../RELEASE/bin/libBilatTools_CPP_305_012_gcc_x86_64.so

[CBI] -> Symlink Project Inc
[CBI] -> To update code completion : ctrl-shift-s   or   gui/index/rebuild

[CBI] -> BilatTools_CPP_305_012_gcc_x86_64 : End ALL!


00:39:33 Build Finished. 0 errors, 2 warnings. (took 1s.902ms)

