16:24:51 **** Build of configuration GCC_parallel for project BilatMavsdk ****
cbicc gcc jall 

--------------------------------------------------------
[Runtime] : gcc x86
--------------------------------------------------------


[cuda]        : /usr/local

[jni]         : /usr/lib/jvm/java-11-openjdk-amd64

[X11]         : /usr/include/X11

[MKL]         : /opt/intel/mkl

[boost]       : /opt/api/ext/boost

[opencv]      : /opt/api/ext/opencv

[cpptest]     : /opt/api/ext/cpptest

[gphoto2]     : /opt/api/ext/gphoto2

[urg]         : /opt/api/ext/urg

[wic]         : /opt/api/ext/wic 

[pleora]      : /opt/api/ext/pleora

[glm]      : /opt/api/ext/GLM

[dronecode]         : /opt/api/ext/dronecode

[Runtime] : BILAT_INFOGRAPHIE           /opt/api/cbi/infographie

     BILAT_TOOLS_JST_HOME             = /opt/api/cbi/infographie/tools
     BILAT_OPENGL_HOME                = /opt/api/cbi/infographie/opengl
     BILAT_FENETRAGE_HOME             = /opt/api/cbi/infographie/fenetrage
     BILAT_IMAGE_HOME                 = /opt/api/cbi/infographie/image
     BILAT_SCENE_3D_HOME              = /opt/api/cbi/infographie/scene3d

[Runtime] : BILAT_TOOLS                 /opt/api/cbi/tools

     BILAT_TOOLS_CPP_HOME             = /opt/api/cbi/tools/bilat_tools_cpp
     BILAT_TOOLS_OMP_HOME             = /opt/api/cbi/tools/bilat_tools_omp
     BILAT_TOOLS_CUDA_HOME            = /opt/api/cbi/tools/bilat_tools_cuda
     BILAT_TOOLS_MKL_HOME             = /opt/api/cbi/tools/bilat_tools_mkl
     BILAT_TOOLS_OPENCV_HOME          = /opt/api/cbi/tools/bilat_tools_opencv
     BILAT_TOOLS_V4L_HOME             = /opt/api/cbi/tools/bilat_tools_v4l
     BILAT_TOOLS_CUDA_IMAGE_HOME      = /opt/api/cbi/tools/bilat_tools_cuda_image
     BILAT_TOOLS_CUDA_IMAGE_CV_HOME   = /opt/api/cbi/tools/bilat_tools_cuda_image_cv
     BILAT_TOOLS_IMAGE_HOME           = /opt/api/cbi/tools/bilat_tools_image
     BILAT_TOOLS_IMAGE_CV_HOME        = /opt/api/cbi/tools/bilat_tools_image_cv
     BILAT_TOOLS_CUDA_3D_HOME         = /opt/api/cbi/tools/bilat_tools_cuda_3D
     BILAT_TOOLS_JNI_HOME             = /opt/api/cbi/tools/bilat_tools_jni

[Runtime] : BILAT_CAPTEUR               /opt/api/cbi/capteur

     BILAT_GPHOTO2_HOME                 = /opt/api/cbi/capteur/bilat_gphoto2
     BILAT_LASER_HOME                   = /opt/api/cbi/capteur/bilat_laser
     BILAT_LIDAR_HOME                   = /opt/api/cbi/capteur/bilat_lidar
     BILAT_TAU2_HOME                    = /opt/api/cbi/capteur/bilat_tau2
     BILAT_SPEECH_HOME                  = /opt/api/cbi/capteur/bilat_speech
     BILAT_GPS_HOME                     = /opt/api/cbi/capteur/bilat_gps

--------------------------------------------------------
[Runtime] : gcc x86 : Ready!
--------------------------------------------------------


g++ (Ubuntu 7.4.0-1ubuntu1~18.04.1) 7.4.0
Copyright (C) 2017 Free Software Foundation, Inc.
This is free software; see the source for copying conditions.  There is NO
warranty; not even for MERCHANTABILITY or FITNESS FOR A PARTICULAR PURPOSE.


[Make] : GCC : jall

==================================================================================
[CBI] -> Target Name  : BilatMavsdk_gcc_x86_64
[CBI] ->
[CBI] -> Build     	  : /tmp/ramdrive/bilat/Targets/BilatMavsdk/bin/BilatMavsdk_gcc_x86_64.run
[CBI] -> Deploy       : ../RELEASE/bin
[CBI] ->
[CBI] -> Type	 	  : EXE
[CBI] -> Arch	 	  : x86_64
[CBI] -> OS	 		  : Linux
[CBI] -> User	 	  : bilat
[CBI] ->
[CBI] -> Task		  : Compiling-Linking
==================================================================================

[CBI] -> SRC AUX (Recursif) :
[CBI] ->
[CBI] ->              : /opt/api/ext/cpptest/200/LIB_STATIC/gcc

[CBI] -> CXXFLAGS (Partial) :
[CBI] ->
[CBI] ->              : -O3
[CBI] ->              : -fomit-frame-pointer
[CBI] ->              : -fopenmp
[CBI] ->              : -frerun-loop-opt
[CBI] ->              : -march=native
[CBI] ->              : -std=c++14

[CBI] -> LDFLAGS (Partial) :
[CBI] ->

[CBI] -> INC_PATH (auto detect):
[CBI] ->              : src/cpp/api/
[CBI] ->              : src/cpp/api/mvt/
[CBI] ->              : src/cpp/api/mvt/example/
[CBI] ->              : src/cpp/api/trajectory/
[CBI] ->              : src/cpp/api/util/
[CBI] ->              : src/cpp/api/util/math/
[CBI] ->              : src/cpp/api/wrapper/
[CBI] ->              : src/cpp/test/fcontinue/cercle/
[CBI] ->              : src/cpp/test/gps/
[CBI] ->              : src/cpp/use/tuto/
[CBI] ->              : src/cpp/use/tuto/01_atomic/00_config/
[CBI] ->              : src/cpp/use/tuto/01_atomic/01_arm/
[CBI] ->              : src/cpp/use/tuto/01_atomic/02_takeoff_land/
[CBI] ->              : src/cpp/use/tuto/01_atomic/03_takeoffLand_2x/
[CBI] ->              : src/cpp/use/tuto/02_move/01_toupie_move_velocity_body/
[CBI] ->              : src/cpp/use/tuto/02_move/02_Toupieup_move_velocity_body/
[CBI] ->              : src/cpp/use/tuto/02_move/03_cercle_move_velocity_body/
[CBI] ->              : src/cpp/use/tuto/02_move/04_carrer_move_velocity_ned/
[CBI] ->              : src/cpp/use/tuto/03_wait/01_move_position_NED/
[CBI] ->              : src/cpp/use/tuto/03_wait/02_move_position_GPS/
[CBI] ->              : src/cpp/use/tuto/03_wait/03_line_speed/
[CBI] ->              : src/cpp/use/tuto/03_wait/04_logo/
[CBI] ->              : src/cpp/use/tuto/03_wait/05_async/
[CBI] ->              : src/cpp/use/tuto/04_composition/01_star_position_ned/
[CBI] ->              : src/cpp/use/tuto/04_composition/02_carrer_position_ned/
[CBI] ->              : src/cpp/use/tuto/04_composition/03_carrer_gps/
[CBI] ->              : src/cpp/use/tuto/05_trajectory/01_zizag_h/
[CBI] ->              : src/cpp/use/tuto/05_trajectory/02_zizag_v/
[CBI] ->              : src/cpp/use/tuto/06_mvt/01_helice_v/
[CBI] ->              : src/cpp/use/tuto/06_mvt/02_Helice_h/

[CBI] -> LIB_PATH (auto detect):

[CBI] -> API_INC :
[CBI] ->              : /opt/api/ext/cpptest/200/INC
[CBI] ->              : /opt/api/ext/cpptest/200/INC/extension
[CBI] ->              : /opt/api/ext/dronecode/0_18_3/include
[CBI] ->              : /opt/api/ext/dronecode/0_18_3/include/mavsdk
[CBI] ->              : /opt/api/ext/dronecode/0_18_3/include/mavsdk/plugins
[CBI] ->              : /opt/api/ext/dronecode/0_18_3/include/mavsdk/plugins/action
[CBI] ->              : /opt/api/ext/dronecode/0_18_3/include/mavsdk/plugins/calibration
[CBI] ->              : /opt/api/ext/dronecode/0_18_3/include/mavsdk/plugins/camera
[CBI] ->              : /opt/api/ext/dronecode/0_18_3/include/mavsdk/plugins/follow_me
[CBI] ->              : /opt/api/ext/dronecode/0_18_3/include/mavsdk/plugins/geofence
[CBI] ->              : /opt/api/ext/dronecode/0_18_3/include/mavsdk/plugins/gimbal
[CBI] ->              : /opt/api/ext/dronecode/0_18_3/include/mavsdk/plugins/info
[CBI] ->              : /opt/api/ext/dronecode/0_18_3/include/mavsdk/plugins/log_files
[CBI] ->              : /opt/api/ext/dronecode/0_18_3/include/mavsdk/plugins/mission
[CBI] ->              : /opt/api/ext/dronecode/0_18_3/include/mavsdk/plugins/mission_raw
[CBI] ->              : /opt/api/ext/dronecode/0_18_3/include/mavsdk/plugins/offboard
[CBI] ->              : /opt/api/ext/dronecode/0_18_3/include/mavsdk/plugins/param
[CBI] ->              : /opt/api/ext/dronecode/0_18_3/include/mavsdk/plugins/telemetry

[CBI] -> API_BIN :
[CBI] ->              : /opt/api/ext/dronecode/0_18_3/lib

[CBI] -> API_LIBRARIES_STATIC :
[CBI] ->              : /opt/api/ext/cpptest/200/LIB_STATIC/gcc

[CBI] -> API_LIBRARIES :
[CBI] ->              : mavsdk
[CBI] ->              : mavsdk_action
[CBI] ->              : mavsdk_calibration
[CBI] ->              : mavsdk_camera
[CBI] ->              : mavsdk_follow_me
[CBI] ->              : mavsdk_geofence
[CBI] ->              : mavsdk_gimbal
[CBI] ->              : mavsdk_info
[CBI] ->              : mavsdk_log_files
[CBI] ->              : mavsdk_mission
[CBI] ->              : mavsdk_mission_raw
[CBI] ->              : mavsdk_offboard
[CBI] ->              : mavsdk_param
[CBI] ->              : mavsdk_telemetry

[CBI] -> Create folder : /tmp/ramdrive/bilat/Targets/BilatMavsdk/bin
[CBI] -> Create folder : /tmp/ramdrive/bilat/Targets/BilatMavsdk/obj

[CBI] -> Compilation parallel (36 threads)

[BilatMavsdk_gcc_x86_64] -> g++ compiling .cpp : src/main.cpp
[BilatMavsdk_gcc_x86_64] -> g++ compiling .cpp : src/cpp/test/mainTest.cpp
[BilatMavsdk_gcc_x86_64] -> g++ compiling .cpp : src/cpp/test/gps/TestGPS.cpp
[BilatMavsdk_gcc_x86_64] -> g++ compiling .cpp : src/cpp/test/fcontinue/cercle/Cercle3.cpp
[BilatMavsdk_gcc_x86_64] -> g++ compiling .cpp : src/cpp/test/fcontinue/cercle/Cercle2.cpp
[BilatMavsdk_gcc_x86_64] -> g++ compiling .cpp : src/cpp/test/fcontinue/cercle/TestContinueCercle.cpp
[BilatMavsdk_gcc_x86_64] -> g++ compiling .cpp : src/cpp/test/fcontinue/cercle/Cercle1.cpp
[BilatMavsdk_gcc_x86_64] -> g++ compiling .cpp : src/cpp/api/Wait.cpp
[BilatMavsdk_gcc_x86_64] -> g++ compiling .cpp : src/cpp/api/DroneSettings.cpp
[BilatMavsdk_gcc_x86_64] -> g++ compiling .cpp : src/cpp/api/DroneAsync.cpp
[BilatMavsdk_gcc_x86_64] -> g++ compiling .cpp : src/cpp/api/DroneException.cpp
[BilatMavsdk_gcc_x86_64] -> g++ compiling .cpp : src/cpp/api/Drone.cpp
[BilatMavsdk_gcc_x86_64] -> g++ compiling .cpp : src/cpp/api/mvt/Mvt.cpp
[BilatMavsdk_gcc_x86_64] -> g++ compiling .cpp : src/cpp/api/GpsTools.cpp
[BilatMavsdk_gcc_x86_64] -> g++ compiling .cpp : src/cpp/api/mvt/FContinue.cpp
[BilatMavsdk_gcc_x86_64] -> g++ compiling .cpp : src/cpp/api/mvt/FDiscret.cpp
[BilatMavsdk_gcc_x86_64] -> g++ compiling .cpp : src/cpp/api/mvt/example/Helice2.cpp
[BilatMavsdk_gcc_x86_64] -> g++ compiling .cpp : src/cpp/api/mvt/example/Helice1.cpp
[BilatMavsdk_gcc_x86_64] -> g++ compiling .cpp : src/cpp/api/trajectory/TrajectoryFunction.cpp
[BilatMavsdk_gcc_x86_64] -> g++ compiling .cpp : src/cpp/api/trajectory/Trajectory.cpp
[BilatMavsdk_gcc_x86_64] -> g++ compiling .cpp : src/cpp/api/mvt/example/Helice3.cpp
[BilatMavsdk_gcc_x86_64] -> g++ compiling .cpp : src/cpp/api/wrapper/Health.cpp
[BilatMavsdk_gcc_x86_64] -> g++ compiling .cpp : src/cpp/api/wrapper/PositionNEDYaw.cpp
[BilatMavsdk_gcc_x86_64] -> g++ compiling .cpp : src/cpp/api/wrapper/Attitude.cpp
[BilatMavsdk_gcc_x86_64] -> g++ compiling .cpp : src/cpp/api/wrapper/VelocityNEDYaw.cpp
[BilatMavsdk_gcc_x86_64] -> g++ compiling .cpp : src/cpp/api/wrapper/EulerAngle.cpp
[BilatMavsdk_gcc_x86_64] -> g++ compiling .cpp : src/cpp/api/wrapper/GroundSpeedNED.cpp
[BilatMavsdk_gcc_x86_64] -> g++ compiling .cpp : src/cpp/api/wrapper/Position.cpp
[BilatMavsdk_gcc_x86_64] -> g++ compiling .cpp : src/cpp/api/wrapper/GpsYaw.cpp
[BilatMavsdk_gcc_x86_64] -> g++ compiling .cpp : src/cpp/api/util/Helper.cpp
[BilatMavsdk_gcc_x86_64] -> g++ compiling .cpp : src/cpp/api/wrapper/VelocityBodyYawspeed.cpp
[BilatMavsdk_gcc_x86_64] -> g++ compiling .cpp : src/cpp/api/wrapper/AttitudeRate.cpp
[BilatMavsdk_gcc_x86_64] -> g++ compiling .cpp : src/cpp/api/util/math/Mat22.cpp
[BilatMavsdk_gcc_x86_64] -> g++ compiling .cpp : src/cpp/api/util/Logger.cpp
[BilatMavsdk_gcc_x86_64] -> g++ compiling .cpp : src/cpp/api/util/math/R2.cpp
[BilatMavsdk_gcc_x86_64] -> g++ compiling .cpp : src/cpp/api/util/math/R3.cpp
[BilatMavsdk_gcc_x86_64] -> g++ compiling .cpp : src/cpp/api/util/math/MathTools.cpp
src/cpp/test/mainTest.cpp: In function ‘int mainTest()’:
src/cpp/test/mainTest.cpp:43:19: warning: ‘template<class> class std::auto_ptr’ is deprecated [-Wdeprecated-declarations]
[BilatMavsdk_gcc_x86_64] -> g++ compiling .cpp : src/cpp/api/util/math/Base2.cpp
     testSuite.add(auto_ptr < Suite > (new TestGPS()));
                   ^~~~~~~~
In file included from /usr/include/c++/7/memory:80:0,
                 from /opt/api/ext/cpptest/200/INC/cpptest-suite.h:33,
                 from /opt/api/ext/cpptest/200/INC/cpptest.h:34,
                 from /opt/api/ext/cpptest/200/INC/extension/cppTest+.h:4,
                 from src/cpp/test/mainTest.cpp:5:
/usr/include/c++/7/bits/unique_ptr.h:51:28: note: declared here
   template<typename> class auto_ptr;
                            ^~~~~~~~
src/cpp/test/mainTest.cpp:44:19: warning: ‘template<class> class std::auto_ptr’ is deprecated [-Wdeprecated-declarations]
     testSuite.add(auto_ptr < Suite > (new TestContinueCercle()));
                   ^~~~~~~~
[BilatMavsdk_gcc_x86_64] -> g++ compiling .cpp : src/cpp/use/mainUse.cpp
In file included from /usr/include/c++/7/memory:80:0,
                 from /opt/api/ext/cpptest/200/INC/cpptest-suite.h:33,
                 from /opt/api/ext/cpptest/200/INC/cpptest.h:34,
                 from /opt/api/ext/cpptest/200/INC/extension/cppTest+.h:4,
                 from src/cpp/test/mainTest.cpp:5:
/usr/include/c++/7/bits/unique_ptr.h:51:28: note: declared here
   template<typename> class auto_ptr;
                            ^~~~~~~~
[BilatMavsdk_gcc_x86_64] -> g++ compiling .cpp : src/cpp/use/prospect/prospect.cpp
[BilatMavsdk_gcc_x86_64] -> g++ compiling .cpp : src/cpp/use/tuto/Use_A.cpp
[BilatMavsdk_gcc_x86_64] -> g++ compiling .cpp : src/cpp/use/tuto/04_composition/02_carrer_position_ned/UseCarerPositionNED.cpp
[BilatMavsdk_gcc_x86_64] -> g++ compiling .cpp : src/cpp/use/tuto/04_composition/03_carrer_gps/UseCarerGPS.cpp
[BilatMavsdk_gcc_x86_64] -> g++ compiling .cpp : src/cpp/use/tuto/04_composition/01_star_position_ned/UseStarPositionNED.cpp
[BilatMavsdk_gcc_x86_64] -> g++ compiling .cpp : src/cpp/use/tuto/05_trajectory/01_zizag_h/ZigZagH.cpp
[BilatMavsdk_gcc_x86_64] -> g++ compiling .cpp : src/cpp/use/tuto/05_trajectory/02_zizag_v/ZigZagV.cpp
[BilatMavsdk_gcc_x86_64] -> g++ compiling .cpp : src/cpp/use/tuto/05_trajectory/02_zizag_v/UseZizagV.cpp
[BilatMavsdk_gcc_x86_64] -> g++ compiling .cpp : src/cpp/use/tuto/05_trajectory/01_zizag_h/UseZizagH.cpp
[BilatMavsdk_gcc_x86_64] -> g++ compiling .cpp : src/cpp/use/tuto/06_mvt/02_Helice_h/UseHeliceH.cpp
[BilatMavsdk_gcc_x86_64] -> g++ compiling .cpp : src/cpp/use/tuto/06_mvt/02_Helice_h/HeliceH.cpp
[BilatMavsdk_gcc_x86_64] -> g++ compiling .cpp : src/cpp/use/tuto/06_mvt/01_helice_v/UseHeliceV2.cpp
[BilatMavsdk_gcc_x86_64] -> g++ compiling .cpp : src/cpp/use/tuto/06_mvt/01_helice_v/UseHeliceV3.cpp
[BilatMavsdk_gcc_x86_64] -> g++ compiling .cpp : src/cpp/use/tuto/03_wait/04_logo/UseLogo.cpp
[BilatMavsdk_gcc_x86_64] -> g++ compiling .cpp : src/cpp/use/tuto/06_mvt/01_helice_v/UseHeliceV1.cpp
[BilatMavsdk_gcc_x86_64] -> g++ compiling .cpp : src/cpp/use/tuto/03_wait/01_move_position_NED/UseMovePositionNED.cpp
[BilatMavsdk_gcc_x86_64] -> g++ compiling .cpp : src/cpp/use/tuto/03_wait/05_async/UseAsync.cpp
[BilatMavsdk_gcc_x86_64] -> g++ compiling .cpp : src/cpp/use/tuto/03_wait/03_line_speed/UseLineSpeed.cpp
[BilatMavsdk_gcc_x86_64] -> g++ compiling .cpp : src/cpp/use/tuto/03_wait/02_move_position_GPS/UseMovePositionGPS.cpp
[BilatMavsdk_gcc_x86_64] -> g++ compiling .cpp : src/cpp/use/tuto/02_move/02_Toupieup_move_velocity_body/UseToupieupVelocityBody.cpp
[BilatMavsdk_gcc_x86_64] -> g++ compiling .cpp : src/cpp/use/tuto/02_move/03_cercle_move_velocity_body/UseCercleVelocityBody.cpp
[BilatMavsdk_gcc_x86_64] -> g++ compiling .cpp : src/cpp/use/tuto/02_move/01_toupie_move_velocity_body/UseToupieVelocityBody.cpp
[BilatMavsdk_gcc_x86_64] -> g++ compiling .cpp : src/cpp/use/tuto/01_atomic/03_takeoffLand_2x/UseTakeoffLand2x.cpp
[BilatMavsdk_gcc_x86_64] -> g++ compiling .cpp : src/cpp/use/tuto/02_move/04_carrer_move_velocity_ned/UseCarrerVelocityNED.cpp
[BilatMavsdk_gcc_x86_64] -> g++ compiling .cpp : src/cpp/use/tuto/01_atomic/01_arm/UseArm.cpp
[BilatMavsdk_gcc_x86_64] -> g++ compiling .cpp : src/cpp/use/tuto/01_atomic/00_config/UseConfig.cpp
[BilatMavsdk_gcc_x86_64] -> g++ compiling .cpp : src/cpp/use/tuto/01_atomic/02_takeoff_land/UseTakeoffLand.cpp

[CBI] -> Linking to   : /tmp/ramdrive/bilat/Targets/BilatMavsdk/bin/BilatMavsdk_gcc_x86_64.run

[CBI] -> Library Link :
[CBI] ->              : -lCpp_Test_200_gcc_x86_64
[CBI] ->              : -lgomp
[CBI] ->              : -lmavsdk
[CBI] ->              : -lmavsdk_action
[CBI] ->              : -lmavsdk_calibration
[CBI] ->              : -lmavsdk_camera
[CBI] ->              : -lmavsdk_follow_me
[CBI] ->              : -lmavsdk_geofence
[CBI] ->              : -lmavsdk_gimbal
[CBI] ->              : -lmavsdk_info
[CBI] ->              : -lmavsdk_log_files
[CBI] ->              : -lmavsdk_mission
[CBI] ->              : -lmavsdk_mission_raw
[CBI] ->              : -lmavsdk_offboard
[CBI] ->              : -lmavsdk_param
[CBI] ->              : -lmavsdk_telemetry

==================================================================================
[CBI] -> Target Name  : BilatMavsdk_gcc_x86_64
[CBI] -> Location     : /tmp/ramdrive/bilat/Targets/BilatMavsdk/bin/BilatMavsdk_gcc_x86_64.run
[CBI] -> Deploy 	  : ../RELEASE/bin
[CBI] ->
[CBI] -> Type	 	  : EXE
[CBI] -> Arch	 	  : x86_64
[CBI] -> OS	 		  : Linux
[CBI] -> User	 	  : bilat
[CBI] ->
[CBI] -> Compilateur  : g++
[CBI] -> Task	      : End Compiling-Linking !
[CBI] -> Time		  : 2 (s)
==================================================================================


[CBI] -> Deploying    : ../RELEASE/bin/BilatMavsdk_gcc_x86_64.run

[CBI] -> Symlink Project Inc
[CBI] -> To update code completion : ctrl-shift-s   or   gui/index/rebuild

[CBI] -> BilatMavsdk_gcc_x86_64 : End ALL!


16:24:55 Build Finished. 0 errors, 2 warnings. (took 3s.612ms)

