00:39:33 **** Build of configuration CudaGCC_parallel for project BilatTools_Cuda ****
cbicc cuda jall 

--------------------------------------------------------
[Runtime] : gcc x86
--------------------------------------------------------


[cuda]        : /usr/local

[jni]         : /usr/lib/jvm/java-11-openjdk-amd64

[X11]         : /usr/include/X11

[MKL]         : /opt/intel/mkl

[boost]       : /opt/api/ext/boost

[opencv]      : /opt/api/ext/opencv

[cpptest]     : /opt/api/ext/cpptest

[gphoto2]     : /opt/api/ext/gphoto2

[urg]         : /opt/api/ext/urg

[wic]         : /opt/api/ext/wic 

[pleora]      : /opt/api/ext/pleora

[glm]      : /opt/api/ext/GLM

[dronecode]         : /opt/api/ext/dronecode

[Runtime] : BILAT_INFOGRAPHIE           /opt/api/cbi/infographie

     BILAT_TOOLS_JST_HOME             = /opt/api/cbi/infographie/tools
     BILAT_OPENGL_HOME                = /opt/api/cbi/infographie/opengl
     BILAT_FENETRAGE_HOME             = /opt/api/cbi/infographie/fenetrage
     BILAT_IMAGE_HOME                 = /opt/api/cbi/infographie/image
     BILAT_SCENE_3D_HOME              = /opt/api/cbi/infographie/scene3d

[Runtime] : BILAT_TOOLS                 /opt/api/cbi/tools

     BILAT_TOOLS_CPP_HOME             = /opt/api/cbi/tools/bilat_tools_cpp
     BILAT_TOOLS_OMP_HOME             = /opt/api/cbi/tools/bilat_tools_omp
     BILAT_TOOLS_CUDA_HOME            = /opt/api/cbi/tools/bilat_tools_cuda
     BILAT_TOOLS_MKL_HOME             = /opt/api/cbi/tools/bilat_tools_mkl
     BILAT_TOOLS_OPENCV_HOME          = /opt/api/cbi/tools/bilat_tools_opencv
     BILAT_TOOLS_V4L_HOME             = /opt/api/cbi/tools/bilat_tools_v4l
     BILAT_TOOLS_CUDA_IMAGE_HOME      = /opt/api/cbi/tools/bilat_tools_cuda_image
     BILAT_TOOLS_CUDA_IMAGE_CV_HOME   = /opt/api/cbi/tools/bilat_tools_cuda_image_cv
     BILAT_TOOLS_IMAGE_HOME           = /opt/api/cbi/tools/bilat_tools_image
     BILAT_TOOLS_IMAGE_CV_HOME        = /opt/api/cbi/tools/bilat_tools_image_cv
     BILAT_TOOLS_CUDA_3D_HOME         = /opt/api/cbi/tools/bilat_tools_cuda_3D
     BILAT_TOOLS_JNI_HOME             = /opt/api/cbi/tools/bilat_tools_jni

[Runtime] : BILAT_CAPTEUR               /opt/api/cbi/capteur

     BILAT_GPHOTO2_HOME                 = /opt/api/cbi/capteur/bilat_gphoto2
     BILAT_LASER_HOME                   = /opt/api/cbi/capteur/bilat_laser
     BILAT_LIDAR_HOME                   = /opt/api/cbi/capteur/bilat_lidar
     BILAT_TAU2_HOME                    = /opt/api/cbi/capteur/bilat_tau2
     BILAT_SPEECH_HOME                  = /opt/api/cbi/capteur/bilat_speech
     BILAT_GPS_HOME                     = /opt/api/cbi/capteur/bilat_gps

--------------------------------------------------------
[Runtime] : gcc x86 : Ready!
--------------------------------------------------------


g++ (Ubuntu 7.5.0-3ubuntu1~18.04) 7.5.0
Copyright (C) 2017 Free Software Foundation, Inc.
This is free software; see the source for copying conditions.  There is NO
warranty; not even for MERCHANTABILITY or FITNESS FOR A PARTICULAR PURPOSE.


nvcc: NVIDIA (R) Cuda compiler driver
Copyright (c) 2005-2020 NVIDIA Corporation
Built on Wed_Jul_22_19:09:09_PDT_2020
Cuda compilation tools, release 11.0, V11.0.221
Build cuda_11.0_bu.TC445_37.28845127_0


[CUDA GCC] : jall


==================================================================================
[CBI] -> Target Name  : BilatTools_Cuda_305_012_cuda_110_x86_64
[CBI] ->
[CBI] -> Build        : /tmp/ramdrive/bilat/Targets/BilatTools_Cuda_305_012/bin/libBilatTools_Cuda_305_012_cuda_110_x86_64.so
[CBI] -> Deploy       : ../RELEASE/bin
[CBI] ->
[CBI] -> Type	      : SHARED_LIB
[CBI] -> Arch	      : x86_64
[CBI] -> OS	 		  : Linux
[CBI] -> User	 	  : bilat
[CBI] ->
[CBI] -> Task		  : Compiling-Linking !
==================================================================================

[CBI] -> SRC AUX (Recursif) :
[CBI] ->
[CBI] ->              : /opt/api/ext/cpptest/200/LIB_STATIC/gcc

[CBI] -> CXXFLAGS (Partial) :
[CBI] ->
[CBI] ->              : -fPIC
[CBI] ->              : -fopenmp
[CBI] ->              : -std=c++17
[CBI] ->              : -O3
[CBI] ->              : -frerun-loop-opt
[CBI] ->              : -fomit-frame-pointer

[CBI] -> CXXLDFLAGS (Partial) :
[CBI] ->

[CBI] -> NVCCFLAGS (Partial) :
[CBI] ->
[CBI] ->              : --fmad=true
[CBI] ->              : -arch=sm_75
[CBI] ->              : -m64
[CBI] ->              : -std=c++17
[CBI] ->              : -use_fast_math

[CBI] -> NVCCLDFLAGS (Partial) :
[CBI] ->
[CBI] ->              : -arch=sm_75
[CBI] ->              : -shared

[CBI] -> INC_PATH (auto detect):
[CBI] ->              : src/core/cudatools/01_nvidia/
[CBI] ->              : src/core/cudatools/02_cudaContext/
[CBI] ->              : src/core/cudatools/02_cudaContext/simple/
[CBI] ->              : src/core/cudatools/02_cudaContext/simple/enum/
[CBI] ->              : src/core/cudatools/03_tid/
[CBI] ->              : src/core/cudatools/04_host_wrapper/00_grid/
[CBI] ->              : src/core/cudatools/04_host_wrapper/01_memory/
[CBI] ->              : src/core/cudatools/04_host_wrapper/01_memory/cm/
[CBI] ->              : src/core/cudatools/04_host_wrapper/01_memory/gm/
[CBI] ->              : src/core/cudatools/04_host_wrapper/01_memory/hm/
[CBI] ->              : src/core/cudatools/04_host_wrapper/01_memory/sm/
[CBI] ->              : src/core/cudatools/04_host_wrapper/02_stream/
[CBI] ->              : src/core/cudatools/04_host_wrapper/03_kernel/
[CBI] ->              : src/core/cudatools/04_host_wrapper/04_hardware/
[CBI] ->              : src/core/cudatools/05_runnable/
[CBI] ->              : src/core/cudatools/06_fps/
[CBI] ->              : src/core/cudatools/07_benchmark/
[CBI] ->              : src/core/cudatools/08_bruteforce/
[CBI] ->              : src/core/cudatools/08_bruteforce/maillage/
[CBI] ->              : src/core/cudatools/08_bruteforce/matlab/
[CBI] ->              : src/core/cudatools/08_bruteforce/output/
[CBI] ->              : src/core/cudatools/08_bruteforce/output/io/
[CBI] ->              : src/core/cudatools/09_tests/
[CBI] ->              : src/core/cudatools/09_tests/filter/
[CBI] ->              : src/core/cudatools/09_tests/filter/concret/
[CBI] ->              : src/core/cudatools/10_reducer/
[CBI] ->              : src/core/cudatools/10_reducer/derivate/
[CBI] ->              : src/core/cudatools/10_reducer/synchronisation/
[CBI] ->              : src/core/cudatools/11_use/
[CBI] ->              : src/core/cudatools/tools/both/
[CBI] ->              : src/core/cudatools/tools/device/
[CBI] ->              : src/core/cudatools/tools/host/


[CBI] -> LIB_PATH (auto detect):

[CBI] -> LIB_PATH (auto detect):

[CBI] -> API_INC :
[CBI] ->              : /opt/api/cbi/tools/bilat_tools_cpp/305_012/INC
[CBI] ->              : /opt/api/cbi/tools/bilat_tools_cpp/305_012/INC/tools
[CBI] ->              : /opt/api/cbi/tools/bilat_tools_cpp/305_012/INC/tools/02_fps
[CBI] ->              : /opt/api/cbi/tools/bilat_tools_cpp/305_012/INC/tools/02_fps/01_namespace_cpu
[CBI] ->              : /opt/api/cbi/tools/bilat_tools_cpp/305_012/INC/tools/03_array
[CBI] ->              : /opt/api/cbi/tools/bilat_tools_cpp/305_012/INC/tools/04_files
[CBI] ->              : /opt/api/cbi/tools/bilat_tools_cpp/305_012/INC/tools/05_chrono
[CBI] ->              : /opt/api/cbi/tools/bilat_tools_cpp/305_012/INC/tools/05_chrono/clock
[CBI] ->              : /opt/api/cbi/tools/bilat_tools_cpp/305_012/INC/tools/05_chrono/omp
[CBI] ->              : /opt/api/cbi/tools/bilat_tools_cpp/305_012/INC/tools/05_chrono/std
[CBI] ->              : /opt/api/cbi/tools/bilat_tools_cpp/305_012/INC/tools/06_context
[CBI] ->              : /opt/api/cbi/tools/bilat_tools_cpp/305_012/INC/tools/cpp
[CBI] ->              : /opt/api/cbi/tools/bilat_tools_cpp/305_012/INC/tools/header
[CBI] ->              : /opt/api/ext/cpptest/200/INC
[CBI] ->              : /opt/api/ext/cpptest/200/INC/extension
[CBI] ->              : /usr/local/cuda/include
[CBI] ->              : /usr/local/cuda/include/CL
[CBI] ->              : /usr/local/cuda/include/crt

[CBI] -> API_BIN :
[CBI] ->              : /opt/api/cbi/tools/bilat_tools_cpp/305_012/BIN/gcc
[CBI] ->              : /usr/local/cuda/lib64

[CBI] -> API_LIBRARIES_STATIC :
[CBI] ->              : /opt/api/ext/cpptest/200/LIB_STATIC/gcc

[CBI] -> API_LIBRARIES :
[CBI] ->              : BilatTools_CPP_305_012_gcc_x86_64
[CBI] ->              : OpenCL
[CBI] ->              : accinj64
[CBI] ->              : cublas
[CBI] ->              : cublasLt
[CBI] ->              : cudart
[CBI] ->              : cudnn
[CBI] ->              : cudnn_adv_infer
[CBI] ->              : cudnn_adv_train
[CBI] ->              : cudnn_cnn_infer
[CBI] ->              : cudnn_cnn_train
[CBI] ->              : cudnn_ops_infer
[CBI] ->              : cudnn_ops_train
[CBI] ->              : cufft
[CBI] ->              : cufftw
[CBI] ->              : cuinj64
[CBI] ->              : curand
[CBI] ->              : cusolver
[CBI] ->              : cusolverMg
[CBI] ->              : cusparse
[CBI] ->              : nppc
[CBI] ->              : nppial
[CBI] ->              : nppicc
[CBI] ->              : nppidei
[CBI] ->              : nppif
[CBI] ->              : nppig
[CBI] ->              : nppim
[CBI] ->              : nppist
[CBI] ->              : nppisu
[CBI] ->              : nppitc
[CBI] ->              : npps
[CBI] ->              : nvToolsExt
[CBI] ->              : nvblas
[CBI] ->              : nvjpeg
[CBI] ->              : nvrtc
[CBI] ->              : nvrtc-builtins

[CBI] -> Create folder : /tmp/ramdrive/bilat/Targets/BilatTools_Cuda_305_012/bin
[CBI] -> Create folder : /tmp/ramdrive/bilat/Targets/BilatTools_Cuda_305_012/obj
[CBI] -> Create folder : /tmp/ramdrive/bilat/Targets/BilatTools_Cuda_305_012/cubin

[CBI] -> Compilation parallel (36 threads)

[BilatTools_Cuda_305_012_cuda_110_x86_64] -> g++ compiling .cpp : src/main.cpp
[BilatTools_Cuda_305_012_cuda_110_x86_64] -> g++ compiling .cpp : src/core/cudatools/07_benchmark/Benchmark.cpp
[BilatTools_Cuda_305_012_cuda_110_x86_64] -> g++ compiling .cpp : src/core/cudatools/tools/host/ChronoCuda.cpp
[BilatTools_Cuda_305_012_cuda_110_x86_64] -> g++ compiling .cpp : src/core/cudatools/tools/both/cudas.cpp
[BilatTools_Cuda_305_012_cuda_110_x86_64] -> g++ compiling .cpp : src/core/cudatools/06_fps/FpsCalculatorGPU.cpp
[BilatTools_Cuda_305_012_cuda_110_x86_64] -> g++ compiling .cpp : src/core/cudatools/05_runnable/RunnableGPU.cpp
[BilatTools_Cuda_305_012_cuda_110_x86_64] -> g++ compiling .cpp : src/core/cudatools/04_host_wrapper/00_grid/Heuristic.cpp
[BilatTools_Cuda_305_012_cuda_110_x86_64] -> g++ compiling .cpp : src/core/cudatools/04_host_wrapper/00_grid/Grid.cpp
[BilatTools_Cuda_305_012_cuda_110_x86_64] -> g++ compiling .cpp : src/core/cudatools/04_host_wrapper/02_stream/Stream.cpp
[BilatTools_Cuda_305_012_cuda_110_x86_64] -> g++ compiling .cpp : src/core/cudatools/04_host_wrapper/01_memory/hm/HM.cpp
[BilatTools_Cuda_305_012_cuda_110_x86_64] -> g++ compiling .cpp : src/core/cudatools/04_host_wrapper/01_memory/cm/CM.cpp
[BilatTools_Cuda_305_012_cuda_110_x86_64] -> g++ compiling .cpp : src/core/cudatools/04_host_wrapper/01_memory/sm/SM.cpp
[BilatTools_Cuda_305_012_cuda_110_x86_64] -> g++ compiling .cpp : src/core/cudatools/04_host_wrapper/01_memory/gm/GM.cpp
[BilatTools_Cuda_305_012_cuda_110_x86_64] -> g++ compiling .cpp : src/core/cudatools/04_host_wrapper/03_kernel/Kernel.cpp
[BilatTools_Cuda_305_012_cuda_110_x86_64] -> g++ compiling .cpp : src/core/cudatools/04_host_wrapper/04_hardware/Hardware.cpp
[BilatTools_Cuda_305_012_cuda_110_x86_64] -> g++ compiling .cpp : src/core/cudatools/08_bruteforce/BruteForceCalculus.cpp
[BilatTools_Cuda_305_012_cuda_110_x86_64] -> g++ compiling .cpp : src/core/cudatools/08_bruteforce/BruteForce.cpp
[BilatTools_Cuda_305_012_cuda_110_x86_64] -> g++ compiling .cpp : src/core/cudatools/08_bruteforce/matlab/Matlab.cpp
[BilatTools_Cuda_305_012_cuda_110_x86_64] -> g++ compiling .cpp : src/core/cudatools/08_bruteforce/output/ForceBrutOutput.cpp
[BilatTools_Cuda_305_012_cuda_110_x86_64] -> g++ compiling .cpp : src/core/cudatools/08_bruteforce/output/GridFps.cpp
[BilatTools_Cuda_305_012_cuda_110_x86_64] -> g++ compiling .cpp : src/core/cudatools/08_bruteforce/output/Sorts.cpp
[BilatTools_Cuda_305_012_cuda_110_x86_64] -> g++ compiling .cpp : src/core/cudatools/08_bruteforce/output/io/ForceBrutOutputSaver.cpp
[BilatTools_Cuda_305_012_cuda_110_x86_64] -> g++ compiling .cpp : src/core/cudatools/08_bruteforce/output/io/ForceBrutOutputPrinter.cpp
[BilatTools_Cuda_305_012_cuda_110_x86_64] -> g++ compiling .cpp : src/core/cudatools/08_bruteforce/maillage/GridMaillage.cpp
[BilatTools_Cuda_305_012_cuda_110_x86_64] -> g++ compiling .cpp : src/core/cudatools/02_cudaContext/CudaContext.cpp
[BilatTools_Cuda_305_012_cuda_110_x86_64] -> g++ compiling .cpp : src/core/cudatools/09_tests/TestCuda_A.cpp
[BilatTools_Cuda_305_012_cuda_110_x86_64] -> g++ compiling .cpp : src/core/cudatools/02_cudaContext/simple/CudaContextSimple.cpp
[BilatTools_Cuda_305_012_cuda_110_x86_64] -> g++ compiling .cpp : src/core/cudatools/09_tests/TestCuda64.cpp
[BilatTools_Cuda_305_012_cuda_110_x86_64] -> g++ compiling .cpp : src/core/cudatools/09_tests/TestCudaPower2.cpp
[BilatTools_Cuda_305_012_cuda_110_x86_64] -> g++ compiling .cpp : src/core/cudatools/09_tests/TestCuda.cpp
[BilatTools_Cuda_305_012_cuda_110_x86_64] -> g++ compiling .cpp : src/core/cudatools/09_tests/filter/concret/Filter1D.cpp
[BilatTools_Cuda_305_012_cuda_110_x86_64] -> g++ compiling .cpp : src/core/cudatools/09_tests/filter/concret/FilterFromUse.cpp
[BilatTools_Cuda_305_012_cuda_110_x86_64] -> g++ compiling .cpp : src/core/cudatools/11_use/Use_I.cpp
[BilatTools_Cuda_305_012_cuda_110_x86_64] -> g++ compiling .cpp : src/core/cudatools/09_tests/filter/concret/FilterPower2.cpp
[BilatTools_Cuda_305_012_cuda_110_x86_64] -> g++ compiling .cpp : src/core/cudatools/09_tests/filter/concret/FilterBigger64.cpp
[BilatTools_Cuda_305_012_cuda_110_x86_64] -> g++ compiling .cpp : src/core/cudatools/09_tests/filter/FilterGrid.cpp
[BilatTools_Cuda_305_012_cuda_110_x86_64] -> g++ compiling .cpp : src/use/mainCPP.cpp
[BilatTools_Cuda_305_012_cuda_110_x86_64] -> nvcc compiling .cu : src/use/mainCU.cu
src/core/cudatools/08_bruteforce/matlab/Matlab.cpp: In member function ‘void Matlab::callMatlabLinux()’:
src/core/cudatools/08_bruteforce/matlab/Matlab.cpp:96:11: warning: ignoring return value of ‘int system(const char*)’, declared with attribute warn_unused_result [-Wunused-result]
     system(script.c_str());    // execute code OS
     ~~~~~~^~~~~~~~~~~~~~~~

[CBI] -> Linking to   : /tmp/ramdrive/bilat/Targets/BilatTools_Cuda_305_012/bin/libBilatTools_Cuda_305_012_cuda_110_x86_64.so

[CBI] -> Library Link :
[CBI] ->
[CBI] ->              : -lBilatTools_CPP_305_012_gcc_x86_64
[CBI] ->              : -lCpp_Test_200_gcc_x86_64
[CBI] ->              : -lOpenCL
[CBI] ->              : -laccinj64
[CBI] ->              : -lcublas
[CBI] ->              : -lcublasLt
[CBI] ->              : -lcudart
[CBI] ->              : -lcudnn
[CBI] ->              : -lcudnn_adv_infer
[CBI] ->              : -lcudnn_adv_train
[CBI] ->              : -lcudnn_cnn_infer
[CBI] ->              : -lcudnn_cnn_train
[CBI] ->              : -lcudnn_ops_infer
[CBI] ->              : -lcudnn_ops_train
[CBI] ->              : -lcufft
[CBI] ->              : -lcufftw
[CBI] ->              : -lcuinj64
[CBI] ->              : -lcurand
[CBI] ->              : -lcusolver
[CBI] ->              : -lcusolverMg
[CBI] ->              : -lcusparse
[CBI] ->              : -lgomp
[CBI] ->              : -lnppc
[CBI] ->              : -lnppial
[CBI] ->              : -lnppicc
[CBI] ->              : -lnppidei
[CBI] ->              : -lnppif
[CBI] ->              : -lnppig
[CBI] ->              : -lnppim
[CBI] ->              : -lnppist
[CBI] ->              : -lnppisu
[CBI] ->              : -lnppitc
[CBI] ->              : -lnpps
[CBI] ->              : -lnvToolsExt
[CBI] ->              : -lnvblas
[CBI] ->              : -lnvjpeg
[CBI] ->              : -lnvrtc
[CBI] ->              : -lnvrtc-builtins


==================================================================================
[CBI] -> Target Name  : BilatTools_Cuda_305_012_cuda_110_x86_64
[CBI] -> Location     : /tmp/ramdrive/bilat/Targets/BilatTools_Cuda_305_012/bin/libBilatTools_Cuda_305_012_cuda_110_x86_64.so
[CBI] -> Deploy 	  : ../RELEASE/bin
[CBI] ->
[CBI] -> Type	 	  : SHARED_LIB
[CBI] -> Arch	 	  : x86_64
[CBI] -> OS	 	      : Linux
[CBI] -> User	 	  : bilat
[CBI] ->
[CBI] -> Compilateur  : g++ && nvcc
[CBI] -> Task		  : End Compiling-Linking !
[CBI] -> Time		  : 6 (s)
==================================================================================


[CBI] -> Deploying      : ../RELEASE/bin/libBilatTools_Cuda_305_012_cuda_110_x86_64.so

[CBI] -> Symlink Project Inc
[CBI] -> To update code completion : ctrl-shift-s   or   gui/index/rebuild

[CBI] -> BilatTools_Cuda_305_012_cuda_110_x86_64 : End ALL!


00:39:40 Build Finished. 0 errors, 1 warnings. (took 7s.716ms)

