18:29:39 **** Build of configuration CudaGCC_parallel for project Tuto_MultiCourbes_Cuda ****
cbicc cuda jall 

--------------------------------------------------------
[Runtime] : gcc x86
--------------------------------------------------------


[cuda]        : /usr/local

[jni]         : /usr/lib/jvm/java-11-openjdk-amd64

[X11]         : /usr/include/X11

[MKL]         : /opt/intel/mkl

[boost]       : /opt/api/ext/boost

[opencv]      : /opt/api/ext/opencv

[cpptest]     : /opt/api/ext/cpptest

[gphoto2]     : /opt/api/ext/gphoto2

[urg]         : /opt/api/ext/urg

[wic]         : /opt/api/ext/wic 

[pleora]      : /opt/api/ext/pleora

[glm]      : /opt/api/ext/GLM

[dronecode]         : /opt/api/ext/dronecode

[Runtime] : BILAT_INFOGRAPHIE           /opt/api/cbi/infographie

     BILAT_TOOLS_JST_HOME             = /opt/api/cbi/infographie/tools
     BILAT_OPENGL_HOME                = /opt/api/cbi/infographie/opengl
     BILAT_FENETRAGE_HOME             = /opt/api/cbi/infographie/fenetrage
     BILAT_IMAGE_HOME                 = /opt/api/cbi/infographie/image
     BILAT_SCENE_3D_HOME              = /opt/api/cbi/infographie/scene3d

[Runtime] : BILAT_TOOLS                 /opt/api/cbi/tools

     BILAT_TOOLS_CPP_HOME             = /opt/api/cbi/tools/bilat_tools_cpp
     BILAT_TOOLS_OMP_HOME             = /opt/api/cbi/tools/bilat_tools_omp
     BILAT_TOOLS_CUDA_HOME            = /opt/api/cbi/tools/bilat_tools_cuda
     BILAT_TOOLS_MKL_HOME             = /opt/api/cbi/tools/bilat_tools_mkl
     BILAT_TOOLS_OPENCV_HOME          = /opt/api/cbi/tools/bilat_tools_opencv
     BILAT_TOOLS_V4L_HOME             = /opt/api/cbi/tools/bilat_tools_v4l
     BILAT_TOOLS_CUDA_IMAGE_HOME      = /opt/api/cbi/tools/bilat_tools_cuda_image
     BILAT_TOOLS_CUDA_IMAGE_CV_HOME   = /opt/api/cbi/tools/bilat_tools_cuda_image_cv
     BILAT_TOOLS_IMAGE_HOME           = /opt/api/cbi/tools/bilat_tools_image
     BILAT_TOOLS_IMAGE_CV_HOME        = /opt/api/cbi/tools/bilat_tools_image_cv
     BILAT_TOOLS_CUDA_3D_HOME         = /opt/api/cbi/tools/bilat_tools_cuda_3D
     BILAT_TOOLS_JNI_HOME             = /opt/api/cbi/tools/bilat_tools_jni

[Runtime] : BILAT_CAPTEUR               /opt/api/cbi/capteur

     BILAT_GPHOTO2_HOME                 = /opt/api/cbi/capteur/bilat_gphoto2
     BILAT_LASER_HOME                   = /opt/api/cbi/capteur/bilat_laser
     BILAT_LIDAR_HOME                   = /opt/api/cbi/capteur/bilat_lidar
     BILAT_TAU2_HOME                    = /opt/api/cbi/capteur/bilat_tau2
     BILAT_SPEECH_HOME                  = /opt/api/cbi/capteur/bilat_speech
     BILAT_GPS_HOME                     = /opt/api/cbi/capteur/bilat_gps

--------------------------------------------------------
[Runtime] : gcc x86 : Ready!
--------------------------------------------------------


g++ (Ubuntu 7.5.0-3ubuntu1~18.04) 7.5.0
Copyright (C) 2017 Free Software Foundation, Inc.
This is free software; see the source for copying conditions.  There is NO
warranty; not even for MERCHANTABILITY or FITNESS FOR A PARTICULAR PURPOSE.


nvcc: NVIDIA (R) Cuda compiler driver
Copyright (c) 2005-2019 NVIDIA Corporation
Built on Wed_Oct_23_19:24:38_PDT_2019
Cuda compilation tools, release 10.2, V10.2.89


[CUDA GCC] : jall


==================================================================================
[CBI] -> Target Name  : Tuto_Cuda_MultiCourbes_cuda_102_x86_64
[CBI] ->
[CBI] -> Build        : /tmp/ramdrive/bilat/Targets/Tuto_Cuda_MultiCourbes/bin/Tuto_Cuda_MultiCourbes_cuda_102_x86_64.run
[CBI] -> Deploy       : ../RELEASE/bin
[CBI] ->
[CBI] -> Type	      : EXE
[CBI] -> Arch	      : x86_64
[CBI] -> OS	 		  : Linux
[CBI] -> User	 	  : bilat
[CBI] ->
[CBI] -> Task		  : Compiling-Linking !
==================================================================================

[CBI] -> SRC AUX (Recursif) :
[CBI] ->

[CBI] -> CXXFLAGS (Partial) :
[CBI] ->
[CBI] ->              : -fopenmp
[CBI] ->              : -std=c++14
[CBI] ->              : -O3
[CBI] ->              : -frerun-loop-opt
[CBI] ->              : -fomit-frame-pointer

[CBI] -> CXXLDFLAGS (Partial) :
[CBI] ->

[CBI] -> NVCCFLAGS (Partial) :
[CBI] ->
[CBI] ->              : --fmad=true
[CBI] ->              : -arch=sm_75
[CBI] ->              : -m64
[CBI] ->              : -std=c++14
[CBI] ->              : -use_fast_math

[CBI] -> NVCCLDFLAGS (Partial) :
[CBI] ->
[CBI] ->              : -arch=sm_75

[CBI] -> INC_PATH (auto detect):
[CBI] ->              : src/cpp/core/01_warm_up/
[CBI] ->              : src/cpp/core/01_warm_up/01_MultiCourbe_API/
[CBI] ->              : src/cpp/core/01_warm_up/02_cuda/host/
[CBI] ->              : src/cpp/core/01_warm_up/03_math/


[CBI] -> LIB_PATH (auto detect):

[CBI] -> LIB_PATH (auto detect):

[CBI] -> API_INC :
[CBI] ->              : /opt/api/cbi/infographie/fenetrage/304/Bilat_Fenetrage_Displayable/INC
[CBI] ->              : /opt/api/cbi/infographie/fenetrage/304/Bilat_Fenetrage_Displayable/INC/primitives
[CBI] ->              : /opt/api/cbi/infographie/fenetrage/304/Bilat_Fenetrage_FreeGlut_Tools/INC
[CBI] ->              : /opt/api/cbi/infographie/multicourbes/304/Bilat_MultiCourbes_FreeGlut_Cuda/INC
[CBI] ->              : /opt/api/cbi/infographie/multicourbes/304/Bilat_MultiCourbes_GL_Cuda/INC
[CBI] ->              : /opt/api/cbi/infographie/opengl/304/Bilat_OpenGL_Tools/INC
[CBI] ->              : /opt/api/cbi/infographie/tools/304/Bilat_tools_dll/INC
[CBI] ->              : /opt/api/cbi/tools/bilat_tools_cpp/304_008/INC
[CBI] ->              : /opt/api/cbi/tools/bilat_tools_cpp/304_008/INC/tools
[CBI] ->              : /opt/api/cbi/tools/bilat_tools_cpp/304_008/INC/tools/01_namespace_cpu
[CBI] ->              : /opt/api/cbi/tools/bilat_tools_cpp/304_008/INC/tools/02_fps
[CBI] ->              : /opt/api/cbi/tools/bilat_tools_cpp/304_008/INC/tools/03_array
[CBI] ->              : /opt/api/cbi/tools/bilat_tools_cpp/304_008/INC/tools/04_files
[CBI] ->              : /opt/api/cbi/tools/bilat_tools_cpp/304_008/INC/tools/05_chrono
[CBI] ->              : /opt/api/cbi/tools/bilat_tools_cpp/304_008/INC/tools/DEPRECATED
[CBI] ->              : /opt/api/cbi/tools/bilat_tools_cpp/304_008/INC/tools/cpp
[CBI] ->              : /opt/api/cbi/tools/bilat_tools_cpp/304_008/INC/tools/header
[CBI] ->              : /opt/api/cbi/tools/bilat_tools_cuda/304_008/INC
[CBI] ->              : /opt/api/cbi/tools/bilat_tools_cuda/304_008/INC/cudatools
[CBI] ->              : /opt/api/cbi/tools/bilat_tools_cuda/304_008/INC/cudatools/01_nvidia
[CBI] ->              : /opt/api/cbi/tools/bilat_tools_cuda/304_008/INC/cudatools/02_cudaContext
[CBI] ->              : /opt/api/cbi/tools/bilat_tools_cuda/304_008/INC/cudatools/02_cudaContext/simple
[CBI] ->              : /opt/api/cbi/tools/bilat_tools_cuda/304_008/INC/cudatools/02_cudaContext/simple/enum
[CBI] ->              : /opt/api/cbi/tools/bilat_tools_cuda/304_008/INC/cudatools/03_tid
[CBI] ->              : /opt/api/cbi/tools/bilat_tools_cuda/304_008/INC/cudatools/04_host_wrapper
[CBI] ->              : /opt/api/cbi/tools/bilat_tools_cuda/304_008/INC/cudatools/04_host_wrapper/00_grid
[CBI] ->              : /opt/api/cbi/tools/bilat_tools_cuda/304_008/INC/cudatools/04_host_wrapper/01_memory
[CBI] ->              : /opt/api/cbi/tools/bilat_tools_cuda/304_008/INC/cudatools/04_host_wrapper/01_memory/cm
[CBI] ->              : /opt/api/cbi/tools/bilat_tools_cuda/304_008/INC/cudatools/04_host_wrapper/01_memory/gm
[CBI] ->              : /opt/api/cbi/tools/bilat_tools_cuda/304_008/INC/cudatools/04_host_wrapper/01_memory/hm
[CBI] ->              : /opt/api/cbi/tools/bilat_tools_cuda/304_008/INC/cudatools/04_host_wrapper/01_memory/sm
[CBI] ->              : /opt/api/cbi/tools/bilat_tools_cuda/304_008/INC/cudatools/04_host_wrapper/02_stream
[CBI] ->              : /opt/api/cbi/tools/bilat_tools_cuda/304_008/INC/cudatools/04_host_wrapper/03_kernel
[CBI] ->              : /opt/api/cbi/tools/bilat_tools_cuda/304_008/INC/cudatools/04_host_wrapper/04_hardware
[CBI] ->              : /opt/api/cbi/tools/bilat_tools_cuda/304_008/INC/cudatools/05_animator
[CBI] ->              : /opt/api/cbi/tools/bilat_tools_cuda/304_008/INC/cudatools/06_bruteforce
[CBI] ->              : /opt/api/cbi/tools/bilat_tools_cuda/304_008/INC/cudatools/06_bruteforce/maillage
[CBI] ->              : /opt/api/cbi/tools/bilat_tools_cuda/304_008/INC/cudatools/06_bruteforce/maillage/creator
[CBI] ->              : /opt/api/cbi/tools/bilat_tools_cuda/304_008/INC/cudatools/06_bruteforce/matlab
[CBI] ->              : /opt/api/cbi/tools/bilat_tools_cuda/304_008/INC/cudatools/06_bruteforce/output
[CBI] ->              : /opt/api/cbi/tools/bilat_tools_cuda/304_008/INC/cudatools/06_bruteforce/output/io
[CBI] ->              : /opt/api/cbi/tools/bilat_tools_cuda/304_008/INC/cudatools/07_test_tools
[CBI] ->              : /opt/api/cbi/tools/bilat_tools_cuda/304_008/INC/cudatools/08_reducer
[CBI] ->              : /opt/api/cbi/tools/bilat_tools_cuda/304_008/INC/cudatools/08_reducer/derivate
[CBI] ->              : /opt/api/cbi/tools/bilat_tools_cuda/304_008/INC/cudatools/08_reducer/synchronisation
[CBI] ->              : /opt/api/cbi/tools/bilat_tools_cuda/304_008/INC/cudatools/DEPRECATED
[CBI] ->              : /opt/api/cbi/tools/bilat_tools_cuda/304_008/INC/cudatools/tools
[CBI] ->              : /opt/api/cbi/tools/bilat_tools_cuda/304_008/INC/cudatools/tools/both
[CBI] ->              : /opt/api/cbi/tools/bilat_tools_cuda/304_008/INC/cudatools/tools/device
[CBI] ->              : /opt/api/cbi/tools/bilat_tools_cuda/304_008/INC/cudatools/tools/host
[CBI] ->              : /usr/local/cuda/include
[CBI] ->              : /usr/local/cuda/include/CL
[CBI] ->              : /usr/local/cuda/include/crt

[CBI] -> API_BIN :
[CBI] ->              : /opt/api/cbi/infographie/fenetrage/304/Bilat_Fenetrage_Displayable/BIN/gcc
[CBI] ->              : /opt/api/cbi/infographie/fenetrage/304/Bilat_Fenetrage_FreeGlut_Tools/BIN/gcc
[CBI] ->              : /opt/api/cbi/infographie/multicourbes/304/Bilat_MultiCourbes_FreeGlut_Cuda/BIN/gcc
[CBI] ->              : /opt/api/cbi/infographie/multicourbes/304/Bilat_MultiCourbes_GL_Cuda/BIN/gcc
[CBI] ->              : /opt/api/cbi/infographie/opengl/304/Bilat_OpenGL_Tools/BIN/gcc
[CBI] ->              : /opt/api/cbi/tools/bilat_tools_cpp/304_008/BIN/gcc
[CBI] ->              : /opt/api/cbi/tools/bilat_tools_cuda/304_008/BIN/gcc
[CBI] ->              : /usr/local/cuda/lib64

[CBI] -> API_LIBRARIES_STATIC :

[CBI] -> API_LIBRARIES :
[CBI] ->              : BilatTools_CPP_304_008_gcc_x86_64
[CBI] ->              : BilatTools_Cuda_304_008_cuda_102_x86_64
[CBI] ->              : Bilat_Fenetrage_Displayable_304_gcc_x86_64
[CBI] ->              : Bilat_Fenetrage_FreeGlut_Tools_304_gcc_x86_64
[CBI] ->              : Bilat_MultiCourbes_FreeGlut_Cuda_304_cuda_102_x86_64
[CBI] ->              : Bilat_MultiCourbes_GL_Cuda_304_cuda_102_x86_64
[CBI] ->              : Bilat_OpenGL_Tools_304_gcc_x86_64
[CBI] ->              : GL
[CBI] ->              : GLEW
[CBI] ->              : GLU
[CBI] ->              : OpenCL
[CBI] ->              : accinj64
[CBI] ->              : cudart
[CBI] ->              : cufft
[CBI] ->              : cufftw
[CBI] ->              : cuinj64
[CBI] ->              : curand
[CBI] ->              : cusolver
[CBI] ->              : cusparse
[CBI] ->              : glut
[CBI] ->              : nppc
[CBI] ->              : nppial
[CBI] ->              : nppicc
[CBI] ->              : nppicom
[CBI] ->              : nppidei
[CBI] ->              : nppif
[CBI] ->              : nppig
[CBI] ->              : nppim
[CBI] ->              : nppist
[CBI] ->              : nppisu
[CBI] ->              : nppitc
[CBI] ->              : npps
[CBI] ->              : nvToolsExt
[CBI] ->              : nvgraph
[CBI] ->              : nvjpeg
[CBI] ->              : nvrtc
[CBI] ->              : nvrtc-builtins


[CBI] -> Compilation parallel (36 threads)

[Tuto_Cuda_MultiCourbes_cuda_102_x86_64] -> g++ compiling .cpp : src/cpp/core/mainCore.cpp

[CBI] -> Linking to   : /tmp/ramdrive/bilat/Targets/Tuto_Cuda_MultiCourbes/bin/Tuto_Cuda_MultiCourbes_cuda_102_x86_64.run

[CBI] -> Library Link :
[CBI] ->
[CBI] ->              : -lBilatTools_CPP_304_008_gcc_x86_64
[CBI] ->              : -lBilatTools_Cuda_304_008_cuda_102_x86_64
[CBI] ->              : -lBilat_Fenetrage_Displayable_304_gcc_x86_64
[CBI] ->              : -lBilat_Fenetrage_FreeGlut_Tools_304_gcc_x86_64
[CBI] ->              : -lBilat_MultiCourbes_FreeGlut_Cuda_304_cuda_102_x86_64
[CBI] ->              : -lBilat_MultiCourbes_GL_Cuda_304_cuda_102_x86_64
[CBI] ->              : -lBilat_OpenGL_Tools_304_gcc_x86_64
[CBI] ->              : -lGL
[CBI] ->              : -lGLEW
[CBI] ->              : -lGLU
[CBI] ->              : -lOpenCL
[CBI] ->              : -laccinj64
[CBI] ->              : -lcublas
[CBI] ->              : -lcudart
[CBI] ->              : -lcufft
[CBI] ->              : -lcufftw
[CBI] ->              : -lcuinj64
[CBI] ->              : -lcurand
[CBI] ->              : -lcusolver
[CBI] ->              : -lcusparse
[CBI] ->              : -lglut
[CBI] ->              : -lgomp
[CBI] ->              : -lnppc
[CBI] ->              : -lnppial
[CBI] ->              : -lnppicc
[CBI] ->              : -lnppicom
[CBI] ->              : -lnppidei
[CBI] ->              : -lnppif
[CBI] ->              : -lnppig
[CBI] ->              : -lnppim
[CBI] ->              : -lnppist
[CBI] ->              : -lnppisu
[CBI] ->              : -lnppitc
[CBI] ->              : -lnpps
[CBI] ->              : -lnvToolsExt
[CBI] ->              : -lnvgraph
[CBI] ->              : -lnvjpeg
[CBI] ->              : -lnvrtc
[CBI] ->              : -lnvrtc-builtins


==================================================================================
[CBI] -> Target Name  : Tuto_Cuda_MultiCourbes_cuda_102_x86_64
[CBI] -> Location     : /tmp/ramdrive/bilat/Targets/Tuto_Cuda_MultiCourbes/bin/Tuto_Cuda_MultiCourbes_cuda_102_x86_64.run
[CBI] -> Deploy 	  : ../RELEASE/bin
[CBI] ->
[CBI] -> Type	 	  : EXE
[CBI] -> Arch	 	  : x86_64
[CBI] -> OS	 	      : Linux
[CBI] -> User	 	  : bilat
[CBI] ->
[CBI] -> Compilateur  : g++ && nvcc
[CBI] -> Task		  : End Compiling-Linking !
[CBI] -> Time		  : 1 (s)
==================================================================================


[CBI] -> Deploying      : ../RELEASE/bin/Tuto_Cuda_MultiCourbes_cuda_102_x86_64.run

[CBI] -> Symlink Project Inc
[CBI] -> To update code completion : ctrl-shift-s   or   gui/index/rebuild

[CBI] -> Tuto_Cuda_MultiCourbes_cuda_102_x86_64 : End ALL!


18:29:41 Build Finished. 0 errors, 0 warnings. (took 2s.359ms)

