17:47:10 **** Build of configuration IntelLinux_parallel for project Tuto_Boost ****
cbicc intel jall 

--------------------------------------------------------
[Runtime] : intel x86
--------------------------------------------------------


[cuda]        : /usr/local

[jni]         : /usr/lib/jvm/java-11-openjdk-amd64

[X11]         : /usr/include/X11

[MKL]         : /opt/intel/mkl
 
:: initializing oneAPI environment ...
   makeIntelLinux.sh: BASH_VERSION = 4.4.20(1)-release
:: compiler -- latest
:: debugger -- latest
:: dev-utilities -- latest
:: mkl -- latest
:: tbb -- latest
:: oneAPI environment initialized ::
 
[Runtime] : Intel : /opt/intel

[boost]       : /opt/api/ext/boost

[opencv]      : /opt/api/ext/opencv

[cpptest]     : /opt/api/ext/cpptest

[gphoto2]     : /opt/api/ext/gphoto2

[urg]         : /opt/api/ext/urg

[wic]         : /opt/api/ext/wic 

[pleora]      : /opt/api/ext/pleora

[glm]      : /opt/api/ext/GLM

[dronecode]         : /opt/api/ext/dronecode

[Runtime] : BILAT_INFOGRAPHIE           /opt/api/cbi/infographie

     BILAT_TOOLS_JST_HOME             = /opt/api/cbi/infographie/tools
     BILAT_OPENGL_HOME                = /opt/api/cbi/infographie/opengl
     BILAT_FENETRAGE_HOME             = /opt/api/cbi/infographie/fenetrage
     BILAT_IMAGE_HOME                 = /opt/api/cbi/infographie/image
     BILAT_SCENE_3D_HOME              = /opt/api/cbi/infographie/scene3d

[Runtime] : BILAT_TOOLS                 /opt/api/cbi/tools

     BILAT_TOOLS_CPP_HOME             = /opt/api/cbi/tools/bilat_tools_cpp
     BILAT_TOOLS_OMP_HOME             = /opt/api/cbi/tools/bilat_tools_omp
     BILAT_TOOLS_CUDA_HOME            = /opt/api/cbi/tools/bilat_tools_cuda
     BILAT_TOOLS_MKL_HOME             = /opt/api/cbi/tools/bilat_tools_mkl
     BILAT_TOOLS_OPENCV_HOME          = /opt/api/cbi/tools/bilat_tools_opencv
     BILAT_TOOLS_V4L_HOME             = /opt/api/cbi/tools/bilat_tools_v4l
     BILAT_TOOLS_CUDA_IMAGE_HOME      = /opt/api/cbi/tools/bilat_tools_cuda_image
     BILAT_TOOLS_CUDA_IMAGE_CV_HOME   = /opt/api/cbi/tools/bilat_tools_cuda_image_cv
     BILAT_TOOLS_IMAGE_HOME           = /opt/api/cbi/tools/bilat_tools_image
     BILAT_TOOLS_IMAGE_CV_HOME        = /opt/api/cbi/tools/bilat_tools_image_cv
     BILAT_TOOLS_CUDA_3D_HOME         = /opt/api/cbi/tools/bilat_tools_cuda_3D
     BILAT_TOOLS_JNI_HOME             = /opt/api/cbi/tools/bilat_tools_jni

[Runtime] : BILAT_CAPTEUR               /opt/api/cbi/capteur

     BILAT_GPHOTO2_HOME                 = /opt/api/cbi/capteur/bilat_gphoto2
     BILAT_LASER_HOME                   = /opt/api/cbi/capteur/bilat_laser
     BILAT_LIDAR_HOME                   = /opt/api/cbi/capteur/bilat_lidar
     BILAT_TAU2_HOME                    = /opt/api/cbi/capteur/bilat_tau2
     BILAT_SPEECH_HOME                  = /opt/api/cbi/capteur/bilat_speech
     BILAT_GPS_HOME                     = /opt/api/cbi/capteur/bilat_gps

--------------------------------------------------------
[Runtime] : intel x86_64 : Ready!
--------------------------------------------------------


[INTEL] : jall

icpc (ICC) 2021.3.0 20210609
Copyright (C) 1985-2021 Intel Corporation.  All rights reserved.

==================================================================================
[CBI] -> Target Name  : Tuto_Boost_bilat_intel_x86_64
[CBI] ->
[CBI] -> Build     	  : /tmp/ramdrive/bilat/Targets/Tuto_Boost_bilat/bin/Tuto_Boost_bilat_intel_x86_64.run
[CBI] -> Deploy       : ../RELEASE/bin
[CBI] ->
[CBI] -> Type	 	  : EXE
[CBI] -> Arch	 	  : x86_64
[CBI] -> OS	 		  : Linux
[CBI] -> User	 	  : bilat
[CBI] ->
[CBI] -> Task		  : Compiling-Linking
==================================================================================

[CBI] -> SRC AUX (Recursif) :
[CBI] ->

[CBI] -> CXXFLAGS (Partial) :
[CBI] ->
[CBI] ->              : -O3
[CBI] ->              : -fast
[CBI] ->              : -par-threshold100
[CBI] ->              : -qopenmp
[CBI] ->              : -std=c++17
[CBI] ->              : -w
[CBI] ->              : -xHost

[CBI] -> LDFLAGS (Partial) :
[CBI] ->

[CBI] -> INC_PATH (auto detect):
[CBI] ->              : src/cpp/core/boost/synchronization/singleton/
[CBI] ->              : src/cpp/core/boost/thread/
[CBI] ->              : src/cpp/core/std/synchronization/singleton/
[CBI] ->              : src/cpp/core/std/thread/

[CBI] -> LIB_PATH (auto detect):

[CBI] -> API_INC :
[CBI] ->              : /opt/api/ext/boost/1740/include
[CBI] ->              : /opt/api/ext/boost/1740/include/boost

[CBI] -> API_BIN :
[CBI] ->              : /opt/api/ext/boost/1740/lib/icc
[CBI] ->              : /opt/api/ext/boost/1740/lib/icc/cmake
[CBI] ->              : /opt/api/ext/boost/1740/lib/icc/cmake/Boost-1.74.0
[CBI] ->              : /opt/api/ext/boost/1740/lib/icc/cmake/boost_atomic-1.74.0
[CBI] ->              : /opt/api/ext/boost/1740/lib/icc/cmake/boost_chrono-1.74.0
[CBI] ->              : /opt/api/ext/boost/1740/lib/icc/cmake/boost_container-1.74.0
[CBI] ->              : /opt/api/ext/boost/1740/lib/icc/cmake/boost_context-1.74.0
[CBI] ->              : /opt/api/ext/boost/1740/lib/icc/cmake/boost_contract-1.74.0
[CBI] ->              : /opt/api/ext/boost/1740/lib/icc/cmake/boost_coroutine-1.74.0
[CBI] ->              : /opt/api/ext/boost/1740/lib/icc/cmake/boost_date_time-1.74.0
[CBI] ->              : /opt/api/ext/boost/1740/lib/icc/cmake/boost_exception-1.74.0
[CBI] ->              : /opt/api/ext/boost/1740/lib/icc/cmake/boost_fiber-1.74.0
[CBI] ->              : /opt/api/ext/boost/1740/lib/icc/cmake/boost_fiber_numa-1.74.0
[CBI] ->              : /opt/api/ext/boost/1740/lib/icc/cmake/boost_filesystem-1.74.0
[CBI] ->              : /opt/api/ext/boost/1740/lib/icc/cmake/boost_graph-1.74.0
[CBI] ->              : /opt/api/ext/boost/1740/lib/icc/cmake/boost_graph_parallel-1.74.0
[CBI] ->              : /opt/api/ext/boost/1740/lib/icc/cmake/boost_headers-1.74.0
[CBI] ->              : /opt/api/ext/boost/1740/lib/icc/cmake/boost_iostreams-1.74.0
[CBI] ->              : /opt/api/ext/boost/1740/lib/icc/cmake/boost_locale-1.74.0
[CBI] ->              : /opt/api/ext/boost/1740/lib/icc/cmake/boost_log-1.74.0
[CBI] ->              : /opt/api/ext/boost/1740/lib/icc/cmake/boost_log_setup-1.74.0
[CBI] ->              : /opt/api/ext/boost/1740/lib/icc/cmake/boost_math_c99-1.74.0
[CBI] ->              : /opt/api/ext/boost/1740/lib/icc/cmake/boost_math_c99f-1.74.0
[CBI] ->              : /opt/api/ext/boost/1740/lib/icc/cmake/boost_math_c99l-1.74.0
[CBI] ->              : /opt/api/ext/boost/1740/lib/icc/cmake/boost_math_tr1-1.74.0
[CBI] ->              : /opt/api/ext/boost/1740/lib/icc/cmake/boost_math_tr1f-1.74.0
[CBI] ->              : /opt/api/ext/boost/1740/lib/icc/cmake/boost_math_tr1l-1.74.0
[CBI] ->              : /opt/api/ext/boost/1740/lib/icc/cmake/boost_mpi-1.74.0
[CBI] ->              : /opt/api/ext/boost/1740/lib/icc/cmake/boost_nowide-1.74.0
[CBI] ->              : /opt/api/ext/boost/1740/lib/icc/cmake/boost_numpy-1.74.0
[CBI] ->              : /opt/api/ext/boost/1740/lib/icc/cmake/boost_prg_exec_monitor-1.74.0
[CBI] ->              : /opt/api/ext/boost/1740/lib/icc/cmake/boost_program_options-1.74.0
[CBI] ->              : /opt/api/ext/boost/1740/lib/icc/cmake/boost_python-1.74.0
[CBI] ->              : /opt/api/ext/boost/1740/lib/icc/cmake/boost_random-1.74.0
[CBI] ->              : /opt/api/ext/boost/1740/lib/icc/cmake/boost_regex-1.74.0
[CBI] ->              : /opt/api/ext/boost/1740/lib/icc/cmake/boost_serialization-1.74.0
[CBI] ->              : /opt/api/ext/boost/1740/lib/icc/cmake/boost_stacktrace_addr2line-1.74.0
[CBI] ->              : /opt/api/ext/boost/1740/lib/icc/cmake/boost_stacktrace_backtrace-1.74.0
[CBI] ->              : /opt/api/ext/boost/1740/lib/icc/cmake/boost_stacktrace_basic-1.74.0
[CBI] ->              : /opt/api/ext/boost/1740/lib/icc/cmake/boost_stacktrace_noop-1.74.0
[CBI] ->              : /opt/api/ext/boost/1740/lib/icc/cmake/boost_stacktrace_windbg-1.74.0
[CBI] ->              : /opt/api/ext/boost/1740/lib/icc/cmake/boost_stacktrace_windbg_cached-1.74.0
[CBI] ->              : /opt/api/ext/boost/1740/lib/icc/cmake/boost_system-1.74.0
[CBI] ->              : /opt/api/ext/boost/1740/lib/icc/cmake/boost_test_exec_monitor-1.74.0
[CBI] ->              : /opt/api/ext/boost/1740/lib/icc/cmake/boost_thread-1.74.0
[CBI] ->              : /opt/api/ext/boost/1740/lib/icc/cmake/boost_timer-1.74.0
[CBI] ->              : /opt/api/ext/boost/1740/lib/icc/cmake/boost_type_erasure-1.74.0
[CBI] ->              : /opt/api/ext/boost/1740/lib/icc/cmake/boost_unit_test_framework-1.74.0
[CBI] ->              : /opt/api/ext/boost/1740/lib/icc/cmake/boost_wave-1.74.0
[CBI] ->              : /opt/api/ext/boost/1740/lib/icc/cmake/boost_wserialization-1.74.0

[CBI] -> API_LIBRARIES_STATIC :

[CBI] -> API_LIBRARIES :
[CBI] ->              : boost_atomic-icc17
[CBI] ->              : boost_chrono-icc17
[CBI] ->              : boost_container-icc17
[CBI] ->              : boost_context-icc17
[CBI] ->              : boost_contract-icc17
[CBI] ->              : boost_coroutine-icc17
[CBI] ->              : boost_date_time-icc17
[CBI] ->              : boost_fiber-icc17
[CBI] ->              : boost_filesystem-icc17
[CBI] ->              : boost_graph-icc17
[CBI] ->              : boost_iostreams-icc17
[CBI] ->              : boost_locale-icc17
[CBI] ->              : boost_math_c99-icc17
[CBI] ->              : boost_math_c99f-icc17
[CBI] ->              : boost_math_c99l-icc17
[CBI] ->              : boost_math_tr1-icc17
[CBI] ->              : boost_math_tr1f-icc17
[CBI] ->              : boost_math_tr1l-icc17
[CBI] ->              : boost_nowide-icc17
[CBI] ->              : boost_numpy27-icc17
[CBI] ->              : boost_prg_exec_monitor-icc17
[CBI] ->              : boost_program_options-icc17
[CBI] ->              : boost_python27-icc17
[CBI] ->              : boost_random-icc17
[CBI] ->              : boost_regex-icc17
[CBI] ->              : boost_serialization-icc17
[CBI] ->              : boost_stacktrace_addr2line-icc17
[CBI] ->              : boost_stacktrace_backtrace-icc17
[CBI] ->              : boost_stacktrace_basic-icc17
[CBI] ->              : boost_stacktrace_noop-icc17
[CBI] ->              : boost_system-icc17
[CBI] ->              : boost_thread-icc17
[CBI] ->              : boost_timer-icc17
[CBI] ->              : boost_type_erasure-icc17
[CBI] ->              : boost_unit_test_framework-icc17
[CBI] ->              : boost_wave-icc17
[CBI] ->              : boost_wserialization-icc17

[CBI] -> Create folder : /tmp/ramdrive/bilat/Targets/Tuto_Boost_bilat/bin
[CBI] -> Create folder : /tmp/ramdrive/bilat/Targets/Tuto_Boost_bilat/obj

[CBI] -> Compilation parallel (36 threads)

[Tuto_Boost_bilat_intel_x86_64] -> icpc compiling .cpp : src/main.cpp
[Tuto_Boost_bilat_intel_x86_64] -> icpc compiling .cpp : src/cpp/core/std/mainStd.cpp
[Tuto_Boost_bilat_intel_x86_64] -> icpc compiling .cpp : src/cpp/core/std/thread/04_thread_std_objet_methode.cpp
[Tuto_Boost_bilat_intel_x86_64] -> icpc compiling .cpp : src/cpp/core/std/thread/02_thread_std_procedure_args.cpp
[Tuto_Boost_bilat_intel_x86_64] -> icpc compiling .cpp : src/cpp/core/std/thread/useStdThread.cpp
[Tuto_Boost_bilat_intel_x86_64] -> icpc compiling .cpp : src/cpp/core/std/thread/03_thread_std_objet.cpp
[Tuto_Boost_bilat_intel_x86_64] -> icpc compiling .cpp : src/cpp/core/std/thread/01_thread_std_procedure.cpp
[Tuto_Boost_bilat_intel_x86_64] -> icpc compiling .cpp : src/cpp/core/std/synchronization/singleton/SingletonStd.cpp
[Tuto_Boost_bilat_intel_x86_64] -> icpc compiling .cpp : src/cpp/core/std/synchronization/singleton/useStdSynchronization.cpp
[Tuto_Boost_bilat_intel_x86_64] -> icpc compiling .cpp : src/cpp/core/boost/thread/02_thread_procedure_args.cpp
[Tuto_Boost_bilat_intel_x86_64] -> icpc compiling .cpp : src/cpp/core/boost/mainBoost.cpp
[Tuto_Boost_bilat_intel_x86_64] -> icpc compiling .cpp : src/cpp/core/boost/thread/useThread.cpp
[Tuto_Boost_bilat_intel_x86_64] -> icpc compiling .cpp : src/cpp/core/boost/thread/03_thread_objet.cpp
[Tuto_Boost_bilat_intel_x86_64] -> icpc compiling .cpp : src/cpp/core/boost/thread/01_thread_procedure.cpp
[Tuto_Boost_bilat_intel_x86_64] -> icpc compiling .cpp : src/cpp/core/boost/thread/04_thread_objet_methode.cpp
[Tuto_Boost_bilat_intel_x86_64] -> icpc compiling .cpp : src/cpp/core/boost/synchronization/singleton/SingletonBoost.cpp
[Tuto_Boost_bilat_intel_x86_64] -> icpc compiling .cpp : src/cpp/core/boost/synchronization/singleton/useBoostSynchronization.cpp
[Tuto_Boost_bilat_intel_x86_64] -> icpc compiling .cpp : src/cpp/core/boost/synchronization/fifo/useFifoBoostSynchro.cpp
[Tuto_Boost_bilat_intel_x86_64] -> icpc compiling .cpp : src/cpp/core/boost/options/useOptions.cpp

[CBI] -> Linking to   : /tmp/ramdrive/bilat/Targets/Tuto_Boost_bilat/bin/Tuto_Boost_bilat_intel_x86_64.run

[CBI] -> Library Link :
[CBI] ->              : -lboost_atomic-icc17
[CBI] ->              : -lboost_chrono-icc17
[CBI] ->              : -lboost_container-icc17
[CBI] ->              : -lboost_context-icc17
[CBI] ->              : -lboost_contract-icc17
[CBI] ->              : -lboost_coroutine-icc17
[CBI] ->              : -lboost_date_time-icc17
[CBI] ->              : -lboost_fiber-icc17
[CBI] ->              : -lboost_filesystem-icc17
[CBI] ->              : -lboost_graph-icc17
[CBI] ->              : -lboost_iostreams-icc17
[CBI] ->              : -lboost_locale-icc17
[CBI] ->              : -lboost_math_c99-icc17
[CBI] ->              : -lboost_math_c99f-icc17
[CBI] ->              : -lboost_math_c99l-icc17
[CBI] ->              : -lboost_math_tr1-icc17
[CBI] ->              : -lboost_math_tr1f-icc17
[CBI] ->              : -lboost_math_tr1l-icc17
[CBI] ->              : -lboost_nowide-icc17
[CBI] ->              : -lboost_numpy27-icc17
[CBI] ->              : -lboost_prg_exec_monitor-icc17
[CBI] ->              : -lboost_program_options-icc17
[CBI] ->              : -lboost_python27-icc17
[CBI] ->              : -lboost_random-icc17
[CBI] ->              : -lboost_regex-icc17
[CBI] ->              : -lboost_serialization-icc17
[CBI] ->              : -lboost_stacktrace_addr2line-icc17
[CBI] ->              : -lboost_stacktrace_backtrace-icc17
[CBI] ->              : -lboost_stacktrace_basic-icc17
[CBI] ->              : -lboost_stacktrace_noop-icc17
[CBI] ->              : -lboost_system-icc17
[CBI] ->              : -lboost_thread-icc17
[CBI] ->              : -lboost_timer-icc17
[CBI] ->              : -lboost_type_erasure-icc17
[CBI] ->              : -lboost_unit_test_framework-icc17
[CBI] ->              : -lboost_wave-icc17
[CBI] ->              : -lboost_wserialization-icc17
[CBI] ->              : -liomp5
[CBI] ->              : -lpthread
[CBI] ->              : -lpython2.7

==================================================================================
[CBI] -> Target Name  : Tuto_Boost_bilat_intel_x86_64
[CBI] -> Location     : /tmp/ramdrive/bilat/Targets/Tuto_Boost_bilat/bin/Tuto_Boost_bilat_intel_x86_64.run
[CBI] -> Deploy 	  : ../RELEASE/bin
[CBI] ->
[CBI] -> Type	 	  : EXE
[CBI] -> Arch	 	  : x86_64
[CBI] -> OS	 		  : Linux
[CBI] -> User	 	  : bilat
[CBI] ->
[CBI] -> Compilateur  : icpc
[CBI] -> Task	      : End Compiling-Linking !
[CBI] -> Time		  : 7 (s)
==================================================================================


[CBI] -> Deploying    : ../RELEASE/bin/Tuto_Boost_bilat_intel_x86_64.run

[CBI] -> Symlink Project Inc
[CBI] -> To update code completion : ctrl-shift-s   or   gui/index/rebuild

[CBI] -> Tuto_Boost_bilat_intel_x86_64 : End ALL!


17:47:19 Build Finished. 0 errors, 0 warnings. (took 9s.8ms)

