15:44:08 **** Incremental Build of configuration CudaGCC_parallel for project Tuto_Image_JNI_Cuda ****
cbicc cuda jall 

--------------------------------------------------------
[Runtime] : gcc x86
--------------------------------------------------------


[cuda]        : /usr/local

[jni]         : /usr/lib/jvm/java-11-openjdk-amd64

[X11]         : /usr/include/X11

[MKL]         : /opt/intel/mkl

[boost]       : /opt/api/ext/boost

[opencv]      : /opt/api/ext/opencv

[cpptest]     : /opt/api/ext/cpptest

[gphoto2]     : /opt/api/ext/gphoto2

[urg]         : /opt/api/ext/urg

[wic]         : /opt/api/ext/wic 

[pleora]      : /opt/api/ext/pleora

[glm]      : /opt/api/ext/GLM

[dronecode]         : /opt/api/ext/dronecode

[Runtime] : BILAT_INFOGRAPHIE           /opt/api/cbi/infographie

     BILAT_TOOLS_JST_HOME             = /opt/api/cbi/infographie/tools
     BILAT_OPENGL_HOME                = /opt/api/cbi/infographie/opengl
     BILAT_FENETRAGE_HOME             = /opt/api/cbi/infographie/fenetrage
     BILAT_IMAGE_HOME                 = /opt/api/cbi/infographie/image
     BILAT_SCENE_3D_HOME              = /opt/api/cbi/infographie/scene3d

[Runtime] : BILAT_TOOLS                 /opt/api/cbi/tools

     BILAT_TOOLS_CPP_HOME             = /opt/api/cbi/tools/bilat_tools_cpp
     BILAT_TOOLS_OMP_HOME             = /opt/api/cbi/tools/bilat_tools_omp
     BILAT_TOOLS_CUDA_HOME            = /opt/api/cbi/tools/bilat_tools_cuda
     BILAT_TOOLS_MKL_HOME             = /opt/api/cbi/tools/bilat_tools_mkl
     BILAT_TOOLS_OPENCV_HOME          = /opt/api/cbi/tools/bilat_tools_opencv
     BILAT_TOOLS_V4L_HOME             = /opt/api/cbi/tools/bilat_tools_v4l
     BILAT_TOOLS_CUDA_IMAGE_HOME      = /opt/api/cbi/tools/bilat_tools_cuda_image
     BILAT_TOOLS_CUDA_IMAGE_CV_HOME   = /opt/api/cbi/tools/bilat_tools_cuda_image_cv
     BILAT_TOOLS_IMAGE_HOME           = /opt/api/cbi/tools/bilat_tools_image
     BILAT_TOOLS_IMAGE_CV_HOME        = /opt/api/cbi/tools/bilat_tools_image_cv
     BILAT_TOOLS_CUDA_3D_HOME         = /opt/api/cbi/tools/bilat_tools_cuda_3D
     BILAT_TOOLS_JNI_HOME             = /opt/api/cbi/tools/bilat_tools_jni

[Runtime] : BILAT_CAPTEUR               /opt/api/cbi/capteur

     BILAT_GPHOTO2_HOME                 = /opt/api/cbi/capteur/bilat_gphoto2
     BILAT_LASER_HOME                   = /opt/api/cbi/capteur/bilat_laser
     BILAT_LIDAR_HOME                   = /opt/api/cbi/capteur/bilat_lidar
     BILAT_TAU2_HOME                    = /opt/api/cbi/capteur/bilat_tau2
     BILAT_SPEECH_HOME                  = /opt/api/cbi/capteur/bilat_speech
     BILAT_GPS_HOME                     = /opt/api/cbi/capteur/bilat_gps

--------------------------------------------------------
[Runtime] : gcc x86 : Ready!
--------------------------------------------------------


g++ (Ubuntu 7.5.0-3ubuntu1~18.04) 7.5.0
Copyright (C) 2017 Free Software Foundation, Inc.
This is free software; see the source for copying conditions.  There is NO
warranty; not even for MERCHANTABILITY or FITNESS FOR A PARTICULAR PURPOSE.


nvcc: NVIDIA (R) Cuda compiler driver
Copyright (c) 2005-2020 NVIDIA Corporation
Built on Wed_Jul_22_19:09:09_PDT_2020
Cuda compilation tools, release 11.0, V11.0.221
Build cuda_11.0_bu.TC445_37.28845127_0


[CUDA GCC] : jall


==================================================================================
[CBI] -> Target Name  : Tuto_Image_JNI_Cuda_cuda_110_x86_64
[CBI] ->
[CBI] -> Build        : /tmp/ramdrive/bilat/Targets/Tuto_Image_JNI_Cuda/bin/libTuto_Image_JNI_Cuda_cuda_110_x86_64.so
[CBI] -> Deploy       : ../RELEASE/bin
[CBI] ->
[CBI] -> Type	      : SHARED_LIB
[CBI] -> Arch	      : x86_64
[CBI] -> OS	 		  : Linux
[CBI] -> User	 	  : bilat
[CBI] ->
[CBI] -> Task		  : Compiling-Linking !
==================================================================================

[CBI] -> SRC AUX (Recursif) :
[CBI] ->

[CBI] -> CXXFLAGS (Partial) :
[CBI] ->
[CBI] ->              : -fPIC
[CBI] ->              : -fvisibility=hidden
[CBI] ->              : -fopenmp
[CBI] ->              : -std=c++17
[CBI] ->              : -O3
[CBI] ->              : -frerun-loop-opt
[CBI] ->              : -fomit-frame-pointer

[CBI] -> CXXLDFLAGS (Partial) :
[CBI] ->

[CBI] -> NVCCFLAGS (Partial) :
[CBI] ->
[CBI] ->              : --fmad=true
[CBI] ->              : -arch=sm_75
[CBI] ->              : -m64
[CBI] ->              : -std=c++17
[CBI] ->              : -use_fast_math

[CBI] -> NVCCLDFLAGS (Partial) :
[CBI] ->
[CBI] ->              : -arch=sm_75
[CBI] ->              : -shared

[CBI] -> INC_PATH (auto detect):
[CBI] ->              : src/cpp/core/hello/00_bridge/00_JNI/
[CBI] ->              : src/cpp/core/hello/00_bridge/01_toObject/
[CBI] ->              : src/cpp/core/hello/00_bridge/02_binding/
[CBI] ->              : src/cpp/core/hello/01_image_api_standard/01_moo/device/
[CBI] ->              : src/cpp/core/hello/01_image_api_standard/01_moo/host/
[CBI] ->              : src/cpp/core/hello/01_image_api_standard/02_view/
[CBI] ->              : src/cpp/core/hello/01_image_api_standard/02_view/graphic2D/
[CBI] ->              : src/cpp/core/hello/01_image_api_standard/02_view/listener/
[CBI] ->              : src/cpp/core/hello/01_image_api_standard/02_view/listener/neighborhood/
[CBI] ->              : src/cpp/core/hello/01_image_api_standard/03_use/01_provider/
[CBI] ->              : src/cpp/core/hello/01_image_api_standard/04_settings/
[CBI] ->              : src/cpp/core/hello/01_image_api_standard/04_settings/neighborhood/


[CBI] -> LIB_PATH (auto detect):

[CBI] -> LIB_PATH (auto detect):

[CBI] -> API_INC :
[CBI] ->              : /opt/api/cbi/infographie/fenetrage/305/Bilat_Fenetrage_Canvas_JNI/INC
[CBI] ->              : /opt/api/cbi/infographie/fenetrage/305/Bilat_Fenetrage_Canvas_JNI/INC/private
[CBI] ->              : /opt/api/cbi/infographie/fenetrage/305/Bilat_Fenetrage_Displayable/INC
[CBI] ->              : /opt/api/cbi/infographie/fenetrage/305/Bilat_Fenetrage_Displayable/INC/primitives
[CBI] ->              : /opt/api/cbi/infographie/fenetrage/305/Bilat_Fenetrage_Displayable_GL/INC
[CBI] ->              : /opt/api/cbi/infographie/fenetrage/305/Bilat_Fenetrage_Displayable_GL/INC/primitives
[CBI] ->              : /opt/api/cbi/infographie/fenetrage/305/Bilat_Fenetrage_FreeGlut_Tools/INC
[CBI] ->              : /opt/api/cbi/infographie/image/305/Bilat_Image_FreeGlut/INC
[CBI] ->              : /opt/api/cbi/infographie/image/305/Bilat_Image_FreeGlut/INC/common
[CBI] ->              : /opt/api/cbi/infographie/image/305/Bilat_Image_FreeGlut/INC/cpu
[CBI] ->              : /opt/api/cbi/infographie/image/305/Bilat_Image_FreeGlut_Cuda/INC
[CBI] ->              : /opt/api/cbi/infographie/image/305/Bilat_Image_GL/INC
[CBI] ->              : /opt/api/cbi/infographie/image/305/Bilat_Image_GL/INC/common
[CBI] ->              : /opt/api/cbi/infographie/image/305/Bilat_Image_GL/INC/cpu
[CBI] ->              : /opt/api/cbi/infographie/image/305/Bilat_Image_GL_Cuda/INC
[CBI] ->              : /opt/api/cbi/infographie/image/305/Bilat_Image_GL_Cuda/INC/gpu
[CBI] ->              : /opt/api/cbi/infographie/image/305/Bilat_Image_JNI/INC
[CBI] ->              : /opt/api/cbi/infographie/image/305/Bilat_Image_JNI/INC/common
[CBI] ->              : /opt/api/cbi/infographie/image/305/Bilat_Image_JNI/INC/cpu
[CBI] ->              : /opt/api/cbi/infographie/image/305/Bilat_Image_JNI_Cuda/INC
[CBI] ->              : /opt/api/cbi/infographie/image/305/Bilat_Image_JNI_Cuda/INC/gpu
[CBI] ->              : /opt/api/cbi/infographie/opengl/305/Bilat_OpenGL_Tools/INC
[CBI] ->              : /opt/api/cbi/infographie/tools/305/Bilat_tools_dll/INC
[CBI] ->              : /opt/api/cbi/tools/bilat_tools_cpp/305_011/INC
[CBI] ->              : /opt/api/cbi/tools/bilat_tools_cpp/305_011/INC/tools
[CBI] ->              : /opt/api/cbi/tools/bilat_tools_cpp/305_011/INC/tools/02_fps
[CBI] ->              : /opt/api/cbi/tools/bilat_tools_cpp/305_011/INC/tools/02_fps/01_namespace_cpu
[CBI] ->              : /opt/api/cbi/tools/bilat_tools_cpp/305_011/INC/tools/03_array
[CBI] ->              : /opt/api/cbi/tools/bilat_tools_cpp/305_011/INC/tools/04_files
[CBI] ->              : /opt/api/cbi/tools/bilat_tools_cpp/305_011/INC/tools/05_chrono
[CBI] ->              : /opt/api/cbi/tools/bilat_tools_cpp/305_011/INC/tools/05_chrono/clock
[CBI] ->              : /opt/api/cbi/tools/bilat_tools_cpp/305_011/INC/tools/05_chrono/omp
[CBI] ->              : /opt/api/cbi/tools/bilat_tools_cpp/305_011/INC/tools/05_chrono/std
[CBI] ->              : /opt/api/cbi/tools/bilat_tools_cpp/305_011/INC/tools/06_context
[CBI] ->              : /opt/api/cbi/tools/bilat_tools_cpp/305_011/INC/tools/cpp
[CBI] ->              : /opt/api/cbi/tools/bilat_tools_cpp/305_011/INC/tools/header
[CBI] ->              : /opt/api/cbi/tools/bilat_tools_cuda/305_011/INC
[CBI] ->              : /opt/api/cbi/tools/bilat_tools_cuda/305_011/INC/cudatools
[CBI] ->              : /opt/api/cbi/tools/bilat_tools_cuda/305_011/INC/cudatools/01_nvidia
[CBI] ->              : /opt/api/cbi/tools/bilat_tools_cuda/305_011/INC/cudatools/02_cudaContext
[CBI] ->              : /opt/api/cbi/tools/bilat_tools_cuda/305_011/INC/cudatools/02_cudaContext/simple
[CBI] ->              : /opt/api/cbi/tools/bilat_tools_cuda/305_011/INC/cudatools/02_cudaContext/simple/enum
[CBI] ->              : /opt/api/cbi/tools/bilat_tools_cuda/305_011/INC/cudatools/03_tid
[CBI] ->              : /opt/api/cbi/tools/bilat_tools_cuda/305_011/INC/cudatools/04_host_wrapper
[CBI] ->              : /opt/api/cbi/tools/bilat_tools_cuda/305_011/INC/cudatools/04_host_wrapper/00_grid
[CBI] ->              : /opt/api/cbi/tools/bilat_tools_cuda/305_011/INC/cudatools/04_host_wrapper/01_memory
[CBI] ->              : /opt/api/cbi/tools/bilat_tools_cuda/305_011/INC/cudatools/04_host_wrapper/01_memory/cm
[CBI] ->              : /opt/api/cbi/tools/bilat_tools_cuda/305_011/INC/cudatools/04_host_wrapper/01_memory/gm
[CBI] ->              : /opt/api/cbi/tools/bilat_tools_cuda/305_011/INC/cudatools/04_host_wrapper/01_memory/hm
[CBI] ->              : /opt/api/cbi/tools/bilat_tools_cuda/305_011/INC/cudatools/04_host_wrapper/01_memory/sm
[CBI] ->              : /opt/api/cbi/tools/bilat_tools_cuda/305_011/INC/cudatools/04_host_wrapper/02_stream
[CBI] ->              : /opt/api/cbi/tools/bilat_tools_cuda/305_011/INC/cudatools/04_host_wrapper/03_kernel
[CBI] ->              : /opt/api/cbi/tools/bilat_tools_cuda/305_011/INC/cudatools/04_host_wrapper/04_hardware
[CBI] ->              : /opt/api/cbi/tools/bilat_tools_cuda/305_011/INC/cudatools/05_runnable
[CBI] ->              : /opt/api/cbi/tools/bilat_tools_cuda/305_011/INC/cudatools/06_fps
[CBI] ->              : /opt/api/cbi/tools/bilat_tools_cuda/305_011/INC/cudatools/07_benchmark
[CBI] ->              : /opt/api/cbi/tools/bilat_tools_cuda/305_011/INC/cudatools/08_bruteforce
[CBI] ->              : /opt/api/cbi/tools/bilat_tools_cuda/305_011/INC/cudatools/08_bruteforce/maillage
[CBI] ->              : /opt/api/cbi/tools/bilat_tools_cuda/305_011/INC/cudatools/08_bruteforce/matlab
[CBI] ->              : /opt/api/cbi/tools/bilat_tools_cuda/305_011/INC/cudatools/08_bruteforce/output
[CBI] ->              : /opt/api/cbi/tools/bilat_tools_cuda/305_011/INC/cudatools/08_bruteforce/output/io
[CBI] ->              : /opt/api/cbi/tools/bilat_tools_cuda/305_011/INC/cudatools/09_tests
[CBI] ->              : /opt/api/cbi/tools/bilat_tools_cuda/305_011/INC/cudatools/09_tests/filter
[CBI] ->              : /opt/api/cbi/tools/bilat_tools_cuda/305_011/INC/cudatools/09_tests/filter/concret
[CBI] ->              : /opt/api/cbi/tools/bilat_tools_cuda/305_011/INC/cudatools/10_reducer
[CBI] ->              : /opt/api/cbi/tools/bilat_tools_cuda/305_011/INC/cudatools/10_reducer/derivate
[CBI] ->              : /opt/api/cbi/tools/bilat_tools_cuda/305_011/INC/cudatools/10_reducer/synchronisation
[CBI] ->              : /opt/api/cbi/tools/bilat_tools_cuda/305_011/INC/cudatools/11_use
[CBI] ->              : /opt/api/cbi/tools/bilat_tools_cuda/305_011/INC/cudatools/tools
[CBI] ->              : /opt/api/cbi/tools/bilat_tools_cuda/305_011/INC/cudatools/tools/both
[CBI] ->              : /opt/api/cbi/tools/bilat_tools_cuda/305_011/INC/cudatools/tools/device
[CBI] ->              : /opt/api/cbi/tools/bilat_tools_cuda/305_011/INC/cudatools/tools/host
[CBI] ->              : /opt/api/cbi/tools/bilat_tools_cuda_image/305_011/INC
[CBI] ->              : /opt/api/cbi/tools/bilat_tools_cuda_image/305_011/INC/cudatoolsimage
[CBI] ->              : /opt/api/cbi/tools/bilat_tools_cuda_image/305_011/INC/cudatoolsimage/animable
[CBI] ->              : /opt/api/cbi/tools/bilat_tools_cuda_image/305_011/INC/cudatoolsimage/animable/animator
[CBI] ->              : /opt/api/cbi/tools/bilat_tools_cuda_image/305_011/INC/cudatoolsimage/animable/converter
[CBI] ->              : /opt/api/cbi/tools/bilat_tools_cuda_image/305_011/INC/cudatoolsimage/benchmark
[CBI] ->              : /opt/api/cbi/tools/bilat_tools_cuda_image/305_011/INC/cudatoolsimage/cudaContext
[CBI] ->              : /opt/api/cbi/tools/bilat_tools_cuda_image/305_011/INC/cudatoolsimage/provider
[CBI] ->              : /opt/api/cbi/tools/bilat_tools_cuda_image/305_011/INC/cudatoolsimage/viewer
[CBI] ->              : /opt/api/cbi/tools/bilat_tools_omp/305_011/INC
[CBI] ->              : /opt/api/cbi/tools/bilat_tools_omp/305_011/INC/OMP_Tools
[CBI] ->              : /usr/lib/jvm/java-11-openjdk-amd64/include
[CBI] ->              : /usr/lib/jvm/java-11-openjdk-amd64/include/linux
[CBI] ->              : /usr/local/cuda/include
[CBI] ->              : /usr/local/cuda/include/CL
[CBI] ->              : /usr/local/cuda/include/crt

[CBI] -> API_BIN :
[CBI] ->              : /opt/api/cbi/infographie/fenetrage/305/Bilat_Fenetrage_Canvas_JNI/BIN/gcc
[CBI] ->              : /opt/api/cbi/infographie/fenetrage/305/Bilat_Fenetrage_Displayable/BIN/gcc
[CBI] ->              : /opt/api/cbi/infographie/fenetrage/305/Bilat_Fenetrage_Displayable_GL/BIN/gcc
[CBI] ->              : /opt/api/cbi/infographie/fenetrage/305/Bilat_Fenetrage_FreeGlut_Tools/BIN/gcc
[CBI] ->              : /opt/api/cbi/infographie/image/305/Bilat_Image_FreeGlut/BIN/gcc
[CBI] ->              : /opt/api/cbi/infographie/image/305/Bilat_Image_FreeGlut_Cuda/BIN/gcc
[CBI] ->              : /opt/api/cbi/infographie/image/305/Bilat_Image_GL/BIN/gcc
[CBI] ->              : /opt/api/cbi/infographie/image/305/Bilat_Image_GL_Cuda/BIN/gcc
[CBI] ->              : /opt/api/cbi/infographie/image/305/Bilat_Image_JNI/BIN/gcc
[CBI] ->              : /opt/api/cbi/infographie/image/305/Bilat_Image_JNI_Cuda/BIN/gcc
[CBI] ->              : /opt/api/cbi/infographie/opengl/305/Bilat_OpenGL_Tools/BIN/gcc
[CBI] ->              : /opt/api/cbi/tools/bilat_tools_cpp/305_011/BIN/gcc
[CBI] ->              : /opt/api/cbi/tools/bilat_tools_cuda/305_011/BIN/gcc
[CBI] ->              : /opt/api/cbi/tools/bilat_tools_cuda_image/305_011/BIN/gcc
[CBI] ->              : /opt/api/cbi/tools/bilat_tools_omp/305_011/BIN/gcc
[CBI] ->              : /usr/lib/jvm/java-11-openjdk-amd64/lib
[CBI] ->              : /usr/lib/jvm/java-11-openjdk-amd64/lib/jfr
[CBI] ->              : /usr/lib/jvm/java-11-openjdk-amd64/lib/jli
[CBI] ->              : /usr/lib/jvm/java-11-openjdk-amd64/lib/security
[CBI] ->              : /usr/lib/jvm/java-11-openjdk-amd64/lib/server
[CBI] ->              : /usr/local/cuda/lib64

[CBI] -> API_LIBRARIES_STATIC :

[CBI] -> API_LIBRARIES :
[CBI] ->              : BilatTools_CPP_305_011_gcc_x86_64
[CBI] ->              : BilatTools_Cuda_305_011_cuda_110_x86_64
[CBI] ->              : BilatTools_Cuda_Image_305_011_cuda_110_x86_64
[CBI] ->              : BilatTools_OMP_305_011_gcc_x86_64
[CBI] ->              : Bilat_Fenetrage_Canvas_JNI_305_gcc_x86_64
[CBI] ->              : Bilat_Fenetrage_Displayable_305_gcc_x86_64
[CBI] ->              : Bilat_Fenetrage_Displayable_GL_305_gcc_x86_64
[CBI] ->              : Bilat_Fenetrage_FreeGlut_Tools_305_gcc_x86_64
[CBI] ->              : Bilat_Image_FreeGlut_305_gcc_x86_64
[CBI] ->              : Bilat_Image_FreeGlut_Cuda_305_cuda_110_x86_64
[CBI] ->              : Bilat_Image_GL_305_gcc_x86_64
[CBI] ->              : Bilat_Image_GL_Cuda_305_cuda_110_x86_64
[CBI] ->              : Bilat_Image_JNI_305_gcc_x86_64
[CBI] ->              : Bilat_Image_JNI_Cuda_305_cuda_110_x86_64
[CBI] ->              : Bilat_OpenGL_Tools_305_gcc_x86_64
[CBI] ->              : GL
[CBI] ->              : GLEW
[CBI] ->              : GLU
[CBI] ->              : OpenCL
[CBI] ->              : accinj64
[CBI] ->              : atk-wrapper
[CBI] ->              : attach
[CBI] ->              : awt
[CBI] ->              : awt_headless
[CBI] ->              : awt_xawt
[CBI] ->              : cublas
[CBI] ->              : cublasLt
[CBI] ->              : cudart
[CBI] ->              : cudnn
[CBI] ->              : cudnn_adv_infer
[CBI] ->              : cudnn_adv_train
[CBI] ->              : cudnn_cnn_infer
[CBI] ->              : cudnn_cnn_train
[CBI] ->              : cudnn_ops_infer
[CBI] ->              : cudnn_ops_train
[CBI] ->              : cufft
[CBI] ->              : cufftw
[CBI] ->              : cuinj64
[CBI] ->              : curand
[CBI] ->              : cusolver
[CBI] ->              : cusolverMg
[CBI] ->              : cusparse
[CBI] ->              : dt_socket
[CBI] ->              : extnet
[CBI] ->              : fontmanager
[CBI] ->              : glut
[CBI] ->              : instrument
[CBI] ->              : j2gss
[CBI] ->              : j2pcsc
[CBI] ->              : j2pkcs11
[CBI] ->              : jaas
[CBI] ->              : java
[CBI] ->              : javajpeg
[CBI] ->              : jawt
[CBI] ->              : jdwp
[CBI] ->              : jimage
[CBI] ->              : jli
[CBI] ->              : jsig
[CBI] ->              : jsound
[CBI] ->              : jvm
[CBI] ->              : lcms
[CBI] ->              : management
[CBI] ->              : management_agent
[CBI] ->              : management_ext
[CBI] ->              : mlib_image
[CBI] ->              : net
[CBI] ->              : nio
[CBI] ->              : nppc
[CBI] ->              : nppial
[CBI] ->              : nppicc
[CBI] ->              : nppidei
[CBI] ->              : nppif
[CBI] ->              : nppig
[CBI] ->              : nppim
[CBI] ->              : nppist
[CBI] ->              : nppisu
[CBI] ->              : nppitc
[CBI] ->              : npps
[CBI] ->              : nvToolsExt
[CBI] ->              : nvblas
[CBI] ->              : nvjpeg
[CBI] ->              : nvrtc
[CBI] ->              : nvrtc-builtins
[CBI] ->              : prefs
[CBI] ->              : rmi
[CBI] ->              : saproc
[CBI] ->              : sctp
[CBI] ->              : splashscreen
[CBI] ->              : sunec
[CBI] ->              : unpack
[CBI] ->              : verify
[CBI] ->              : zip

[CBI] -> Create folder : /tmp/ramdrive/bilat/Targets/Tuto_Image_JNI_Cuda/bin
[CBI] -> Create folder : /tmp/ramdrive/bilat/Targets/Tuto_Image_JNI_Cuda/obj
[CBI] -> Create folder : /tmp/ramdrive/bilat/Targets/Tuto_Image_JNI_Cuda/cubin

[CBI] -> Compilation parallel (36 threads)

[Tuto_Image_JNI_Cuda_cuda_110_x86_64] -> g++ compiling .cpp : src/cpp/main.cpp
[Tuto_Image_JNI_Cuda_cuda_110_x86_64] -> g++ compiling .cpp : src/cpp/core/hello/01_image_api_standard/03_use/01_provider/HelloProvider.cpp
[Tuto_Image_JNI_Cuda_cuda_110_x86_64] -> g++ compiling .cpp : src/cpp/core/hello/01_image_api_standard/03_use/02_main/mainBenchmark.cpp
[Tuto_Image_JNI_Cuda_cuda_110_x86_64] -> g++ compiling .cpp : src/cpp/core/hello/01_image_api_standard/03_use/02_main/mainBruteforce.cpp
[Tuto_Image_JNI_Cuda_cuda_110_x86_64] -> g++ compiling .cpp : src/cpp/core/hello/01_image_api_standard/03_use/02_main/mainImage.cpp
[Tuto_Image_JNI_Cuda_cuda_110_x86_64] -> g++ compiling .cpp : src/cpp/core/hello/01_image_api_standard/04_settings/neighborhood/SettingsNeighborhood.cpp
[Tuto_Image_JNI_Cuda_cuda_110_x86_64] -> g++ compiling .cpp : src/cpp/core/hello/01_image_api_standard/01_moo/host/JavaCall.cpp
[Tuto_Image_JNI_Cuda_cuda_110_x86_64] -> g++ compiling .cpp : src/cpp/core/hello/00_bridge/02_binding/HelloBinding.cpp
[Tuto_Image_JNI_Cuda_cuda_110_x86_64] -> g++ compiling .cpp : src/cpp/core/hello/00_bridge/00_JNI/JNIs.cpp
[Tuto_Image_JNI_Cuda_cuda_110_x86_64] -> g++ compiling .cpp : src/cpp/core/hello/00_bridge/00_JNI/hello_jni.cpp
[Tuto_Image_JNI_Cuda_cuda_110_x86_64] -> g++ compiling .cpp : src/cpp/core/hello/00_bridge/01_toObject/hello_registry.cpp
[Tuto_Image_JNI_Cuda_cuda_110_x86_64] -> g++ compiling .cpp : src/cpp/core/hello/00_bridge/00_JNI/ServiceCtoJava.cpp
[Tuto_Image_JNI_Cuda_cuda_110_x86_64] -> nvcc compiling .cu : src/cpp/core/hello/01_image_api_standard/02_view/HelloImage.cu
[Tuto_Image_JNI_Cuda_cuda_110_x86_64] -> nvcc compiling .cu : src/cpp/core/hello/01_image_api_standard/02_view/listener/MouseKeyListener.cu
[Tuto_Image_JNI_Cuda_cuda_110_x86_64] -> nvcc compiling .cu : src/cpp/core/hello/01_image_api_standard/02_view/listener/neighborhood/ShowerNeighborhood.cu
[Tuto_Image_JNI_Cuda_cuda_110_x86_64] -> nvcc compiling .cu : src/cpp/core/hello/01_image_api_standard/02_view/listener/neighborhood/NeighborhoodListener.cu
[Tuto_Image_JNI_Cuda_cuda_110_x86_64] -> nvcc compiling .cu : src/cpp/core/hello/01_image_api_standard/02_view/listener/neighborhood/TimerNeighborhood.cu
[Tuto_Image_JNI_Cuda_cuda_110_x86_64] -> nvcc compiling .cu : src/cpp/core/hello/01_image_api_standard/02_view/graphic2D/Drawer2D.cu
[Tuto_Image_JNI_Cuda_cuda_110_x86_64] -> nvcc compiling .cu : src/cpp/core/hello/01_image_api_standard/01_moo/device/kNeighborhood.cu
[Tuto_Image_JNI_Cuda_cuda_110_x86_64] -> nvcc compiling .cu : src/cpp/core/hello/01_image_api_standard/01_moo/device/kHello.cu
[Tuto_Image_JNI_Cuda_cuda_110_x86_64] -> nvcc compiling .cu : src/cpp/core/hello/01_image_api_standard/01_moo/host/Hello.cu
src/cpp/core/hello/01_image_api_standard/01_moo/device/kNeighborhood.cu(86): warning: function "version2" was declared but never referenced


[CBI] -> Linking to   : /tmp/ramdrive/bilat/Targets/Tuto_Image_JNI_Cuda/bin/libTuto_Image_JNI_Cuda_cuda_110_x86_64.so

[CBI] -> Library Link :
[CBI] ->
[CBI] ->              : -lBilatTools_CPP_305_011_gcc_x86_64
[CBI] ->              : -lBilatTools_Cuda_305_011_cuda_110_x86_64
[CBI] ->              : -lBilatTools_Cuda_Image_305_011_cuda_110_x86_64
[CBI] ->              : -lBilatTools_OMP_305_011_gcc_x86_64
[CBI] ->              : -lBilat_Fenetrage_Canvas_JNI_305_gcc_x86_64
[CBI] ->              : -lBilat_Fenetrage_Displayable_305_gcc_x86_64
[CBI] ->              : -lBilat_Fenetrage_Displayable_GL_305_gcc_x86_64
[CBI] ->              : -lBilat_Fenetrage_FreeGlut_Tools_305_gcc_x86_64
[CBI] ->              : -lBilat_Image_FreeGlut_305_gcc_x86_64
[CBI] ->              : -lBilat_Image_FreeGlut_Cuda_305_cuda_110_x86_64
[CBI] ->              : -lBilat_Image_GL_305_gcc_x86_64
[CBI] ->              : -lBilat_Image_GL_Cuda_305_cuda_110_x86_64
[CBI] ->              : -lBilat_Image_JNI_305_gcc_x86_64
[CBI] ->              : -lBilat_Image_JNI_Cuda_305_cuda_110_x86_64
[CBI] ->              : -lBilat_OpenGL_Tools_305_gcc_x86_64
[CBI] ->              : -lGL
[CBI] ->              : -lGLEW
[CBI] ->              : -lGLU
[CBI] ->              : -lOpenCL
[CBI] ->              : -laccinj64
[CBI] ->              : -latk-wrapper
[CBI] ->              : -lattach
[CBI] ->              : -lawt
[CBI] ->              : -lawt_headless
[CBI] ->              : -lawt_xawt
[CBI] ->              : -lcublas
[CBI] ->              : -lcublasLt
[CBI] ->              : -lcudart
[CBI] ->              : -lcudnn
[CBI] ->              : -lcudnn_adv_infer
[CBI] ->              : -lcudnn_adv_train
[CBI] ->              : -lcudnn_cnn_infer
[CBI] ->              : -lcudnn_cnn_train
[CBI] ->              : -lcudnn_ops_infer
[CBI] ->              : -lcudnn_ops_train
[CBI] ->              : -lcufft
[CBI] ->              : -lcufftw
[CBI] ->              : -lcuinj64
[CBI] ->              : -lcurand
[CBI] ->              : -lcusolver
[CBI] ->              : -lcusolverMg
[CBI] ->              : -lcusparse
[CBI] ->              : -ldt_socket
[CBI] ->              : -lextnet
[CBI] ->              : -lfontmanager
[CBI] ->              : -lglut
[CBI] ->              : -lgomp
[CBI] ->              : -linstrument
[CBI] ->              : -lj2gss
[CBI] ->              : -lj2pcsc
[CBI] ->              : -lj2pkcs11
[CBI] ->              : -ljaas
[CBI] ->              : -ljava
[CBI] ->              : -ljavajpeg
[CBI] ->              : -ljawt
[CBI] ->              : -ljdwp
[CBI] ->              : -ljimage
[CBI] ->              : -ljli
[CBI] ->              : -ljsig
[CBI] ->              : -ljsound
[CBI] ->              : -ljvm
[CBI] ->              : -llcms
[CBI] ->              : -lmanagement
[CBI] ->              : -lmanagement_agent
[CBI] ->              : -lmanagement_ext
[CBI] ->              : -lmlib_image
[CBI] ->              : -lnet
[CBI] ->              : -lnio
[CBI] ->              : -lnppc
[CBI] ->              : -lnppial
[CBI] ->              : -lnppicc
[CBI] ->              : -lnppidei
[CBI] ->              : -lnppif
[CBI] ->              : -lnppig
[CBI] ->              : -lnppim
[CBI] ->              : -lnppist
[CBI] ->              : -lnppisu
[CBI] ->              : -lnppitc
[CBI] ->              : -lnpps
[CBI] ->              : -lnvToolsExt
[CBI] ->              : -lnvblas
[CBI] ->              : -lnvjpeg
[CBI] ->              : -lnvrtc
[CBI] ->              : -lnvrtc-builtins
[CBI] ->              : -lprefs
[CBI] ->              : -lrmi
[CBI] ->              : -lsaproc
[CBI] ->              : -lsctp
[CBI] ->              : -lsplashscreen
[CBI] ->              : -lsunec
[CBI] ->              : -lunpack
[CBI] ->              : -lverify
[CBI] ->              : -lzip


==================================================================================
[CBI] -> Target Name  : Tuto_Image_JNI_Cuda_cuda_110_x86_64
[CBI] -> Location     : /tmp/ramdrive/bilat/Targets/Tuto_Image_JNI_Cuda/bin/libTuto_Image_JNI_Cuda_cuda_110_x86_64.so
[CBI] -> Deploy 	  : ../RELEASE/bin
[CBI] ->
[CBI] -> Type	 	  : SHARED_LIB
[CBI] -> Arch	 	  : x86_64
[CBI] -> OS	 	      : Linux
[CBI] -> User	 	  : bilat
[CBI] ->
[CBI] -> Compilateur  : g++ && nvcc
[CBI] -> Task		  : End Compiling-Linking !
[CBI] -> Time		  : 6 (s)
==================================================================================


[CBI] -> Deploying      : ../RELEASE/bin/libTuto_Image_JNI_Cuda_cuda_110_x86_64.so

[CBI] -> Symlink Project Inc
[CBI] -> To update code completion : ctrl-shift-s   or   gui/index/rebuild

[CBI] -> Tuto_Image_JNI_Cuda_cuda_110_x86_64 : End ALL!


15:44:16 Build Finished. 0 errors, 1 warnings. (took 7s.562ms)

