16:14:42 **** Incremental Build of configuration GCC_parallel for project Tuto_Graphe_GL ****
cbicc gcc jall 

--------------------------------------------------------
[Runtime] : gcc x86
--------------------------------------------------------


[cuda]        : /usr/local

[jni]         : /usr/lib/jvm/java-11-openjdk-amd64

[X11]         : /usr/include/X11

[MKL]         : /opt/intel/mkl

[boost]       : /opt/api/ext/boost

[opencv]      : /opt/api/ext/opencv

[cpptest]     : /opt/api/ext/cpptest

[gphoto2]     : /opt/api/ext/gphoto2

[urg]         : /opt/api/ext/urg

[wic]         : /opt/api/ext/wic 

[pleora]      : /opt/api/ext/pleora

[glm]      : /opt/api/ext/GLM

[dronecode]         : /opt/api/ext/dronecode

[Runtime] : BILAT_INFOGRAPHIE           /opt/api/cbi/infographie

     BILAT_TOOLS_JST_HOME             = /opt/api/cbi/infographie/tools
     BILAT_OPENGL_HOME                = /opt/api/cbi/infographie/opengl
     BILAT_FENETRAGE_HOME             = /opt/api/cbi/infographie/fenetrage
     BILAT_IMAGE_HOME                 = /opt/api/cbi/infographie/image
     BILAT_SCENE_3D_HOME              = /opt/api/cbi/infographie/scene3d

[Runtime] : BILAT_TOOLS                 /opt/api/cbi/tools

     BILAT_TOOLS_CPP_HOME             = /opt/api/cbi/tools/bilat_tools_cpp
     BILAT_TOOLS_OMP_HOME             = /opt/api/cbi/tools/bilat_tools_omp
     BILAT_TOOLS_CUDA_HOME            = /opt/api/cbi/tools/bilat_tools_cuda
     BILAT_TOOLS_MKL_HOME             = /opt/api/cbi/tools/bilat_tools_mkl
     BILAT_TOOLS_OPENCV_HOME          = /opt/api/cbi/tools/bilat_tools_opencv
     BILAT_TOOLS_V4L_HOME             = /opt/api/cbi/tools/bilat_tools_v4l
     BILAT_TOOLS_CUDA_IMAGE_HOME      = /opt/api/cbi/tools/bilat_tools_cuda_image
     BILAT_TOOLS_CUDA_IMAGE_CV_HOME   = /opt/api/cbi/tools/bilat_tools_cuda_image_cv
     BILAT_TOOLS_IMAGE_HOME           = /opt/api/cbi/tools/bilat_tools_image
     BILAT_TOOLS_IMAGE_CV_HOME        = /opt/api/cbi/tools/bilat_tools_image_cv
     BILAT_TOOLS_CUDA_3D_HOME         = /opt/api/cbi/tools/bilat_tools_cuda_3D
     BILAT_TOOLS_JNI_HOME             = /opt/api/cbi/tools/bilat_tools_jni

[Runtime] : BILAT_CAPTEUR               /opt/api/cbi/capteur

     BILAT_GPHOTO2_HOME                 = /opt/api/cbi/capteur/bilat_gphoto2
     BILAT_LASER_HOME                   = /opt/api/cbi/capteur/bilat_laser
     BILAT_LIDAR_HOME                   = /opt/api/cbi/capteur/bilat_lidar
     BILAT_TAU2_HOME                    = /opt/api/cbi/capteur/bilat_tau2
     BILAT_SPEECH_HOME                  = /opt/api/cbi/capteur/bilat_speech
     BILAT_GPS_HOME                     = /opt/api/cbi/capteur/bilat_gps

--------------------------------------------------------
[Runtime] : gcc x86 : Ready!
--------------------------------------------------------


g++ (Ubuntu 7.4.0-1ubuntu1~18.04.1) 7.4.0
Copyright (C) 2017 Free Software Foundation, Inc.
This is free software; see the source for copying conditions.  There is NO
warranty; not even for MERCHANTABILITY or FITNESS FOR A PARTICULAR PURPOSE.


[Make] : GCC : jall

==================================================================================
[CBI] -> Target Name  : Tuto_Graphe_gcc_x86_64
[CBI] ->
[CBI] -> Build     	  : /tmp/ramdrive/bilat/Targets/Tuto_Graphe/bin/Tuto_Graphe_gcc_x86_64.run
[CBI] -> Deploy       : ../RELEASE/bin
[CBI] ->
[CBI] -> Type	 	  : EXE
[CBI] -> Arch	 	  : x86_64
[CBI] -> OS	 		  : Linux
[CBI] -> User	 	  : bilat
[CBI] ->
[CBI] -> Task		  : Compiling-Linking
==================================================================================

[CBI] -> SRC AUX (Recursif) :
[CBI] ->

[CBI] -> CXXFLAGS (Partial) :
[CBI] ->
[CBI] ->              : -DCBI_GRAPH_DLL
[CBI] ->              : -O3
[CBI] ->              : -fomit-frame-pointer
[CBI] ->              : -fopenmp
[CBI] ->              : -frerun-loop-opt
[CBI] ->              : -march=native
[CBI] ->              : -std=c++17

[CBI] -> LDFLAGS (Partial) :
[CBI] ->

[CBI] -> INC_PATH (auto detect):
[CBI] ->              : src/exemples/00_tools/
[CBI] ->              : src/exemples/01_static/01_discret_curve/01_graphe/
[CBI] ->              : src/exemples/01_static/01_discret_curve/02_glut/
[CBI] ->              : src/exemples/01_static/02_analytique_curve/01_graphe/
[CBI] ->              : src/exemples/01_static/02_analytique_curve/01_graphe/curve/
[CBI] ->              : src/exemples/01_static/02_analytique_curve/02_glut/
[CBI] ->              : src/exemples/01_static/03_lignes/01_graphe/
[CBI] ->              : src/exemples/01_static/03_lignes/02_glut/
[CBI] ->              : src/exemples/01_static/04_polylines/01_graphe/
[CBI] ->              : src/exemples/01_static/04_polylines/02_glut/
[CBI] ->              : src/exemples/01_static/05_nuage_points/01_graphe/
[CBI] ->              : src/exemples/01_static/05_nuage_points/02_glut/
[CBI] ->              : src/exemples/01_static/06_histogram/01_graphe/
[CBI] ->              : src/exemples/01_static/06_histogram/02_glut/
[CBI] ->              : src/exemples/01_static/07_histogram_density/01_graphe/
[CBI] ->              : src/exemples/01_static/07_histogram_density/01_graphe/curve/
[CBI] ->              : src/exemples/01_static/07_histogram_density/02_glut/
[CBI] ->              : src/exemples/01_static/08_parametric_curve/01_graphe/
[CBI] ->              : src/exemples/01_static/08_parametric_curve/01_graphe/curve/
[CBI] ->              : src/exemples/01_static/08_parametric_curve/02_glut/
[CBI] ->              : src/exemples/02_animation/02_animated_MultiThread/02_glut_tools/
[CBI] ->              : src/exemples/02_animation/02_animated_MultiThread/03_glut/
[CBI] ->              : src/exemples/02_animation/03_animation_Manuel/02_glut/

[CBI] -> LIB_PATH (auto detect):

[CBI] -> API_INC :
[CBI] ->              : /opt/api/cbi/infographie/fenetrage/304/Bilat_Fenetrage_Displayable/INC
[CBI] ->              : /opt/api/cbi/infographie/fenetrage/304/Bilat_Fenetrage_Displayable/INC/primitives
[CBI] ->              : /opt/api/cbi/infographie/fenetrage/304/Bilat_Fenetrage_FreeGlut_Tools/INC
[CBI] ->              : /opt/api/cbi/infographie/graph2d/304/Bilat_Graph2D_FreeGlut/INC
[CBI] ->              : /opt/api/cbi/infographie/graph2d/304/Bilat_Graph2D_FreeGlut/INC/freeglut
[CBI] ->              : /opt/api/cbi/infographie/graph2d/304/Bilat_Graph2D_GL/INC
[CBI] ->              : /opt/api/cbi/infographie/graph2d/304/Bilat_Graph2D_GL/INC/model
[CBI] ->              : /opt/api/cbi/infographie/graph2d/304/Bilat_Graph2D_GL/INC/view
[CBI] ->              : /opt/api/cbi/infographie/opengl/304/Bilat_OpenGL_Tools/INC
[CBI] ->              : /opt/api/cbi/infographie/tools/304/Bilat_tools_dll/INC
[CBI] ->              : /opt/api/ext/boost/1720/include
[CBI] ->              : /opt/api/ext/boost/1720/include/boost

[CBI] -> API_BIN :
[CBI] ->              : /opt/api/cbi/infographie/fenetrage/304/Bilat_Fenetrage_Displayable/BIN/gcc
[CBI] ->              : /opt/api/cbi/infographie/fenetrage/304/Bilat_Fenetrage_FreeGlut_Tools/BIN/gcc
[CBI] ->              : /opt/api/cbi/infographie/graph2d/304/Bilat_Graph2D_FreeGlut/BIN/gcc
[CBI] ->              : /opt/api/cbi/infographie/graph2d/304/Bilat_Graph2D_GL/BIN/gcc
[CBI] ->              : /opt/api/cbi/infographie/opengl/304/Bilat_OpenGL_Tools/BIN/gcc
[CBI] ->              : /opt/api/ext/boost/1720/lib/gcc
[CBI] ->              : /opt/api/ext/boost/1720/lib/gcc/cmake
[CBI] ->              : /opt/api/ext/boost/1720/lib/gcc/cmake/Boost-1.72.0
[CBI] ->              : /opt/api/ext/boost/1720/lib/gcc/cmake/boost_atomic-1.72.0
[CBI] ->              : /opt/api/ext/boost/1720/lib/gcc/cmake/boost_chrono-1.72.0
[CBI] ->              : /opt/api/ext/boost/1720/lib/gcc/cmake/boost_container-1.72.0
[CBI] ->              : /opt/api/ext/boost/1720/lib/gcc/cmake/boost_context-1.72.0
[CBI] ->              : /opt/api/ext/boost/1720/lib/gcc/cmake/boost_contract-1.72.0
[CBI] ->              : /opt/api/ext/boost/1720/lib/gcc/cmake/boost_coroutine-1.72.0
[CBI] ->              : /opt/api/ext/boost/1720/lib/gcc/cmake/boost_date_time-1.72.0
[CBI] ->              : /opt/api/ext/boost/1720/lib/gcc/cmake/boost_exception-1.72.0
[CBI] ->              : /opt/api/ext/boost/1720/lib/gcc/cmake/boost_fiber-1.72.0
[CBI] ->              : /opt/api/ext/boost/1720/lib/gcc/cmake/boost_fiber_numa-1.72.0
[CBI] ->              : /opt/api/ext/boost/1720/lib/gcc/cmake/boost_filesystem-1.72.0
[CBI] ->              : /opt/api/ext/boost/1720/lib/gcc/cmake/boost_graph-1.72.0
[CBI] ->              : /opt/api/ext/boost/1720/lib/gcc/cmake/boost_graph_parallel-1.72.0
[CBI] ->              : /opt/api/ext/boost/1720/lib/gcc/cmake/boost_headers-1.72.0
[CBI] ->              : /opt/api/ext/boost/1720/lib/gcc/cmake/boost_iostreams-1.72.0
[CBI] ->              : /opt/api/ext/boost/1720/lib/gcc/cmake/boost_locale-1.72.0
[CBI] ->              : /opt/api/ext/boost/1720/lib/gcc/cmake/boost_log-1.72.0
[CBI] ->              : /opt/api/ext/boost/1720/lib/gcc/cmake/boost_log_setup-1.72.0
[CBI] ->              : /opt/api/ext/boost/1720/lib/gcc/cmake/boost_math_c99-1.72.0
[CBI] ->              : /opt/api/ext/boost/1720/lib/gcc/cmake/boost_math_c99f-1.72.0
[CBI] ->              : /opt/api/ext/boost/1720/lib/gcc/cmake/boost_math_c99l-1.72.0
[CBI] ->              : /opt/api/ext/boost/1720/lib/gcc/cmake/boost_math_tr1-1.72.0
[CBI] ->              : /opt/api/ext/boost/1720/lib/gcc/cmake/boost_math_tr1f-1.72.0
[CBI] ->              : /opt/api/ext/boost/1720/lib/gcc/cmake/boost_math_tr1l-1.72.0
[CBI] ->              : /opt/api/ext/boost/1720/lib/gcc/cmake/boost_mpi-1.72.0
[CBI] ->              : /opt/api/ext/boost/1720/lib/gcc/cmake/boost_numpy-1.72.0
[CBI] ->              : /opt/api/ext/boost/1720/lib/gcc/cmake/boost_prg_exec_monitor-1.72.0
[CBI] ->              : /opt/api/ext/boost/1720/lib/gcc/cmake/boost_program_options-1.72.0
[CBI] ->              : /opt/api/ext/boost/1720/lib/gcc/cmake/boost_python-1.72.0
[CBI] ->              : /opt/api/ext/boost/1720/lib/gcc/cmake/boost_random-1.72.0
[CBI] ->              : /opt/api/ext/boost/1720/lib/gcc/cmake/boost_regex-1.72.0
[CBI] ->              : /opt/api/ext/boost/1720/lib/gcc/cmake/boost_serialization-1.72.0
[CBI] ->              : /opt/api/ext/boost/1720/lib/gcc/cmake/boost_stacktrace_addr2line-1.72.0
[CBI] ->              : /opt/api/ext/boost/1720/lib/gcc/cmake/boost_stacktrace_backtrace-1.72.0
[CBI] ->              : /opt/api/ext/boost/1720/lib/gcc/cmake/boost_stacktrace_basic-1.72.0
[CBI] ->              : /opt/api/ext/boost/1720/lib/gcc/cmake/boost_stacktrace_noop-1.72.0
[CBI] ->              : /opt/api/ext/boost/1720/lib/gcc/cmake/boost_stacktrace_windbg-1.72.0
[CBI] ->              : /opt/api/ext/boost/1720/lib/gcc/cmake/boost_stacktrace_windbg_cached-1.72.0
[CBI] ->              : /opt/api/ext/boost/1720/lib/gcc/cmake/boost_system-1.72.0
[CBI] ->              : /opt/api/ext/boost/1720/lib/gcc/cmake/boost_test_exec_monitor-1.72.0
[CBI] ->              : /opt/api/ext/boost/1720/lib/gcc/cmake/boost_thread-1.72.0
[CBI] ->              : /opt/api/ext/boost/1720/lib/gcc/cmake/boost_timer-1.72.0
[CBI] ->              : /opt/api/ext/boost/1720/lib/gcc/cmake/boost_type_erasure-1.72.0
[CBI] ->              : /opt/api/ext/boost/1720/lib/gcc/cmake/boost_unit_test_framework-1.72.0
[CBI] ->              : /opt/api/ext/boost/1720/lib/gcc/cmake/boost_wave-1.72.0
[CBI] ->              : /opt/api/ext/boost/1720/lib/gcc/cmake/boost_wserialization-1.72.0

[CBI] -> API_LIBRARIES_STATIC :

[CBI] -> API_LIBRARIES :
[CBI] ->              : Bilat_Fenetrage_Displayable_304_gcc_x86_64
[CBI] ->              : Bilat_Fenetrage_FreeGlut_Tools_304_gcc_x86_64
[CBI] ->              : Bilat_Graph2D_Freeglut_304_gcc_x86_64
[CBI] ->              : Bilat_Graph2D_GL_304_gcc_x86_64
[CBI] ->              : Bilat_OpenGL_Tools_304_gcc_x86_64
[CBI] ->              : GL
[CBI] ->              : GLEW
[CBI] ->              : GLU
[CBI] ->              : boost_atomic-gcc740
[CBI] ->              : boost_chrono-gcc740
[CBI] ->              : boost_container-gcc740
[CBI] ->              : boost_context-gcc740
[CBI] ->              : boost_contract-gcc740
[CBI] ->              : boost_coroutine-gcc740
[CBI] ->              : boost_date_time-gcc740
[CBI] ->              : boost_fiber-gcc740
[CBI] ->              : boost_filesystem-gcc740
[CBI] ->              : boost_graph-gcc740
[CBI] ->              : boost_iostreams-gcc740
[CBI] ->              : boost_locale-gcc740
[CBI] ->              : boost_log-gcc740
[CBI] ->              : boost_log_setup-gcc740
[CBI] ->              : boost_math_c99-gcc740
[CBI] ->              : boost_math_c99f-gcc740
[CBI] ->              : boost_math_c99l-gcc740
[CBI] ->              : boost_math_tr1-gcc740
[CBI] ->              : boost_math_tr1f-gcc740
[CBI] ->              : boost_math_tr1l-gcc740
[CBI] ->              : boost_numpy27-gcc740
[CBI] ->              : boost_prg_exec_monitor-gcc740
[CBI] ->              : boost_program_options-gcc740
[CBI] ->              : boost_python27-gcc740
[CBI] ->              : boost_random-gcc740
[CBI] ->              : boost_regex-gcc740
[CBI] ->              : boost_serialization-gcc740
[CBI] ->              : boost_stacktrace_addr2line-gcc740
[CBI] ->              : boost_stacktrace_backtrace-gcc740
[CBI] ->              : boost_stacktrace_basic-gcc740
[CBI] ->              : boost_stacktrace_noop-gcc740
[CBI] ->              : boost_system-gcc740
[CBI] ->              : boost_thread-gcc740
[CBI] ->              : boost_timer-gcc740
[CBI] ->              : boost_type_erasure-gcc740
[CBI] ->              : boost_unit_test_framework-gcc740
[CBI] ->              : boost_wave-gcc740
[CBI] ->              : boost_wserialization-gcc740
[CBI] ->              : glut

[CBI] -> Create folder : /tmp/ramdrive/bilat/Targets/Tuto_Graphe/bin
[CBI] -> Create folder : /tmp/ramdrive/bilat/Targets/Tuto_Graphe/obj

[CBI] -> Compilation parallel (36 threads)

[Tuto_Graphe_gcc_x86_64] -> g++ compiling .cpp : src/main.cpp
[Tuto_Graphe_gcc_x86_64] -> g++ compiling .cpp : src/exemples/02_animation/02_animated_MultiThread/02_glut_tools/GLUTMultithreadWindow.cpp
[Tuto_Graphe_gcc_x86_64] -> g++ compiling .cpp : src/exemples/01_static/01_discret_curve/01_graphe/DiscretCurveGraph.cpp
[Tuto_Graphe_gcc_x86_64] -> g++ compiling .cpp : src/exemples/02_animation/03_animation_Manuel/02_glut/AnimateManuelGlut.cpp
[Tuto_Graphe_gcc_x86_64] -> g++ compiling .cpp : src/exemples/02_animation/02_animated_MultiThread/03_glut/SinusAnimatedGlut.cpp
[Tuto_Graphe_gcc_x86_64] -> g++ compiling .cpp : src/exemples/01_static/01_discret_curve/02_glut/DiscretCurveGlut.cpp
[Tuto_Graphe_gcc_x86_64] -> g++ compiling .cpp : src/exemples/01_static/05_nuage_points/02_glut/NuagePointGlut.cpp
[Tuto_Graphe_gcc_x86_64] -> g++ compiling .cpp : src/exemples/01_static/05_nuage_points/01_graphe/NuagesPointsGraphe.cpp
[Tuto_Graphe_gcc_x86_64] -> g++ compiling .cpp : src/exemples/01_static/08_parametric_curve/01_graphe/SpiraleGraphe.cpp
[Tuto_Graphe_gcc_x86_64] -> g++ compiling .cpp : src/exemples/01_static/08_parametric_curve/01_graphe/curve/SpiraleCurve.cpp
[Tuto_Graphe_gcc_x86_64] -> g++ compiling .cpp : src/exemples/01_static/08_parametric_curve/02_glut/SpiraleGlut.cpp
[Tuto_Graphe_gcc_x86_64] -> g++ compiling .cpp : src/exemples/01_static/07_histogram_density/01_graphe/HistoAdjustGraphe.cpp
[Tuto_Graphe_gcc_x86_64] -> g++ compiling .cpp : src/exemples/01_static/07_histogram_density/01_graphe/curve/GaussCurve.cpp
[Tuto_Graphe_gcc_x86_64] -> g++ compiling .cpp : src/exemples/01_static/07_histogram_density/02_glut/HistoAdjustGlut.cpp
[Tuto_Graphe_gcc_x86_64] -> g++ compiling .cpp : src/exemples/01_static/03_lignes/01_graphe/LinesGraphe.cpp
[Tuto_Graphe_gcc_x86_64] -> g++ compiling .cpp : src/exemples/01_static/03_lignes/02_glut/LinesGlut.cpp
[Tuto_Graphe_gcc_x86_64] -> g++ compiling .cpp : src/exemples/01_static/02_analytique_curve/01_graphe/SinusGraphe.cpp
[Tuto_Graphe_gcc_x86_64] -> g++ compiling .cpp : src/exemples/01_static/04_polylines/01_graphe/PolylinesGraphe.cpp
[Tuto_Graphe_gcc_x86_64] -> g++ compiling .cpp : src/exemples/01_static/04_polylines/02_glut/PolyligneGlut.cpp
[Tuto_Graphe_gcc_x86_64] -> g++ compiling .cpp : src/exemples/01_static/02_analytique_curve/02_glut/SinusGlut.cpp
[Tuto_Graphe_gcc_x86_64] -> g++ compiling .cpp : src/exemples/01_static/06_histogram/01_graphe/HistoGraphe.cpp
[Tuto_Graphe_gcc_x86_64] -> g++ compiling .cpp : src/exemples/01_static/06_histogram/02_glut/HistoGlut.cpp

[CBI] -> Linking to   : /tmp/ramdrive/bilat/Targets/Tuto_Graphe/bin/Tuto_Graphe_gcc_x86_64.run

[CBI] -> Library Link :
[CBI] ->              : -lBilat_Fenetrage_Displayable_304_gcc_x86_64
[CBI] ->              : -lBilat_Fenetrage_FreeGlut_Tools_304_gcc_x86_64
[CBI] ->              : -lBilat_Graph2D_Freeglut_304_gcc_x86_64
[CBI] ->              : -lBilat_Graph2D_GL_304_gcc_x86_64
[CBI] ->              : -lBilat_OpenGL_Tools_304_gcc_x86_64
[CBI] ->              : -lGL
[CBI] ->              : -lGLEW
[CBI] ->              : -lGLU
[CBI] ->              : -lboost_atomic-gcc740
[CBI] ->              : -lboost_chrono-gcc740
[CBI] ->              : -lboost_container-gcc740
[CBI] ->              : -lboost_context-gcc740
[CBI] ->              : -lboost_contract-gcc740
[CBI] ->              : -lboost_coroutine-gcc740
[CBI] ->              : -lboost_date_time-gcc740
[CBI] ->              : -lboost_fiber-gcc740
[CBI] ->              : -lboost_filesystem-gcc740
[CBI] ->              : -lboost_graph-gcc740
[CBI] ->              : -lboost_iostreams-gcc740
[CBI] ->              : -lboost_locale-gcc740
[CBI] ->              : -lboost_log-gcc740
[CBI] ->              : -lboost_log_setup-gcc740
[CBI] ->              : -lboost_math_c99-gcc740
[CBI] ->              : -lboost_math_c99f-gcc740
[CBI] ->              : -lboost_math_c99l-gcc740
[CBI] ->              : -lboost_math_tr1-gcc740
[CBI] ->              : -lboost_math_tr1f-gcc740
[CBI] ->              : -lboost_math_tr1l-gcc740
[CBI] ->              : -lboost_numpy27-gcc740
[CBI] ->              : -lboost_prg_exec_monitor-gcc740
[CBI] ->              : -lboost_program_options-gcc740
[CBI] ->              : -lboost_python27-gcc740
[CBI] ->              : -lboost_random-gcc740
[CBI] ->              : -lboost_regex-gcc740
[CBI] ->              : -lboost_serialization-gcc740
[CBI] ->              : -lboost_stacktrace_addr2line-gcc740
[CBI] ->              : -lboost_stacktrace_backtrace-gcc740
[CBI] ->              : -lboost_stacktrace_basic-gcc740
[CBI] ->              : -lboost_stacktrace_noop-gcc740
[CBI] ->              : -lboost_system-gcc740
[CBI] ->              : -lboost_thread-gcc740
[CBI] ->              : -lboost_timer-gcc740
[CBI] ->              : -lboost_type_erasure-gcc740
[CBI] ->              : -lboost_unit_test_framework-gcc740
[CBI] ->              : -lboost_wave-gcc740
[CBI] ->              : -lboost_wserialization-gcc740
[CBI] ->              : -lglut
[CBI] ->              : -lgomp
[CBI] ->              : -lpthread

==================================================================================
[CBI] -> Target Name  : Tuto_Graphe_gcc_x86_64
[CBI] -> Location     : /tmp/ramdrive/bilat/Targets/Tuto_Graphe/bin/Tuto_Graphe_gcc_x86_64.run
[CBI] -> Deploy 	  : ../RELEASE/bin
[CBI] ->
[CBI] -> Type	 	  : EXE
[CBI] -> Arch	 	  : x86_64
[CBI] -> OS	 		  : Linux
[CBI] -> User	 	  : bilat
[CBI] ->
[CBI] -> Compilateur  : g++
[CBI] -> Task	      : End Compiling-Linking !
[CBI] -> Time		  : 6 (s)
==================================================================================


[CBI] -> Deploying    : ../RELEASE/bin/Tuto_Graphe_gcc_x86_64.run

[CBI] -> Symlink Project Inc
[CBI] -> To update code completion : ctrl-shift-s   or   gui/index/rebuild

[CBI] -> Tuto_Graphe_gcc_x86_64 : End ALL!


16:14:50 Build Finished. 0 errors, 0 warnings. (took 8s.81ms)

