11:06:39 **** Build of configuration GCC_parallel for project Tuto_Canvas_JNI ****
cbicc gcc jall 

--------------------------------------------------------
[Runtime] : gcc x86
--------------------------------------------------------


[cuda]        : /usr/local

[jni]         : /usr/lib/jvm/java-11-openjdk-amd64

[X11]         : /usr/include/X11

[MKL]         : /opt/intel/mkl

[boost]       : /opt/api/ext/boost

[opencv]      : /opt/api/ext/opencv

[cpptest]     : /opt/api/ext/cpptest

[gphoto2]     : /opt/api/ext/gphoto2

[urg]         : /opt/api/ext/urg

[wic]         : /opt/api/ext/wic 

[pleora]      : /opt/api/ext/pleora

[glm]      : /opt/api/ext/GLM

[dronecode]         : /opt/api/ext/dronecode

[Runtime] : BILAT_INFOGRAPHIE           /opt/api/cbi/infographie

     BILAT_TOOLS_JST_HOME             = /opt/api/cbi/infographie/tools
     BILAT_OPENGL_HOME                = /opt/api/cbi/infographie/opengl
     BILAT_FENETRAGE_HOME             = /opt/api/cbi/infographie/fenetrage
     BILAT_IMAGE_HOME                 = /opt/api/cbi/infographie/image
     BILAT_SCENE_3D_HOME              = /opt/api/cbi/infographie/scene3d

[Runtime] : BILAT_TOOLS                 /opt/api/cbi/tools

     BILAT_TOOLS_CPP_HOME             = /opt/api/cbi/tools/bilat_tools_cpp
     BILAT_TOOLS_OMP_HOME             = /opt/api/cbi/tools/bilat_tools_omp
     BILAT_TOOLS_CUDA_HOME            = /opt/api/cbi/tools/bilat_tools_cuda
     BILAT_TOOLS_MKL_HOME             = /opt/api/cbi/tools/bilat_tools_mkl
     BILAT_TOOLS_OPENCV_HOME          = /opt/api/cbi/tools/bilat_tools_opencv
     BILAT_TOOLS_V4L_HOME             = /opt/api/cbi/tools/bilat_tools_v4l
     BILAT_TOOLS_CUDA_IMAGE_HOME      = /opt/api/cbi/tools/bilat_tools_cuda_image
     BILAT_TOOLS_CUDA_IMAGE_CV_HOME   = /opt/api/cbi/tools/bilat_tools_cuda_image_cv
     BILAT_TOOLS_IMAGE_HOME           = /opt/api/cbi/tools/bilat_tools_image
     BILAT_TOOLS_IMAGE_CV_HOME        = /opt/api/cbi/tools/bilat_tools_image_cv
     BILAT_TOOLS_CUDA_3D_HOME         = /opt/api/cbi/tools/bilat_tools_cuda_3D
     BILAT_TOOLS_JNI_HOME             = /opt/api/cbi/tools/bilat_tools_jni

[Runtime] : BILAT_CAPTEUR               /opt/api/cbi/capteur

     BILAT_GPHOTO2_HOME                 = /opt/api/cbi/capteur/bilat_gphoto2
     BILAT_LASER_HOME                   = /opt/api/cbi/capteur/bilat_laser
     BILAT_LIDAR_HOME                   = /opt/api/cbi/capteur/bilat_lidar
     BILAT_TAU2_HOME                    = /opt/api/cbi/capteur/bilat_tau2
     BILAT_SPEECH_HOME                  = /opt/api/cbi/capteur/bilat_speech
     BILAT_GPS_HOME                     = /opt/api/cbi/capteur/bilat_gps

--------------------------------------------------------
[Runtime] : gcc x86 : Ready!
--------------------------------------------------------


g++ (Ubuntu 7.5.0-3ubuntu1~18.04) 7.5.0
Copyright (C) 2017 Free Software Foundation, Inc.
This is free software; see the source for copying conditions.  There is NO
warranty; not even for MERCHANTABILITY or FITNESS FOR A PARTICULAR PURPOSE.


[Make] : GCC : jall

==================================================================================
[CBI] -> Target Name  : Tuto_Canvas_JNI_gcc_x86_64
[CBI] ->
[CBI] -> Build     	  : /tmp/ramdrive/bilat/Targets/Tuto_Canvas_JNI/bin/libTuto_Canvas_JNI_gcc_x86_64.so
[CBI] -> Deploy       : ../RELEASE/bin
[CBI] ->
[CBI] -> Type	 	  : SHARED_LIB
[CBI] -> Arch	 	  : x86_64
[CBI] -> OS	 		  : Linux
[CBI] -> User	 	  : bilat
[CBI] ->
[CBI] -> Task		  : Compiling-Linking
==================================================================================

[CBI] -> SRC AUX (Recursif) :
[CBI] ->

[CBI] -> CXXFLAGS (Partial) :
[CBI] ->
[CBI] ->              : -O3
[CBI] ->              : -fPIC
[CBI] ->              : -fomit-frame-pointer
[CBI] ->              : -frerun-loop-opt
[CBI] ->              : -fvisibility=hidden
[CBI] ->              : -march=native
[CBI] ->              : -std=c++17

[CBI] -> LDFLAGS (Partial) :
[CBI] ->
[CBI] ->              : -shared

[CBI] -> INC_PATH (auto detect):
[CBI] ->              : src/cpp/core/00_bridge/02_create_register/
[CBI] ->              : src/cpp/core/00_bridge/03_binding/
[CBI] ->              : src/cpp/core/01_gl_api_standard/

[CBI] -> LIB_PATH (auto detect):

[CBI] -> API_INC :
[CBI] ->              : /opt/api/cbi/infographie/fenetrage/305/Bilat_Fenetrage_Canvas_JNI/INC
[CBI] ->              : /opt/api/cbi/infographie/fenetrage/305/Bilat_Fenetrage_Canvas_JNI/INC/private
[CBI] ->              : /opt/api/cbi/infographie/fenetrage/305/Bilat_Fenetrage_Displayable/INC
[CBI] ->              : /opt/api/cbi/infographie/fenetrage/305/Bilat_Fenetrage_Displayable/INC/primitives
[CBI] ->              : /opt/api/cbi/infographie/tools/305/Bilat_tools_dll/INC
[CBI] ->              : /usr/lib/jvm/java-11-openjdk-amd64/include
[CBI] ->              : /usr/lib/jvm/java-11-openjdk-amd64/include/linux
[CBI] ->              : /usr/local/cuda/include
[CBI] ->              : /usr/local/cuda/include/CL
[CBI] ->              : /usr/local/cuda/include/crt

[CBI] -> API_BIN :
[CBI] ->              : /opt/api/cbi/infographie/fenetrage/305/Bilat_Fenetrage_Canvas_JNI/BIN/gcc
[CBI] ->              : /opt/api/cbi/infographie/fenetrage/305/Bilat_Fenetrage_Displayable/BIN/gcc
[CBI] ->              : /usr/lib/jvm/java-11-openjdk-amd64/lib
[CBI] ->              : /usr/lib/jvm/java-11-openjdk-amd64/lib/jfr
[CBI] ->              : /usr/lib/jvm/java-11-openjdk-amd64/lib/jli
[CBI] ->              : /usr/lib/jvm/java-11-openjdk-amd64/lib/security
[CBI] ->              : /usr/lib/jvm/java-11-openjdk-amd64/lib/server
[CBI] ->              : /usr/local/cuda/lib64

[CBI] -> API_LIBRARIES_STATIC :

[CBI] -> API_LIBRARIES :
[CBI] ->              : Bilat_Fenetrage_Canvas_JNI_305_gcc_x86_64
[CBI] ->              : Bilat_Fenetrage_Displayable_305_gcc_x86_64
[CBI] ->              : GL
[CBI] ->              : GLEW
[CBI] ->              : GLU
[CBI] ->              : OpenCL
[CBI] ->              : accinj64
[CBI] ->              : atk-wrapper
[CBI] ->              : attach
[CBI] ->              : awt
[CBI] ->              : awt_headless
[CBI] ->              : awt_xawt
[CBI] ->              : cublas
[CBI] ->              : cublasLt
[CBI] ->              : cudart
[CBI] ->              : cufft
[CBI] ->              : cufftw
[CBI] ->              : cuinj64
[CBI] ->              : curand
[CBI] ->              : cusolver
[CBI] ->              : cusolverMg
[CBI] ->              : cusparse
[CBI] ->              : dt_socket
[CBI] ->              : extnet
[CBI] ->              : fontmanager
[CBI] ->              : instrument
[CBI] ->              : j2gss
[CBI] ->              : j2pcsc
[CBI] ->              : j2pkcs11
[CBI] ->              : jaas
[CBI] ->              : java
[CBI] ->              : javajpeg
[CBI] ->              : jawt
[CBI] ->              : jdwp
[CBI] ->              : jimage
[CBI] ->              : jli
[CBI] ->              : jsig
[CBI] ->              : jsound
[CBI] ->              : jvm
[CBI] ->              : lcms
[CBI] ->              : management
[CBI] ->              : management_agent
[CBI] ->              : management_ext
[CBI] ->              : mlib_image
[CBI] ->              : net
[CBI] ->              : nio
[CBI] ->              : nppc
[CBI] ->              : nppial
[CBI] ->              : nppicc
[CBI] ->              : nppidei
[CBI] ->              : nppif
[CBI] ->              : nppig
[CBI] ->              : nppim
[CBI] ->              : nppist
[CBI] ->              : nppisu
[CBI] ->              : nppitc
[CBI] ->              : npps
[CBI] ->              : nvToolsExt
[CBI] ->              : nvblas
[CBI] ->              : nvjpeg
[CBI] ->              : nvrtc
[CBI] ->              : nvrtc-builtins
[CBI] ->              : prefs
[CBI] ->              : rmi
[CBI] ->              : saproc
[CBI] ->              : sctp
[CBI] ->              : splashscreen
[CBI] ->              : sunec
[CBI] ->              : unpack
[CBI] ->              : verify
[CBI] ->              : zip

[CBI] -> Create folder : /tmp/ramdrive/bilat/Targets/Tuto_Canvas_JNI/bin
[CBI] -> Create folder : /tmp/ramdrive/bilat/Targets/Tuto_Canvas_JNI/obj

[CBI] -> Compilation parallel (36 threads)

[Tuto_Canvas_JNI_gcc_x86_64] -> g++ compiling .cpp : src/cpp/core/01_gl_api_standard/HelloWorldGL.cpp
[Tuto_Canvas_JNI_gcc_x86_64] -> g++ compiling .cpp : src/cpp/core/00_bridge/03_binding/HelloBinding.cpp
[Tuto_Canvas_JNI_gcc_x86_64] -> g++ compiling .cpp : src/cpp/core/00_bridge/02_create_register/hello_registry.cpp
[Tuto_Canvas_JNI_gcc_x86_64] -> g++ compiling .cpp : src/cpp/core/00_bridge/01_jni/hello_jni.cpp

[Tuto_Canvas_JNI_gcc_x86_64] -> Linking to   : /tmp/ramdrive/bilat/Targets/Tuto_Canvas_JNI/bin/libTuto_Canvas_JNI_gcc_x86_64.so

[Tuto_Canvas_JNI_gcc_x86_64] -> Library Link :

[CBI] ->              : -lBilat_Fenetrage_Canvas_JNI_305_gcc_x86_64
[CBI] ->              : -lBilat_Fenetrage_Displayable_305_gcc_x86_64
[CBI] ->              : -lGL
[CBI] ->              : -lGLEW
[CBI] ->              : -lGLU
[CBI] ->              : -lOpenCL
[CBI] ->              : -laccinj64
[CBI] ->              : -latk-wrapper
[CBI] ->              : -lattach
[CBI] ->              : -lawt
[CBI] ->              : -lawt_headless
[CBI] ->              : -lawt_xawt
[CBI] ->              : -lcublas
[CBI] ->              : -lcublasLt
[CBI] ->              : -lcudart
[CBI] ->              : -lcufft
[CBI] ->              : -lcufftw
[CBI] ->              : -lcuinj64
[CBI] ->              : -lcurand
[CBI] ->              : -lcusolver
[CBI] ->              : -lcusolverMg
[CBI] ->              : -lcusparse
[CBI] ->              : -ldt_socket
[CBI] ->              : -lextnet
[CBI] ->              : -lfontmanager
[CBI] ->              : -linstrument
[CBI] ->              : -lj2gss
[CBI] ->              : -lj2pcsc
[CBI] ->              : -lj2pkcs11
[CBI] ->              : -ljaas
[CBI] ->              : -ljava
[CBI] ->              : -ljavajpeg
[CBI] ->              : -ljawt
[CBI] ->              : -ljdwp
[CBI] ->              : -ljimage
[CBI] ->              : -ljli
[CBI] ->              : -ljsig
[CBI] ->              : -ljsound
[CBI] ->              : -ljvm
[CBI] ->              : -llcms
[CBI] ->              : -lmanagement
[CBI] ->              : -lmanagement_agent
[CBI] ->              : -lmanagement_ext
[CBI] ->              : -lmlib_image
[CBI] ->              : -lnet
[CBI] ->              : -lnio
[CBI] ->              : -lnppc
[CBI] ->              : -lnppial
[CBI] ->              : -lnppicc
[CBI] ->              : -lnppidei
[CBI] ->              : -lnppif
[CBI] ->              : -lnppig
[CBI] ->              : -lnppim
[CBI] ->              : -lnppist
[CBI] ->              : -lnppisu
[CBI] ->              : -lnppitc
[CBI] ->              : -lnpps
[CBI] ->              : -lnvToolsExt
[CBI] ->              : -lnvblas
[CBI] ->              : -lnvjpeg
[CBI] ->              : -lnvrtc
[CBI] ->              : -lnvrtc-builtins
[CBI] ->              : -lprefs
[CBI] ->              : -lrmi
[CBI] ->              : -lsaproc
[CBI] ->              : -lsctp
[CBI] ->              : -lsplashscreen
[CBI] ->              : -lsunec
[CBI] ->              : -lunpack
[CBI] ->              : -lverify
[CBI] ->              : -lzip


==================================================================================
[CBI] -> Target Name  : Tuto_Canvas_JNI_gcc_x86_64
[CBI] -> Location     : /tmp/ramdrive/bilat/Targets/Tuto_Canvas_JNI/bin/libTuto_Canvas_JNI_gcc_x86_64.so
[CBI] -> Deploy 	  : ../RELEASE/bin
[CBI] ->
[CBI] -> Type	 	  : SHARED_LIB
[CBI] -> Arch	 	  : x86_64
[CBI] -> OS	 		  : Linux
[CBI] -> User	 	  : bilat
[CBI] ->
[CBI] -> Compilateur  : g++
[CBI] -> Task	      : End Compiling-Linking !
[CBI] -> Time		  : 1 (s)
==================================================================================


[CBI] -> Deploying    : ../RELEASE/bin/libTuto_Canvas_JNI_gcc_x86_64.so

[CBI] -> Symlink Project Inc
[CBI] -> To update code completion : ctrl-shift-s   or   gui/index/rebuild

[CBI] -> Tuto_Canvas_JNI_gcc_x86_64 : End ALL!


11:06:41 Build Finished. 0 errors, 0 warnings. (took 1s.802ms)

