11:04:51 **** Build of configuration GCC_parallel for project BilatUtil_CPP ****
cbicc gcc jall 

--------------------------------------------------------
[Runtime] : gcc x86
--------------------------------------------------------


[cuda]        : /usr/local

[jni]         : /usr/lib/jvm/java-11-openjdk-amd64

[X11]         : /usr/include/X11

[MKL]         : /opt/intel/mkl

[boost]       : /opt/api/ext/boost

[opencv]      : /opt/api/ext/opencv

[cpptest]     : /opt/api/ext/cpptest

[gphoto2]     : /opt/api/ext/gphoto2

[urg]         : /opt/api/ext/urg

[wic]         : /opt/api/ext/wic 

[pleora]      : /opt/api/ext/pleora

[glm]      : /opt/api/ext/GLM

[dronecode]         : /opt/api/ext/dronecode

[Runtime] : BILAT_INFOGRAPHIE           /opt/api/cbi/infographie

     BILAT_TOOLS_JST_HOME             = /opt/api/cbi/infographie/tools
     BILAT_OPENGL_HOME                = /opt/api/cbi/infographie/opengl
     BILAT_FENETRAGE_HOME             = /opt/api/cbi/infographie/fenetrage
     BILAT_IMAGE_HOME                 = /opt/api/cbi/infographie/image
     BILAT_SCENE_3D_HOME              = /opt/api/cbi/infographie/scene3d

[Runtime] : BILAT_TOOLS                 /opt/api/cbi/tools

     BILAT_TOOLS_CPP_HOME             = /opt/api/cbi/tools/bilat_tools_cpp
     BILAT_TOOLS_OMP_HOME             = /opt/api/cbi/tools/bilat_tools_omp
     BILAT_TOOLS_CUDA_HOME            = /opt/api/cbi/tools/bilat_tools_cuda
     BILAT_TOOLS_MKL_HOME             = /opt/api/cbi/tools/bilat_tools_mkl
     BILAT_TOOLS_OPENCV_HOME          = /opt/api/cbi/tools/bilat_tools_opencv
     BILAT_TOOLS_V4L_HOME             = /opt/api/cbi/tools/bilat_tools_v4l
     BILAT_TOOLS_CUDA_IMAGE_HOME      = /opt/api/cbi/tools/bilat_tools_cuda_image
     BILAT_TOOLS_CUDA_IMAGE_CV_HOME   = /opt/api/cbi/tools/bilat_tools_cuda_image_cv
     BILAT_TOOLS_IMAGE_HOME           = /opt/api/cbi/tools/bilat_tools_image
     BILAT_TOOLS_IMAGE_CV_HOME        = /opt/api/cbi/tools/bilat_tools_image_cv
     BILAT_TOOLS_CUDA_3D_HOME         = /opt/api/cbi/tools/bilat_tools_cuda_3D
     BILAT_TOOLS_JNI_HOME             = /opt/api/cbi/tools/bilat_tools_jni

[Runtime] : BILAT_CAPTEUR               /opt/api/cbi/capteur

     BILAT_GPHOTO2_HOME                 = /opt/api/cbi/capteur/bilat_gphoto2
     BILAT_LASER_HOME                   = /opt/api/cbi/capteur/bilat_laser
     BILAT_LIDAR_HOME                   = /opt/api/cbi/capteur/bilat_lidar
     BILAT_TAU2_HOME                    = /opt/api/cbi/capteur/bilat_tau2
     BILAT_SPEECH_HOME                  = /opt/api/cbi/capteur/bilat_speech
     BILAT_GPS_HOME                     = /opt/api/cbi/capteur/bilat_gps

--------------------------------------------------------
[Runtime] : gcc x86 : Ready!
--------------------------------------------------------


g++ (Ubuntu 7.5.0-3ubuntu1~18.04) 7.5.0
Copyright (C) 2017 Free Software Foundation, Inc.
This is free software; see the source for copying conditions.  There is NO
warranty; not even for MERCHANTABILITY or FITNESS FOR A PARTICULAR PURPOSE.


[Make] : GCC : jall

==================================================================================
[CBI] -> Target Name  : BilatUtil_CPP_305_010_gcc_x86_64
[CBI] ->
[CBI] -> Build     	  : /tmp/ramdrive/bilat/Targets/BilatUtil_CPP_305_010/bin/libBilatUtil_CPP_305_010_gcc_x86_64.a
[CBI] -> Deploy       : ../RELEASE/bin
[CBI] ->
[CBI] -> Type	 	  : STATIC_LIB
[CBI] -> Arch	 	  : x86_64
[CBI] -> OS	 		  : Linux
[CBI] -> User	 	  : bilat
[CBI] ->
[CBI] -> Task		  : Compiling-Linking
==================================================================================

[CBI] -> SRC AUX (Recursif) :
[CBI] ->
[CBI] ->              : ../BilatTools_CPP/src/core
[CBI] ->              : /opt/api/ext/cpptest/200/LIB_STATIC/gcc

[CBI] -> CXXFLAGS (Partial) :
[CBI] ->
[CBI] ->              : -O3
[CBI] ->              : -fPIC
[CBI] ->              : -fomit-frame-pointer
[CBI] ->              : -fopenmp
[CBI] ->              : -frerun-loop-opt
[CBI] ->              : -march=native
[CBI] ->              : -std=c++17


[CBI] -> INC_PATH (auto detect):
[CBI] ->              : ../BilatTools_CPP/src/core/tools/02_fps/
[CBI] ->              : ../BilatTools_CPP/src/core/tools/02_fps/01_namespace_cpu/
[CBI] ->              : ../BilatTools_CPP/src/core/tools/03_array/
[CBI] ->              : ../BilatTools_CPP/src/core/tools/04_files/
[CBI] ->              : ../BilatTools_CPP/src/core/tools/05_chrono/
[CBI] ->              : ../BilatTools_CPP/src/core/tools/05_chrono/clock/
[CBI] ->              : ../BilatTools_CPP/src/core/tools/05_chrono/omp/
[CBI] ->              : ../BilatTools_CPP/src/core/tools/05_chrono/std/
[CBI] ->              : ../BilatTools_CPP/src/core/tools/06_context/
[CBI] ->              : ../BilatTools_CPP/src/core/tools/cpp/
[CBI] ->              : ../BilatTools_CPP/src/core/tools/header/
[CBI] ->              : src/core/utils/header/
[CBI] ->              : src/test/header/

[CBI] -> LIB_PATH (auto detect):

[CBI] -> API_INC :
[CBI] ->              : /opt/api/ext/cpptest/200/INC
[CBI] ->              : /opt/api/ext/cpptest/200/INC/extension

[CBI] -> API_BIN :

[CBI] -> API_LIBRARIES_STATIC :
[CBI] ->              : /opt/api/ext/cpptest/200/LIB_STATIC/gcc

[CBI] -> API_LIBRARIES :

[CBI] -> Create folder : /tmp/ramdrive/bilat/Targets/BilatUtil_CPP_305_010/bin
[CBI] -> Create folder : /tmp/ramdrive/bilat/Targets/BilatUtil_CPP_305_010/obj

[CBI] -> Compilation parallel (36 threads)

[BilatUtil_CPP_305_010_gcc_x86_64] -> g++ compiling .cpp : src/main.cpp
[BilatUtil_CPP_305_010_gcc_x86_64] -> g++ compiling .cpp : src/test/mainTest.cpp
[BilatUtil_CPP_305_010_gcc_x86_64] -> g++ compiling .cpp : src/test/cpp/TestTab2DJunit.cpp
[BilatUtil_CPP_305_010_gcc_x86_64] -> g++ compiling .cpp : src/core/utils/cpp/rawMajorTools.cpp
[BilatUtil_CPP_305_010_gcc_x86_64] -> g++ compiling .cpp : src/core/utils/cpp/tab2DTools.cpp
[BilatUtil_CPP_305_010_gcc_x86_64] -> g++ compiling .cpp : src/core/utils/cpp/histo.cpp
[BilatUtil_CPP_305_010_gcc_x86_64] -> g++ compiling .cpp : src/core/utils/cpp/tab1DTools.cpp
[BilatUtil_CPP_305_010_gcc_x86_64] -> g++ compiling .cpp : src/core/utils/cpp/vectorTools.cpp
[BilatUtil_CPP_305_010_gcc_x86_64] -> g++ compiling .cpp : ../BilatTools_CPP/src/core/tools/05_chrono/Chrono.cpp
[BilatUtil_CPP_305_010_gcc_x86_64] -> g++ compiling .cpp : ../BilatTools_CPP/src/core/tools/05_chrono/ChronoFactory.cpp
[BilatUtil_CPP_305_010_gcc_x86_64] -> g++ compiling .cpp : ../BilatTools_CPP/src/core/tools/05_chrono/omp/ChronoOMP.cpp
[BilatUtil_CPP_305_010_gcc_x86_64] -> g++ compiling .cpp : ../BilatTools_CPP/src/core/tools/05_chrono/clock/ChronoClock.cpp
[BilatUtil_CPP_305_010_gcc_x86_64] -> g++ compiling .cpp : ../BilatTools_CPP/src/core/tools/05_chrono/std/ChronoSTD.cpp
[BilatUtil_CPP_305_010_gcc_x86_64] -> g++ compiling .cpp : ../BilatTools_CPP/src/core/tools/cpp/Chrome.cpp
[BilatUtil_CPP_305_010_gcc_x86_64] -> g++ compiling .cpp : ../BilatTools_CPP/src/core/tools/cpp/Strings.cpp
[BilatUtil_CPP_305_010_gcc_x86_64] -> g++ compiling .cpp : ../BilatTools_CPP/src/core/tools/cpp/Limits.cpp
[BilatUtil_CPP_305_010_gcc_x86_64] -> g++ compiling .cpp : ../BilatTools_CPP/src/core/tools/cpp/VideoProvider.cpp
[BilatUtil_CPP_305_010_gcc_x86_64] -> g++ compiling .cpp : ../BilatTools_CPP/src/core/tools/cpp/Maths.cpp
[BilatUtil_CPP_305_010_gcc_x86_64] -> g++ compiling .cpp : ../BilatTools_CPP/src/core/tools/cpp/Progress.cpp
[BilatUtil_CPP_305_010_gcc_x86_64] -> g++ compiling .cpp : ../BilatTools_CPP/src/core/tools/cpp/Iterator.cpp
[BilatUtil_CPP_305_010_gcc_x86_64] -> g++ compiling .cpp : ../BilatTools_CPP/src/core/tools/cpp/Aleas.cpp
[BilatUtil_CPP_305_010_gcc_x86_64] -> g++ compiling .cpp : ../BilatTools_CPP/src/core/tools/03_array/TabTools.cpp
[BilatUtil_CPP_305_010_gcc_x86_64] -> g++ compiling .cpp : ../BilatTools_CPP/src/core/tools/02_fps/Fps.cpp
[BilatUtil_CPP_305_010_gcc_x86_64] -> g++ compiling .cpp : ../BilatTools_CPP/src/core/tools/02_fps/01_namespace_cpu/Colors_CPU.cpp
[BilatUtil_CPP_305_010_gcc_x86_64] -> g++ compiling .cpp : ../BilatTools_CPP/src/core/tools/02_fps/01_namespace_cpu/Indices_CPU.cpp
[BilatUtil_CPP_305_010_gcc_x86_64] -> g++ compiling .cpp : ../BilatTools_CPP/src/core/tools/02_fps/01_namespace_cpu/Animator_CPU.cpp
[BilatUtil_CPP_305_010_gcc_x86_64] -> g++ compiling .cpp : ../BilatTools_CPP/src/core/tools/02_fps/Bandwidth.cpp
[BilatUtil_CPP_305_010_gcc_x86_64] -> g++ compiling .cpp : ../BilatTools_CPP/src/core/tools/06_context/Args.cpp
[BilatUtil_CPP_305_010_gcc_x86_64] -> g++ compiling .cpp : ../BilatTools_CPP/src/core/tools/04_files/Folders.cpp
[BilatUtil_CPP_305_010_gcc_x86_64] -> g++ compiling .cpp : ../BilatTools_CPP/src/core/tools/02_fps/FpsCalculator.cpp
../BilatTools_CPP/src/core/tools/cpp/Chrome.cpp: In static member function ‘static void Chrome::showHTML(std::__cxx11::string, std::__cxx11::string)’:
../BilatTools_CPP/src/core/tools/cpp/Chrome.cpp:33:11: warning: ignoring return value of ‘int system(const char*)’, declared with attribute warn_unused_result [-Wunused-result]
     system(script.c_str());    // execute code OS
     ~~~~~~^~~~~~~~~~~~~~~~
../BilatTools_CPP/src/core/tools/04_files/Folders.cpp: In static member function ‘static void Folders::mkdirP_linux(std::__cxx11::string)’:
../BilatTools_CPP/src/core/tools/04_files/Folders.cpp:51:8: warning: ignoring return value of ‘int system(const char*)’, declared with attribute warn_unused_result [-Wunused-result]
  system(cmd.c_str());
  ~~~~~~^~~~~~~~~~~~~
src/test/mainTest.cpp: In function ‘bool testALL()’:
src/test/mainTest.cpp:46:24: warning: ‘template<class> class std::auto_ptr’ is deprecated [-Wdeprecated-declarations]
     testSuite.add(std::auto_ptr < Test::Suite > (new TestTab2DJunit()));
                        ^~~~~~~~
In file included from /usr/include/c++/7/memory:80:0,
                 from /opt/api/ext/cpptest/200/INC/cpptest-suite.h:33,
                 from /opt/api/ext/cpptest/200/INC/cpptest.h:34,
                 from /opt/api/ext/cpptest/200/INC/extension/CppTest.h:4,
                 from src/test/mainTest.cpp:4:
/usr/include/c++/7/bits/unique_ptr.h:51:28: note: declared here
   template<typename> class auto_ptr;
                            ^~~~~~~~

ar: creating /tmp/ramdrive/bilat/Targets/BilatUtil_CPP_305_010/bin/libBilatUtil_CPP_305_010_gcc_x86_64.a

==================================================================================
[CBI] -> Target Name  : BilatUtil_CPP_305_010_gcc_x86_64
[CBI] -> Location     : /tmp/ramdrive/bilat/Targets/BilatUtil_CPP_305_010/bin/libBilatUtil_CPP_305_010_gcc_x86_64.a
[CBI] -> Deploy 	  : ../RELEASE/bin
[CBI] ->
[CBI] -> Type	 	  : STATIC_LIB
[CBI] -> Arch	 	  : x86_64
[CBI] -> OS	 		  : Linux
[CBI] -> User	 	  : bilat
[CBI] ->
[CBI] -> Compilateur  : g++ (g++)
[CBI] -> Task	      : End Compiling-Archive !
[CBI] -> Time		  : 1 (s)
==================================================================================


[CBI] -> Deploying    : ../RELEASE/bin/libBilatUtil_CPP_305_010_gcc_x86_64.a

[CBI] -> Symlink Project Inc
[CBI] -> To update code completion : ctrl-shift-s   or   gui/index/rebuild

[CBI] -> BilatUtil_CPP_305_010_gcc_x86_64 : End ALL!


11:04:53 Build Finished. 0 errors, 3 warnings. (took 2s.2ms)

