17:41:08 **** Build of configuration IntelLinux_parallel for project BilatTools_Intel_MKL ****
cbicc intel jall 

--------------------------------------------------------
[Runtime] : intel x86
--------------------------------------------------------


[cuda]        : /usr/local

[jni]         : /usr/lib/jvm/java-11-openjdk-amd64

[X11]         : /usr/include/X11

[MKL]         : /opt/intel/mkl
 
:: initializing oneAPI environment ...
   makeIntelLinux.sh: BASH_VERSION = 4.4.20(1)-release
:: compiler -- latest
:: debugger -- latest
:: dev-utilities -- latest
:: mkl -- latest
:: tbb -- latest
:: oneAPI environment initialized ::
 
[Runtime] : Intel : /opt/intel

[boost]       : /opt/api/ext/boost

[opencv]      : /opt/api/ext/opencv

[cpptest]     : /opt/api/ext/cpptest

[gphoto2]     : /opt/api/ext/gphoto2

[urg]         : /opt/api/ext/urg

[wic]         : /opt/api/ext/wic 

[pleora]      : /opt/api/ext/pleora

[glm]      : /opt/api/ext/GLM

[dronecode]         : /opt/api/ext/dronecode

[Runtime] : BILAT_INFOGRAPHIE           /opt/api/cbi/infographie

     BILAT_TOOLS_JST_HOME             = /opt/api/cbi/infographie/tools
     BILAT_OPENGL_HOME                = /opt/api/cbi/infographie/opengl
     BILAT_FENETRAGE_HOME             = /opt/api/cbi/infographie/fenetrage
     BILAT_IMAGE_HOME                 = /opt/api/cbi/infographie/image
     BILAT_SCENE_3D_HOME              = /opt/api/cbi/infographie/scene3d

[Runtime] : BILAT_TOOLS                 /opt/api/cbi/tools

     BILAT_TOOLS_CPP_HOME             = /opt/api/cbi/tools/bilat_tools_cpp
     BILAT_TOOLS_OMP_HOME             = /opt/api/cbi/tools/bilat_tools_omp
     BILAT_TOOLS_CUDA_HOME            = /opt/api/cbi/tools/bilat_tools_cuda
     BILAT_TOOLS_MKL_HOME             = /opt/api/cbi/tools/bilat_tools_mkl
     BILAT_TOOLS_OPENCV_HOME          = /opt/api/cbi/tools/bilat_tools_opencv
     BILAT_TOOLS_V4L_HOME             = /opt/api/cbi/tools/bilat_tools_v4l
     BILAT_TOOLS_CUDA_IMAGE_HOME      = /opt/api/cbi/tools/bilat_tools_cuda_image
     BILAT_TOOLS_CUDA_IMAGE_CV_HOME   = /opt/api/cbi/tools/bilat_tools_cuda_image_cv
     BILAT_TOOLS_IMAGE_HOME           = /opt/api/cbi/tools/bilat_tools_image
     BILAT_TOOLS_IMAGE_CV_HOME        = /opt/api/cbi/tools/bilat_tools_image_cv
     BILAT_TOOLS_CUDA_3D_HOME         = /opt/api/cbi/tools/bilat_tools_cuda_3D
     BILAT_TOOLS_JNI_HOME             = /opt/api/cbi/tools/bilat_tools_jni

[Runtime] : BILAT_CAPTEUR               /opt/api/cbi/capteur

     BILAT_GPHOTO2_HOME                 = /opt/api/cbi/capteur/bilat_gphoto2
     BILAT_LASER_HOME                   = /opt/api/cbi/capteur/bilat_laser
     BILAT_LIDAR_HOME                   = /opt/api/cbi/capteur/bilat_lidar
     BILAT_TAU2_HOME                    = /opt/api/cbi/capteur/bilat_tau2
     BILAT_SPEECH_HOME                  = /opt/api/cbi/capteur/bilat_speech
     BILAT_GPS_HOME                     = /opt/api/cbi/capteur/bilat_gps

--------------------------------------------------------
[Runtime] : intel x86_64 : Ready!
--------------------------------------------------------


[INTEL] : jall

icpc (ICC) 2021.3.0 20210609
Copyright (C) 1985-2021 Intel Corporation.  All rights reserved.

find: ‘/opt/intel/mkl/lib/intel64’: No such file or directory
==================================================================================
[CBI] -> Target Name  : BilatTools_MKL_305_012_intel_x86_64
[CBI] ->
[CBI] -> Build     	  : /tmp/ramdrive/bilat/Targets/BilatTools_MKL_305_012/bin/libBilatTools_MKL_305_012_intel_x86_64.so
[CBI] -> Deploy       : ../RELEASE/bin
[CBI] ->
[CBI] -> Type	 	  : SHARED_LIB
[CBI] -> Arch	 	  : x86_64
[CBI] -> OS	 		  : Linux
[CBI] -> User	 	  : bilat
[CBI] ->
[CBI] -> Task		  : Compiling-Linking
==================================================================================

[CBI] -> SRC AUX (Recursif) :
[CBI] ->

[CBI] -> CXXFLAGS (Partial) :
[CBI] ->
[CBI] ->              : -O3
[CBI] ->              : -fPIC
[CBI] ->              : -fast
[CBI] ->              : -mkl
[CBI] ->              : -par-threshold100
[CBI] ->              : -parallel
[CBI] ->              : -qopenmp
[CBI] ->              : -std=c++17
[CBI] ->              : -w
[CBI] ->              : -xHost

[CBI] -> LDFLAGS (Partial) :
[CBI] ->
[CBI] ->              : -shared

[CBI] -> INC_PATH (auto detect):
[CBI] ->              : src/core/mklTools/

[CBI] -> LIB_PATH (auto detect):

[CBI] -> API_INC :
[CBI] ->              : /opt/api/cbi/tools/bilat_tools_cpp/305_012/INC
[CBI] ->              : /opt/api/cbi/tools/bilat_tools_cpp/305_012/INC/tools
[CBI] ->              : /opt/api/cbi/tools/bilat_tools_cpp/305_012/INC/tools/02_fps
[CBI] ->              : /opt/api/cbi/tools/bilat_tools_cpp/305_012/INC/tools/02_fps/01_namespace_cpu
[CBI] ->              : /opt/api/cbi/tools/bilat_tools_cpp/305_012/INC/tools/03_array
[CBI] ->              : /opt/api/cbi/tools/bilat_tools_cpp/305_012/INC/tools/04_files
[CBI] ->              : /opt/api/cbi/tools/bilat_tools_cpp/305_012/INC/tools/05_chrono
[CBI] ->              : /opt/api/cbi/tools/bilat_tools_cpp/305_012/INC/tools/05_chrono/clock
[CBI] ->              : /opt/api/cbi/tools/bilat_tools_cpp/305_012/INC/tools/05_chrono/omp
[CBI] ->              : /opt/api/cbi/tools/bilat_tools_cpp/305_012/INC/tools/05_chrono/std
[CBI] ->              : /opt/api/cbi/tools/bilat_tools_cpp/305_012/INC/tools/06_context
[CBI] ->              : /opt/api/cbi/tools/bilat_tools_cpp/305_012/INC/tools/cpp
[CBI] ->              : /opt/api/cbi/tools/bilat_tools_cpp/305_012/INC/tools/header

[CBI] -> API_BIN :
[CBI] ->              : /opt/api/cbi/tools/bilat_tools_cpp/305_012/BIN/intel

[CBI] -> API_LIBRARIES_STATIC :

[CBI] -> API_LIBRARIES :
[CBI] ->              : BilatTools_CPP_305_012_intel_x86_64
[CBI] ->              : mkl_core
[CBI] ->              : mkl_intel_lp64
[CBI] ->              : mkl_intel_thread

[CBI] -> Create folder : /tmp/ramdrive/bilat/Targets/BilatTools_MKL_305_012/bin
[CBI] -> Create folder : /tmp/ramdrive/bilat/Targets/BilatTools_MKL_305_012/obj

[CBI] -> Compilation parallel (36 threads)

find: ‘/opt/intel/mkl/lib/intel64’: No such file or directory
[BilatTools_MKL_305_012_intel_x86_64] -> icpc compiling .cpp : src/core/main.cpp
[BilatTools_MKL_305_012_intel_x86_64] -> icpc compiling .cpp : src/core/mklTools/MKL.cpp

[BilatTools_MKL_305_012_intel_x86_64] -> Linking to   : /tmp/ramdrive/bilat/Targets/BilatTools_MKL_305_012/bin/libBilatTools_MKL_305_012_intel_x86_64.so

[BilatTools_MKL_305_012_intel_x86_64] -> Library Link :

[CBI] ->              : -lBilatTools_CPP_305_012_intel_x86_64
[CBI] ->              : -liomp5
[CBI] ->              : -lmkl_core
[CBI] ->              : -lmkl_intel_lp64
[CBI] ->              : -lmkl_intel_thread


==================================================================================
[CBI] -> Target Name  : BilatTools_MKL_305_012_intel_x86_64
[CBI] -> Location     : /tmp/ramdrive/bilat/Targets/BilatTools_MKL_305_012/bin/libBilatTools_MKL_305_012_intel_x86_64.so
[CBI] -> Deploy 	  : ../RELEASE/bin
[CBI] ->
[CBI] -> Type	 	  : SHARED_LIB
[CBI] -> Arch	 	  : x86_64
[CBI] -> OS	 		  : Linux
[CBI] -> User	 	  : bilat
[CBI] ->
[CBI] -> Compilateur  : icpc
[CBI] -> Task	      : End Compiling-Linking !
[CBI] -> Time		  : 2 (s)
==================================================================================

find: ‘/opt/intel/mkl/lib/intel64’: No such file or directory

[CBI] -> Deploying    : ../RELEASE/bin/libBilatTools_MKL_305_012_intel_x86_64.so

[CBI] -> Symlink Project Inc
[CBI] -> To update code completion : ctrl-shift-s   or   gui/index/rebuild

[CBI] -> BilatTools_MKL_305_012_intel_x86_64 : End ALL!


17:41:12 Build Finished. 0 errors, 0 warnings. (took 4s.181ms)

