11:06:09 **** Build of configuration GCC_parallel for project Student_OMP ****
cbicc gcc jall 

--------------------------------------------------------
[Runtime] : gcc x86
--------------------------------------------------------


[cuda]        : /usr/local

[jni]         : /usr/lib/jvm/java-11-openjdk-amd64

[X11]         : /usr/include/X11

[MKL]         : /opt/intel/mkl

[boost]       : /opt/api/ext/boost

[opencv]      : /opt/api/ext/opencv

[cpptest]     : /opt/api/ext/cpptest

[gphoto2]     : /opt/api/ext/gphoto2

[urg]         : /opt/api/ext/urg

[wic]         : /opt/api/ext/wic 

[pleora]      : /opt/api/ext/pleora

[glm]      : /opt/api/ext/GLM

[dronecode]         : /opt/api/ext/dronecode

[Runtime] : BILAT_INFOGRAPHIE           /opt/api/cbi/infographie

     BILAT_TOOLS_JST_HOME             = /opt/api/cbi/infographie/tools
     BILAT_OPENGL_HOME                = /opt/api/cbi/infographie/opengl
     BILAT_FENETRAGE_HOME             = /opt/api/cbi/infographie/fenetrage
     BILAT_IMAGE_HOME                 = /opt/api/cbi/infographie/image
     BILAT_SCENE_3D_HOME              = /opt/api/cbi/infographie/scene3d

[Runtime] : BILAT_TOOLS                 /opt/api/cbi/tools

     BILAT_TOOLS_CPP_HOME             = /opt/api/cbi/tools/bilat_tools_cpp
     BILAT_TOOLS_OMP_HOME             = /opt/api/cbi/tools/bilat_tools_omp
     BILAT_TOOLS_CUDA_HOME            = /opt/api/cbi/tools/bilat_tools_cuda
     BILAT_TOOLS_MKL_HOME             = /opt/api/cbi/tools/bilat_tools_mkl
     BILAT_TOOLS_OPENCV_HOME          = /opt/api/cbi/tools/bilat_tools_opencv
     BILAT_TOOLS_V4L_HOME             = /opt/api/cbi/tools/bilat_tools_v4l
     BILAT_TOOLS_CUDA_IMAGE_HOME      = /opt/api/cbi/tools/bilat_tools_cuda_image
     BILAT_TOOLS_CUDA_IMAGE_CV_HOME   = /opt/api/cbi/tools/bilat_tools_cuda_image_cv
     BILAT_TOOLS_IMAGE_HOME           = /opt/api/cbi/tools/bilat_tools_image
     BILAT_TOOLS_IMAGE_CV_HOME        = /opt/api/cbi/tools/bilat_tools_image_cv
     BILAT_TOOLS_CUDA_3D_HOME         = /opt/api/cbi/tools/bilat_tools_cuda_3D
     BILAT_TOOLS_JNI_HOME             = /opt/api/cbi/tools/bilat_tools_jni

[Runtime] : BILAT_CAPTEUR               /opt/api/cbi/capteur

     BILAT_GPHOTO2_HOME                 = /opt/api/cbi/capteur/bilat_gphoto2
     BILAT_LASER_HOME                   = /opt/api/cbi/capteur/bilat_laser
     BILAT_LIDAR_HOME                   = /opt/api/cbi/capteur/bilat_lidar
     BILAT_TAU2_HOME                    = /opt/api/cbi/capteur/bilat_tau2
     BILAT_SPEECH_HOME                  = /opt/api/cbi/capteur/bilat_speech
     BILAT_GPS_HOME                     = /opt/api/cbi/capteur/bilat_gps

--------------------------------------------------------
[Runtime] : gcc x86 : Ready!
--------------------------------------------------------


g++ (Ubuntu 7.5.0-3ubuntu1~18.04) 7.5.0
Copyright (C) 2017 Free Software Foundation, Inc.
This is free software; see the source for copying conditions.  There is NO
warranty; not even for MERCHANTABILITY or FITNESS FOR A PARTICULAR PURPOSE.


[Make] : GCC : jall

==================================================================================
[CBI] -> Target Name  : Student_OMP_bilat_gcc_x86_64
[CBI] ->
[CBI] -> Build     	  : /tmp/ramdrive/bilat/Targets/Student_OMP_bilat/bin/Student_OMP_bilat_gcc_x86_64.run
[CBI] -> Deploy       : ../RELEASE/bin
[CBI] ->
[CBI] -> Type	 	  : EXE
[CBI] -> Arch	 	  : x86_64
[CBI] -> OS	 		  : Linux
[CBI] -> User	 	  : bilat
[CBI] ->
[CBI] -> Task		  : Compiling-Linking
==================================================================================

[CBI] -> SRC AUX (Recursif) :
[CBI] ->
[CBI] ->              : /opt/api/ext/cpptest/200/LIB_STATIC/gcc

[CBI] -> CXXFLAGS (Partial) :
[CBI] ->
[CBI] ->              : -O3
[CBI] ->              : -fomit-frame-pointer
[CBI] ->              : -fopenmp
[CBI] ->              : -frerun-loop-opt
[CBI] ->              : -march=native
[CBI] ->              : -std=c++17

[CBI] -> LDFLAGS (Partial) :
[CBI] ->

[CBI] -> INC_PATH (auto detect):
[CBI] ->              : src/cpp/core/omp/02_Slice/
[CBI] ->              : src/cpp/test/unit/01_Test_Hello/
[CBI] ->              : src/cpp/test/unit/02_Test_Pi/

[CBI] -> LIB_PATH (auto detect):

[CBI] -> API_INC :
[CBI] ->              : /opt/api/cbi/tools/bilat_tools_cpp/305_010/INC
[CBI] ->              : /opt/api/cbi/tools/bilat_tools_cpp/305_010/INC/tools
[CBI] ->              : /opt/api/cbi/tools/bilat_tools_cpp/305_010/INC/tools/02_fps
[CBI] ->              : /opt/api/cbi/tools/bilat_tools_cpp/305_010/INC/tools/02_fps/01_namespace_cpu
[CBI] ->              : /opt/api/cbi/tools/bilat_tools_cpp/305_010/INC/tools/03_array
[CBI] ->              : /opt/api/cbi/tools/bilat_tools_cpp/305_010/INC/tools/04_files
[CBI] ->              : /opt/api/cbi/tools/bilat_tools_cpp/305_010/INC/tools/05_chrono
[CBI] ->              : /opt/api/cbi/tools/bilat_tools_cpp/305_010/INC/tools/05_chrono/clock
[CBI] ->              : /opt/api/cbi/tools/bilat_tools_cpp/305_010/INC/tools/05_chrono/omp
[CBI] ->              : /opt/api/cbi/tools/bilat_tools_cpp/305_010/INC/tools/05_chrono/std
[CBI] ->              : /opt/api/cbi/tools/bilat_tools_cpp/305_010/INC/tools/06_context
[CBI] ->              : /opt/api/cbi/tools/bilat_tools_cpp/305_010/INC/tools/cpp
[CBI] ->              : /opt/api/cbi/tools/bilat_tools_cpp/305_010/INC/tools/header
[CBI] ->              : /opt/api/cbi/tools/bilat_tools_omp/305_010/INC
[CBI] ->              : /opt/api/cbi/tools/bilat_tools_omp/305_010/INC/OMP_Tools
[CBI] ->              : /opt/api/ext/cpptest/200/INC
[CBI] ->              : /opt/api/ext/cpptest/200/INC/extension

[CBI] -> API_BIN :
[CBI] ->              : /opt/api/cbi/tools/bilat_tools_cpp/305_010/BIN/gcc
[CBI] ->              : /opt/api/cbi/tools/bilat_tools_omp/305_010/BIN/gcc

[CBI] -> API_LIBRARIES_STATIC :
[CBI] ->              : /opt/api/ext/cpptest/200/LIB_STATIC/gcc

[CBI] -> API_LIBRARIES :
[CBI] ->              : BilatTools_CPP_305_010_gcc_x86_64
[CBI] ->              : BilatTools_OMP_305_010_gcc_x86_64

[CBI] -> Create folder : /tmp/ramdrive/bilat/Targets/Student_OMP_bilat/bin
[CBI] -> Create folder : /tmp/ramdrive/bilat/Targets/Student_OMP_bilat/obj

[CBI] -> Compilation parallel (36 threads)

[Student_OMP_bilat_gcc_x86_64] -> g++ compiling .cpp : src/main.cpp
[Student_OMP_bilat_gcc_x86_64] -> g++ compiling .cpp : src/cpp/test/mainTest.cpp
[Student_OMP_bilat_gcc_x86_64] -> g++ compiling .cpp : src/cpp/test/unit/02_Test_Pi/TestPi.cpp
[Student_OMP_bilat_gcc_x86_64] -> g++ compiling .cpp : src/cpp/test/unit/01_Test_Hello/TestHello.cpp
[Student_OMP_bilat_gcc_x86_64] -> g++ compiling .cpp : src/cpp/core/mainCore.cpp
[Student_OMP_bilat_gcc_x86_64] -> g++ compiling .cpp : src/cpp/core/omp/01_Hello/useHello.cpp
[Student_OMP_bilat_gcc_x86_64] -> g++ compiling .cpp : src/cpp/core/omp/01_Hello/helloOMP.cpp
[Student_OMP_bilat_gcc_x86_64] -> g++ compiling .cpp : src/cpp/core/omp/02_Slice/08_pi_for_reduction.cpp
[Student_OMP_bilat_gcc_x86_64] -> g++ compiling .cpp : src/cpp/core/omp/02_Slice/03_pi_entrelacer_critique.cpp
[Student_OMP_bilat_gcc_x86_64] -> g++ compiling .cpp : src/cpp/core/omp/02_Slice/01_pi_sequentiel.cpp
[Student_OMP_bilat_gcc_x86_64] -> g++ compiling .cpp : src/cpp/core/omp/02_Slice/04_pi_entrelacer_atomic.cpp
[Student_OMP_bilat_gcc_x86_64] -> g++ compiling .cpp : src/cpp/core/omp/02_Slice/05_pi_for_critical.cpp
[Student_OMP_bilat_gcc_x86_64] -> g++ compiling .cpp : src/cpp/core/omp/02_Slice/07_pi_for_promotionTab.cpp
[Student_OMP_bilat_gcc_x86_64] -> g++ compiling .cpp : src/cpp/core/omp/02_Slice/06_pi_for_atomic.cpp
[Student_OMP_bilat_gcc_x86_64] -> g++ compiling .cpp : src/cpp/core/omp/02_Slice/00_pi_tools.cpp
[Student_OMP_bilat_gcc_x86_64] -> g++ compiling .cpp : src/cpp/core/omp/02_Slice/usePI.cpp
[Student_OMP_bilat_gcc_x86_64] -> g++ compiling .cpp : src/cpp/core/omp/02_Slice/02_pi_entrelacer_promotionTab.cpp
src/cpp/test/mainTest.cpp: In function ‘int mainTest()’:
src/cpp/test/mainTest.cpp:36:24: warning: ‘template<class> class std::auto_ptr’ is deprecated [-Wdeprecated-declarations]
     testSuite.add(std::auto_ptr < Test::Suite > (new TestHello()));
                        ^~~~~~~~
In file included from /usr/include/c++/7/memory:80:0,
                 from /opt/api/ext/cpptest/200/INC/cpptest-suite.h:33,
                 from /opt/api/ext/cpptest/200/INC/cpptest.h:34,
                 from /opt/api/ext/cpptest/200/INC/extension/CppTest.h:4,
                 from src/cpp/test/mainTest.cpp:4:
/usr/include/c++/7/bits/unique_ptr.h:51:28: note: declared here
   template<typename> class auto_ptr;
                            ^~~~~~~~
src/cpp/test/mainTest.cpp:37:24: warning: ‘template<class> class std::auto_ptr’ is deprecated [-Wdeprecated-declarations]
     testSuite.add(std::auto_ptr < Test::Suite > (new TestPi()));
                        ^~~~~~~~
In file included from /usr/include/c++/7/memory:80:0,
                 from /opt/api/ext/cpptest/200/INC/cpptest-suite.h:33,
                 from /opt/api/ext/cpptest/200/INC/cpptest.h:34,
                 from /opt/api/ext/cpptest/200/INC/extension/CppTest.h:4,
                 from src/cpp/test/mainTest.cpp:4:
/usr/include/c++/7/bits/unique_ptr.h:51:28: note: declared here
   template<typename> class auto_ptr;
                            ^~~~~~~~

[CBI] -> Linking to   : /tmp/ramdrive/bilat/Targets/Student_OMP_bilat/bin/Student_OMP_bilat_gcc_x86_64.run

[CBI] -> Library Link :
[CBI] ->              : -lBilatTools_CPP_305_010_gcc_x86_64
[CBI] ->              : -lBilatTools_OMP_305_010_gcc_x86_64
[CBI] ->              : -lCpp_Test_200_gcc_x86_64
[CBI] ->              : -lgomp

==================================================================================
[CBI] -> Target Name  : Student_OMP_bilat_gcc_x86_64
[CBI] -> Location     : /tmp/ramdrive/bilat/Targets/Student_OMP_bilat/bin/Student_OMP_bilat_gcc_x86_64.run
[CBI] -> Deploy 	  : ../RELEASE/bin
[CBI] ->
[CBI] -> Type	 	  : EXE
[CBI] -> Arch	 	  : x86_64
[CBI] -> OS	 		  : Linux
[CBI] -> User	 	  : bilat
[CBI] ->
[CBI] -> Compilateur  : g++
[CBI] -> Task	      : End Compiling-Linking !
[CBI] -> Time		  : 0 (s)
==================================================================================


[CBI] -> Deploying    : ../RELEASE/bin/Student_OMP_bilat_gcc_x86_64.run

[CBI] -> Symlink Project Inc
[CBI] -> To update code completion : ctrl-shift-s   or   gui/index/rebuild

[CBI] -> Student_OMP_bilat_gcc_x86_64 : End ALL!


11:06:10 Build Finished. 0 errors, 2 warnings. (took 1s.651ms)

